<http://w3id.org/sepses/resource/win-event#LogEntry-3215651c-5658-4d68-8c5e-32c4b94573ca>
        a       <https://w3id.org/sepses/vocab/log/audit#AuditLog> ;
        <https://w3id.org/sepses/vocab/log/coreLog#message>
                "Process smartscreen.exe (PID: 6200) by user LOGCOLLECTOR\\Administrator STARTED" ;
        <https://w3id.org/sepses/vocab/log/coreLog#originatesFrom>
                <http://w3id.org/sepses/resource/host#logcollector> ;
        <https://w3id.org/sepses/vocab/log/coreLog#timestamp>
                "2020-06-30T14:50:24.590Z"^^<http://www.w3.org/2001/XMLSchema#dateTime> ;
        <https://w3id.org/sepses/vocab/log/win-event#eventAction>
                <http://w3id.org/sepses/resource/event/action#process_started> ;
        <https://w3id.org/sepses/vocab/log/win-event#eventCategory>
                <http://w3id.org/sepses/resource/event/action#process> ;
        <https://w3id.org/sepses/vocab/log/win-event#exe>
                "C:\\Windows\\System32\\smartscreen.exe" ;
        <https://w3id.org/sepses/vocab/log/win-event#hasUser>
                <http://w3id.org/sepses/resource/user#LOGCOLLECTOR%5cAdministrator> ;
        <https://w3id.org/sepses/vocab/log/win-event#pid>
                <http://w3id.org/sepses/resource/process/id#6200> ;
        <https://w3id.org/sepses/vocab/log/win-event#ppid>
                <http://w3id.org/sepses/resource/process/id#848> ;
        <https://w3id.org/sepses/vocab/log/win-event#processArgs>
                "C:\\Windows\\System32\\smartscreen.exe" , "-Embedding" ;
        <https://w3id.org/sepses/vocab/log/win-event#processDir>
                "C:\\WINDOWS\\system32" ;
        <https://w3id.org/sepses/vocab/log/win-event#processName>
                <http://w3id.org/sepses/resource/event/process#smartscreen.exe> .

<http://w3id.org/sepses/resource/win-event#LogEntry-49488d2f-a1b5-408d-9a50-0293446cfda8>
        a       <https://w3id.org/sepses/vocab/log/packet#PacketLog> ;
        <https://w3id.org/sepses/vocab/log/coreLog#originatesFrom>
                <http://w3id.org/sepses/resource/host#logcollector> ;
        <https://w3id.org/sepses/vocab/log/coreLog#timestamp>
                "2020-06-30T14:50:10.017Z"^^<http://www.w3.org/2001/XMLSchema#dateTime> ;
        <https://w3id.org/sepses/vocab/log/win-event#destinationIP>
                <http://w3id.org/sepses/resource/host#10.10.30.7> ;
        <https://w3id.org/sepses/vocab/log/win-event#destinationPort>
                <http://w3id.org/sepses/resource/port#5044> ;
        <https://w3id.org/sepses/vocab/log/win-event#eventAction>
                <http://w3id.org/sepses/resource/event/action#network_flow> ;
        <https://w3id.org/sepses/vocab/log/win-event#eventCategory>
                <http://w3id.org/sepses/resource/event/category#network_traffic> ;
        <https://w3id.org/sepses/vocab/log/win-event#eventEnd>
                "2020-06-30T14:50:04.074Z"^^<http://www.w3.org/2001/XMLSchema#dateTime> ;
        <https://w3id.org/sepses/vocab/log/win-event#eventStart>
                "2020-06-30T14:50:04.074Z"^^<http://www.w3.org/2001/XMLSchema#dateTime> ;
        <https://w3id.org/sepses/vocab/log/win-event#networkTransport>
                <http://w3id.org/sepses/resource/network/transport#tcp> ;
        <https://w3id.org/sepses/vocab/log/win-event#networkType>
                <http://w3id.org/sepses/resource/network/type#ipv4> ;
        <https://w3id.org/sepses/vocab/log/win-event#sourceIP>
                <http://w3id.org/sepses/resource/host#10.10.30.6> ;
        <https://w3id.org/sepses/vocab/log/win-event#sourcePort>
                <http://w3id.org/sepses/resource/port#3073> .

<http://w3id.org/sepses/resource/win-event#LogEntry-4af4a4d7-e26b-4c10-932a-f5dba9e4996e>
        a       <https://w3id.org/sepses/vocab/log/win-event#Winlog> ;
        <https://w3id.org/sepses/vocab/log/coreLog#logLevel>
                <http://w3id.org/sepses/resource/loglevel#information> ;
        <https://w3id.org/sepses/vocab/log/coreLog#message>
                "An account was successfully logged on.\n\nSubject:\n\tSecurity ID:\t\tS-1-0-0\n\tAccount Name:\t\t-\n\tAccount Domain:\t\t-\n\tLogon ID:\t\t0x0\n\nLogon Information:\n\tLogon Type:\t\t3\n\tRestricted Admin Mode:\t-\n\tVirtual Account:\t\tNo\n\tElevated Token:\t\tYes\n\nImpersonation Level:\t\tImpersonation\n\nNew Logon:\n\tSecurity ID:\t\tS-1-5-18\n\tAccount Name:\t\tVICTIM-SERVER$\n\tAccount Domain:\t\tSEPSES.LOCAL\n\tLogon ID:\t\t0x4F4AC8C\n\tLinked Logon ID:\t\t0x0\n\tNetwork Account Name:\t-\n\tNetwork Account Domain:\t-\n\tLogon GUID:\t\t{02c9726f-d880-adf6-20cf-88d8df3d793a}\n\nProcess Information:\n\tProcess ID:\t\t0x0\n\tProcess Name:\t\t-\n\nNetwork Information:\n\tWorkstation Name:\t-\n\tSource Network Address:\t127.0.0.1\n\tSource Port:\t\t52789\n\nDetailed Authentication Information:\n\tLogon Process:\t\tKerberos\n\tAuthentication Package:\tKerberos\n\tTransited Services:\t-\n\tPackage Name (NTLM only):\t-\n\tKey Length:\t\t0\n\nThis event is generated when a logon session is created. It is generated on the computer that was accessed.\n\nThe subject fields indicate the account on the local system which requested the logon. This is most commonly a service such as the Server service, or a local process such as Winlogon.exe or Services.exe.\n\nThe logon type field indicates the kind of logon that occurred. The most common types are 2 (interactive) and 3 (network).\n\nThe New Logon fields indicate the account for whom the new logon was created, i.e. the account that was logged on.\n\nThe network fields indicate where a remote logon request originated. Workstation name is not always available and may be left blank in some cases.\n\nThe impersonation level field indicates the extent to which a process in the logon session can impersonate.\n\nThe authentication information fields provide detailed information about this specific logon request.\n\t- Logon GUID is a unique identifier that can be used to correlate this event with a KDC event.\n\t- Transited services indicate which intermediate services have participated in this logon request.\n\t- Package name indicates which sub-protocol was used among the NTLM protocols.\n\t- Key length indicates the length of the generated session key. This will be 0 if no session key was requested." ;
        <https://w3id.org/sepses/vocab/log/coreLog#originatesFrom>
                <http://w3id.org/sepses/resource/host#victim-server> ;
        <https://w3id.org/sepses/vocab/log/coreLog#timestamp>
                "2020-06-30T21:36:10.807Z"^^<http://www.w3.org/2001/XMLSchema#dateTime> ;
        <https://w3id.org/sepses/vocab/log/win-event#eventAction>
                <http://w3id.org/sepses/resource/event/action#logged-in> ;
        <https://w3id.org/sepses/vocab/log/win-event#eventChannel>
                <http://w3id.org/sepses/resource/event/channel#Security> ;
        <https://w3id.org/sepses/vocab/log/win-event#eventId>
                <http://w3id.org/sepses/resource/event/id#4624> ;
        <https://w3id.org/sepses/vocab/log/win-event#eventProvider>
                <http://w3id.org/sepses/resource/event/provider#Microsoft-Windows-Security-Auditing> ;
        <https://w3id.org/sepses/vocab/log/win-event#hasUser>
                <http://w3id.org/sepses/resource/user#-> ;
        <https://w3id.org/sepses/vocab/log/win-event#pid>
                <http://w3id.org/sepses/resource/process/id#628> .

<http://w3id.org/sepses/resource/win-event#LogEntry-41026112-b80a-431d-a528-eb6545b5bffd>
        a       <https://w3id.org/sepses/vocab/log/win-event#Winlog> ;
        <https://w3id.org/sepses/vocab/log/coreLog#logLevel>
                <http://w3id.org/sepses/resource/loglevel#information> ;
        <https://w3id.org/sepses/vocab/log/coreLog#message>
                "A security-enabled local group membership was enumerated.\n\nSubject:\n\tSecurity ID:\t\tS-1-5-21-1181416786-3707116272-498999069-500\n\tAccount Name:\t\tAdministrator\n\tAccount Domain:\t\tVICTIM-W2\n\tLogon ID:\t\t0x46B72\n\nGroup:\n\tSecurity ID:\t\tS-1-5-32-544\n\tGroup Name:\t\tAdministrators\n\tGroup Domain:\t\tBuiltin\n\nProcess Information:\n\tProcess ID:\t\t0x2178\n\tProcess Name:\t\tC:\\Windows\\ImmersiveControlPanel\\SystemSettings.exe" ;
        <https://w3id.org/sepses/vocab/log/coreLog#originatesFrom>
                <http://w3id.org/sepses/resource/host#victim-w2> ;
        <https://w3id.org/sepses/vocab/log/coreLog#timestamp>
                "2020-06-30T21:51:58.857Z"^^<http://www.w3.org/2001/XMLSchema#dateTime> ;
        <https://w3id.org/sepses/vocab/log/win-event#eventAction>
                <http://w3id.org/sepses/resource/event/action#user-member-enumerated> ;
        <https://w3id.org/sepses/vocab/log/win-event#eventChannel>
                <http://w3id.org/sepses/resource/event/channel#Security> ;
        <https://w3id.org/sepses/vocab/log/win-event#eventId>
                <http://w3id.org/sepses/resource/event/id#4799> ;
        <https://w3id.org/sepses/vocab/log/win-event#eventProvider>
                <http://w3id.org/sepses/resource/event/provider#Microsoft-Windows-Security-Auditing> ;
        <https://w3id.org/sepses/vocab/log/win-event#hasUser>
                <http://w3id.org/sepses/resource/user#Administrator> ;
        <https://w3id.org/sepses/vocab/log/win-event#pid>
                <http://w3id.org/sepses/resource/process/id#680> .

<http://w3id.org/sepses/resource/win-event#LogEntry-4e8c25bc-a1be-4b4c-9d27-deb1a09bcaf3>
        a       <https://w3id.org/sepses/vocab/log/packet#PacketLog> ;
        <https://w3id.org/sepses/vocab/log/coreLog#originatesFrom>
                <http://w3id.org/sepses/resource/host#logcollector> ;
        <https://w3id.org/sepses/vocab/log/coreLog#timestamp>
                "2020-06-30T14:48:20.003Z"^^<http://www.w3.org/2001/XMLSchema#dateTime> ;
        <https://w3id.org/sepses/vocab/log/win-event#destinationIP>
                <http://w3id.org/sepses/resource/host#10.10.30.7> ;
        <https://w3id.org/sepses/vocab/log/win-event#destinationPort>
                <http://w3id.org/sepses/resource/port#5044> ;
        <https://w3id.org/sepses/vocab/log/win-event#eventAction>
                <http://w3id.org/sepses/resource/event/action#network_flow> ;
        <https://w3id.org/sepses/vocab/log/win-event#eventCategory>
                <http://w3id.org/sepses/resource/event/category#network_traffic> ;
        <https://w3id.org/sepses/vocab/log/win-event#eventEnd>
                "2020-06-30T14:47:40.040Z"^^<http://www.w3.org/2001/XMLSchema#dateTime> ;
        <https://w3id.org/sepses/vocab/log/win-event#eventStart>
                "2020-06-30T14:47:40.040Z"^^<http://www.w3.org/2001/XMLSchema#dateTime> ;
        <https://w3id.org/sepses/vocab/log/win-event#networkTransport>
                <http://w3id.org/sepses/resource/network/transport#tcp> ;
        <https://w3id.org/sepses/vocab/log/win-event#networkType>
                <http://w3id.org/sepses/resource/network/type#ipv4> ;
        <https://w3id.org/sepses/vocab/log/win-event#sourceIP>
                <http://w3id.org/sepses/resource/host#10.10.30.5> ;
        <https://w3id.org/sepses/vocab/log/win-event#sourcePort>
                <http://w3id.org/sepses/resource/port#49957> .

<http://w3id.org/sepses/resource/win-event#LogEntry-e8e84dd9-6af9-4a28-8137-c73b7300ac3a>
        a       <https://w3id.org/sepses/vocab/log/win-event#Winlog> ;
        <https://w3id.org/sepses/vocab/log/coreLog#logLevel>
                <http://w3id.org/sepses/resource/loglevel#information> ;
        <https://w3id.org/sepses/vocab/log/coreLog#message>
                "Special privileges assigned to new logon.\n\nSubject:\n\tSecurity ID:\t\tS-1-5-21-1926381507-2378294993-2946937962-500\n\tAccount Name:\t\tAdministrator\n\tAccount Domain:\t\tSEPSES\n\tLogon ID:\t\t0x4FB82AA\n\nPrivileges:\t\tSeSecurityPrivilege\n\t\t\tSeBackupPrivilege\n\t\t\tSeRestorePrivilege\n\t\t\tSeTakeOwnershipPrivilege\n\t\t\tSeDebugPrivilege\n\t\t\tSeSystemEnvironmentPrivilege\n\t\t\tSeLoadDriverPrivilege\n\t\t\tSeImpersonatePrivilege\n\t\t\tSeDelegateSessionUserImpersonatePrivilege\n\t\t\tSeEnableDelegationPrivilege" ;
        <https://w3id.org/sepses/vocab/log/coreLog#originatesFrom>
                <http://w3id.org/sepses/resource/host#victim-server> ;
        <https://w3id.org/sepses/vocab/log/coreLog#timestamp>
                "2020-06-30T21:51:41.546Z"^^<http://www.w3.org/2001/XMLSchema#dateTime> ;
        <https://w3id.org/sepses/vocab/log/win-event#eventAction>
                <http://w3id.org/sepses/resource/event/action#logged-in-special> ;
        <https://w3id.org/sepses/vocab/log/win-event#eventChannel>
                <http://w3id.org/sepses/resource/event/channel#Security> ;
        <https://w3id.org/sepses/vocab/log/win-event#eventId>
                <http://w3id.org/sepses/resource/event/id#4672> ;
        <https://w3id.org/sepses/vocab/log/win-event#eventProvider>
                <http://w3id.org/sepses/resource/event/provider#Microsoft-Windows-Security-Auditing> ;
        <https://w3id.org/sepses/vocab/log/win-event#hasUser>
                <http://w3id.org/sepses/resource/user#Administrator> ;
        <https://w3id.org/sepses/vocab/log/win-event#pid>
                <http://w3id.org/sepses/resource/process/id#628> .

<http://w3id.org/sepses/resource/win-event#LogEntry-1b22342c-38bd-4d0d-8287-f7b13f7d75d2>
        a       <https://w3id.org/sepses/vocab/log/audit#AuditLog> ;
        <https://w3id.org/sepses/vocab/log/coreLog#message>
                "Process svchost.exe (PID: 9700) STOPPED" ;
        <https://w3id.org/sepses/vocab/log/coreLog#originatesFrom>
                <http://w3id.org/sepses/resource/host#victim-w2> ;
        <https://w3id.org/sepses/vocab/log/coreLog#timestamp>
                "2020-06-30T21:50:03.129Z"^^<http://www.w3.org/2001/XMLSchema#dateTime> ;
        <https://w3id.org/sepses/vocab/log/win-event#eventAction>
                <http://w3id.org/sepses/resource/event/action#process_stopped> ;
        <https://w3id.org/sepses/vocab/log/win-event#eventCategory>
                <http://w3id.org/sepses/resource/event/action#process> ;
        <https://w3id.org/sepses/vocab/log/win-event#exe>
                "C:\\Windows\\System32\\svchost.exe" ;
        <https://w3id.org/sepses/vocab/log/win-event#pid>
                <http://w3id.org/sepses/resource/process/id#9700> ;
        <https://w3id.org/sepses/vocab/log/win-event#ppid>
                <http://w3id.org/sepses/resource/process/id#668> ;
        <https://w3id.org/sepses/vocab/log/win-event#processDir>
                "" ;
        <https://w3id.org/sepses/vocab/log/win-event#processName>
                <http://w3id.org/sepses/resource/event/process#svchost.exe> .

<http://w3id.org/sepses/resource/win-event#LogEntry-e519f637-6f1a-4f2a-8338-6fd9b2a6ea78>
        a       <https://w3id.org/sepses/vocab/log/packet#PacketLog> ;
        <https://w3id.org/sepses/vocab/log/coreLog#originatesFrom>
                <http://w3id.org/sepses/resource/host#logcollector> ;
        <https://w3id.org/sepses/vocab/log/coreLog#timestamp>
                "2020-06-30T14:55:20.006Z"^^<http://www.w3.org/2001/XMLSchema#dateTime> ;
        <https://w3id.org/sepses/vocab/log/win-event#destinationIP>
                <http://w3id.org/sepses/resource/host#224.0.0.252> ;
        <https://w3id.org/sepses/vocab/log/win-event#destinationPort>
                <http://w3id.org/sepses/resource/port#5355> ;
        <https://w3id.org/sepses/vocab/log/win-event#eventAction>
                <http://w3id.org/sepses/resource/event/action#network_flow> ;
        <https://w3id.org/sepses/vocab/log/win-event#eventCategory>
                <http://w3id.org/sepses/resource/event/category#network_traffic> ;
        <https://w3id.org/sepses/vocab/log/win-event#eventEnd>
                "2020-06-30T14:54:53.209Z"^^<http://www.w3.org/2001/XMLSchema#dateTime> ;
        <https://w3id.org/sepses/vocab/log/win-event#eventStart>
                "2020-06-30T14:54:53.209Z"^^<http://www.w3.org/2001/XMLSchema#dateTime> ;
        <https://w3id.org/sepses/vocab/log/win-event#networkTransport>
                <http://w3id.org/sepses/resource/network/transport#udp> ;
        <https://w3id.org/sepses/vocab/log/win-event#networkType>
                <http://w3id.org/sepses/resource/network/type#ipv4> ;
        <https://w3id.org/sepses/vocab/log/win-event#sourceIP>
                <http://w3id.org/sepses/resource/host#10.10.30.7> ;
        <https://w3id.org/sepses/vocab/log/win-event#sourcePort>
                <http://w3id.org/sepses/resource/port#54474> .

<http://w3id.org/sepses/resource/win-event#LogEntry-ad617f37-3716-460e-b79c-06367f074e54>
        a       <https://w3id.org/sepses/vocab/log/packet#PacketLog> ;
        <https://w3id.org/sepses/vocab/log/coreLog#originatesFrom>
                <http://w3id.org/sepses/resource/host#logcollector> ;
        <https://w3id.org/sepses/vocab/log/coreLog#timestamp>
                "2020-06-30T14:52:00.008Z"^^<http://www.w3.org/2001/XMLSchema#dateTime> ;
        <https://w3id.org/sepses/vocab/log/win-event#destinationIP>
                <http://w3id.org/sepses/resource/host#51.105.249.223> ;
        <https://w3id.org/sepses/vocab/log/win-event#destinationPort>
                <http://w3id.org/sepses/resource/port#443> ;
        <https://w3id.org/sepses/vocab/log/win-event#eventAction>
                <http://w3id.org/sepses/resource/event/action#network_flow> ;
        <https://w3id.org/sepses/vocab/log/win-event#eventCategory>
                <http://w3id.org/sepses/resource/event/category#network_traffic> ;
        <https://w3id.org/sepses/vocab/log/win-event#eventEnd>
                "2020-06-30T14:51:16.051Z"^^<http://www.w3.org/2001/XMLSchema#dateTime> ;
        <https://w3id.org/sepses/vocab/log/win-event#eventStart>
                "2020-06-30T14:51:16.051Z"^^<http://www.w3.org/2001/XMLSchema#dateTime> ;
        <https://w3id.org/sepses/vocab/log/win-event#networkTransport>
                <http://w3id.org/sepses/resource/network/transport#tcp> ;
        <https://w3id.org/sepses/vocab/log/win-event#networkType>
                <http://w3id.org/sepses/resource/network/type#ipv4> ;
        <https://w3id.org/sepses/vocab/log/win-event#sourceIP>
                <http://w3id.org/sepses/resource/host#10.10.30.7> ;
        <https://w3id.org/sepses/vocab/log/win-event#sourcePort>
                <http://w3id.org/sepses/resource/port#49709> .

<http://w3id.org/sepses/resource/win-event#LogEntry-ffee2b1f-520e-4e27-9de2-e5a7d0d16be5>
        a       <https://w3id.org/sepses/vocab/log/packet#PacketLog> ;
        <https://w3id.org/sepses/vocab/log/coreLog#originatesFrom>
                <http://w3id.org/sepses/resource/host#logcollector> ;
        <https://w3id.org/sepses/vocab/log/coreLog#timestamp>
                "2020-06-30T14:52:00.008Z"^^<http://www.w3.org/2001/XMLSchema#dateTime> ;
        <https://w3id.org/sepses/vocab/log/win-event#destinationIP>
                <http://w3id.org/sepses/resource/host#10.10.30.5> ;
        <https://w3id.org/sepses/vocab/log/win-event#destinationPort>
                <http://w3id.org/sepses/resource/port#5044> ;
        <https://w3id.org/sepses/vocab/log/win-event#eventAction>
                <http://w3id.org/sepses/resource/event/action#network_flow> ;
        <https://w3id.org/sepses/vocab/log/win-event#eventCategory>
                <http://w3id.org/sepses/resource/event/category#network_traffic> ;
        <https://w3id.org/sepses/vocab/log/win-event#eventEnd>
                "2020-06-30T14:47:57.415Z"^^<http://www.w3.org/2001/XMLSchema#dateTime> ;
        <https://w3id.org/sepses/vocab/log/win-event#eventStart>
                "2020-06-30T14:47:57.415Z"^^<http://www.w3.org/2001/XMLSchema#dateTime> ;
        <https://w3id.org/sepses/vocab/log/win-event#networkTransport>
                <http://w3id.org/sepses/resource/network/transport#tcp> ;
        <https://w3id.org/sepses/vocab/log/win-event#networkType>
                <http://w3id.org/sepses/resource/network/type#ipv4> ;
        <https://w3id.org/sepses/vocab/log/win-event#sourceIP>
                <http://w3id.org/sepses/resource/host#10.10.30.7> ;
        <https://w3id.org/sepses/vocab/log/win-event#sourcePort>
                <http://w3id.org/sepses/resource/port#49776> .

<http://w3id.org/sepses/resource/win-event#LogEntry-56f5dd62-5abc-4157-b6ff-2300faf05130>
        a       <https://w3id.org/sepses/vocab/log/packet#PacketLog> ;
        <https://w3id.org/sepses/vocab/log/coreLog#originatesFrom>
                <http://w3id.org/sepses/resource/host#logcollector> ;
        <https://w3id.org/sepses/vocab/log/coreLog#timestamp>
                "2020-06-30T14:50:10.017Z"^^<http://www.w3.org/2001/XMLSchema#dateTime> ;
        <https://w3id.org/sepses/vocab/log/win-event#destinationIP>
                <http://w3id.org/sepses/resource/host#10.10.30.7> ;
        <https://w3id.org/sepses/vocab/log/win-event#destinationPort>
                <http://w3id.org/sepses/resource/port#5044> ;
        <https://w3id.org/sepses/vocab/log/win-event#eventAction>
                <http://w3id.org/sepses/resource/event/action#network_flow> ;
        <https://w3id.org/sepses/vocab/log/win-event#eventCategory>
                <http://w3id.org/sepses/resource/event/category#network_traffic> ;
        <https://w3id.org/sepses/vocab/log/win-event#eventEnd>
                "2020-06-30T14:50:05.093Z"^^<http://www.w3.org/2001/XMLSchema#dateTime> ;
        <https://w3id.org/sepses/vocab/log/win-event#eventStart>
                "2020-06-30T14:50:05.093Z"^^<http://www.w3.org/2001/XMLSchema#dateTime> ;
        <https://w3id.org/sepses/vocab/log/win-event#networkTransport>
                <http://w3id.org/sepses/resource/network/transport#tcp> ;
        <https://w3id.org/sepses/vocab/log/win-event#networkType>
                <http://w3id.org/sepses/resource/network/type#ipv4> ;
        <https://w3id.org/sepses/vocab/log/win-event#sourceIP>
                <http://w3id.org/sepses/resource/host#10.10.30.5> ;
        <https://w3id.org/sepses/vocab/log/win-event#sourcePort>
                <http://w3id.org/sepses/resource/port#49983> .

<http://w3id.org/sepses/resource/win-event#LogEntry-a1bcf5e0-c1da-41d6-a0ec-1757630ebaa7>
        a       <https://w3id.org/sepses/vocab/log/win-event#Winlog> ;
        <https://w3id.org/sepses/vocab/log/coreLog#logLevel>
                <http://w3id.org/sepses/resource/loglevel#information> ;
        <https://w3id.org/sepses/vocab/log/coreLog#message>
                "An account was logged off.\n\nSubject:\n\tSecurity ID:\t\tS-1-5-18\n\tAccount Name:\t\tVICTIM-SERVER$\n\tAccount Domain:\t\tSEPSES\n\tLogon ID:\t\t0x4FAC7E0\n\nLogon Type:\t\t\t3\n\nThis event is generated when a logon session is destroyed. It may be positively correlated with a logon event using the Logon ID value. Logon IDs are only unique between reboots on the same computer." ;
        <https://w3id.org/sepses/vocab/log/coreLog#originatesFrom>
                <http://w3id.org/sepses/resource/host#victim-server> ;
        <https://w3id.org/sepses/vocab/log/coreLog#timestamp>
                "2020-06-30T21:50:06.684Z"^^<http://www.w3.org/2001/XMLSchema#dateTime> ;
        <https://w3id.org/sepses/vocab/log/win-event#eventAction>
                <http://w3id.org/sepses/resource/event/action#logged-out> ;
        <https://w3id.org/sepses/vocab/log/win-event#eventChannel>
                <http://w3id.org/sepses/resource/event/channel#Security> ;
        <https://w3id.org/sepses/vocab/log/win-event#eventId>
                <http://w3id.org/sepses/resource/event/id#4634> ;
        <https://w3id.org/sepses/vocab/log/win-event#eventProvider>
                <http://w3id.org/sepses/resource/event/provider#Microsoft-Windows-Security-Auditing> ;
        <https://w3id.org/sepses/vocab/log/win-event#pid>
                <http://w3id.org/sepses/resource/process/id#628> .

<http://w3id.org/sepses/resource/win-event#LogEntry-cb85ead7-8f85-4f13-be36-1d882645f490>
        a       <https://w3id.org/sepses/vocab/log/win-event#Winlog> ;
        <https://w3id.org/sepses/vocab/log/coreLog#logLevel>
                <http://w3id.org/sepses/resource/loglevel#information> ;
        <https://w3id.org/sepses/vocab/log/coreLog#message>
                "A user's local group membership was enumerated.\n\nSubject:\n\tSecurity ID:\t\tS-1-5-21-1181416786-3707116272-498999069-500\n\tAccount Name:\t\tAdministrator\n\tAccount Domain:\t\tVICTIM-W2\n\tLogon ID:\t\t0x46B72\n\nUser:\n\tSecurity ID:\t\tS-1-5-21-1181416786-3707116272-498999069-501\n\tAccount Name:\t\tGuest\n\tAccount Domain:\t\tVICTIM-W2\n\nProcess Information:\n\tProcess ID:\t\t0x2178\n\tProcess Name:\t\tC:\\Windows\\ImmersiveControlPanel\\SystemSettings.exe" ;
        <https://w3id.org/sepses/vocab/log/coreLog#originatesFrom>
                <http://w3id.org/sepses/resource/host#victim-w2> ;
        <https://w3id.org/sepses/vocab/log/coreLog#timestamp>
                "2020-06-30T21:51:57.138Z"^^<http://www.w3.org/2001/XMLSchema#dateTime> ;
        <https://w3id.org/sepses/vocab/log/win-event#eventAction>
                <http://w3id.org/sepses/resource/event/action#group-membership-enumerated> ;
        <https://w3id.org/sepses/vocab/log/win-event#eventChannel>
                <http://w3id.org/sepses/resource/event/channel#Security> ;
        <https://w3id.org/sepses/vocab/log/win-event#eventId>
                <http://w3id.org/sepses/resource/event/id#4798> ;
        <https://w3id.org/sepses/vocab/log/win-event#eventProvider>
                <http://w3id.org/sepses/resource/event/provider#Microsoft-Windows-Security-Auditing> ;
        <https://w3id.org/sepses/vocab/log/win-event#hasUser>
                <http://w3id.org/sepses/resource/user#Administrator> ;
        <https://w3id.org/sepses/vocab/log/win-event#pid>
                <http://w3id.org/sepses/resource/process/id#680> .

