<http://w3id.org/sepses/resource/win-event#LogEntry-642663f5-ccb5-4156-a1c0-b415a6d1c8ff>
        a       <https://w3id.org/sepses/vocab/log/packet#PacketLog> ;
        <https://w3id.org/sepses/vocab/log/coreLog#originatesFrom>
                <http://w3id.org/sepses/resource/host#logcollector> ;
        <https://w3id.org/sepses/vocab/log/coreLog#timestamp>
                "2020-06-30T14:55:10.002Z"^^<http://www.w3.org/2001/XMLSchema#dateTime> ;
        <https://w3id.org/sepses/vocab/log/win-event#destinationIP>
                <http://w3id.org/sepses/resource/host#10.10.30.5> ;
        <https://w3id.org/sepses/vocab/log/win-event#destinationPort>
                <http://w3id.org/sepses/resource/port#5044> ;
        <https://w3id.org/sepses/vocab/log/win-event#eventAction>
                <http://w3id.org/sepses/resource/event/action#network_flow> ;
        <https://w3id.org/sepses/vocab/log/win-event#eventCategory>
                <http://w3id.org/sepses/resource/event/category#network_traffic> ;
        <https://w3id.org/sepses/vocab/log/win-event#eventEnd>
                "2020-06-30T14:47:57.415Z"^^<http://www.w3.org/2001/XMLSchema#dateTime> ;
        <https://w3id.org/sepses/vocab/log/win-event#eventStart>
                "2020-06-30T14:47:57.415Z"^^<http://www.w3.org/2001/XMLSchema#dateTime> ;
        <https://w3id.org/sepses/vocab/log/win-event#networkTransport>
                <http://w3id.org/sepses/resource/network/transport#tcp> ;
        <https://w3id.org/sepses/vocab/log/win-event#networkType>
                <http://w3id.org/sepses/resource/network/type#ipv4> ;
        <https://w3id.org/sepses/vocab/log/win-event#sourceIP>
                <http://w3id.org/sepses/resource/host#10.10.30.7> ;
        <https://w3id.org/sepses/vocab/log/win-event#sourcePort>
                <http://w3id.org/sepses/resource/port#49776> .

<http://w3id.org/sepses/resource/win-event#LogEntry-39897e34-8372-4b0d-8612-386e0731ef6a>
        a       <https://w3id.org/sepses/vocab/log/packet#PacketLog> ;
        <https://w3id.org/sepses/vocab/log/coreLog#originatesFrom>
                <http://w3id.org/sepses/resource/host#logcollector> ;
        <https://w3id.org/sepses/vocab/log/coreLog#timestamp>
                "2020-06-30T14:53:30.006Z"^^<http://www.w3.org/2001/XMLSchema#dateTime> ;
        <https://w3id.org/sepses/vocab/log/win-event#destinationIP>
                <http://w3id.org/sepses/resource/host#10.10.30.5> ;
        <https://w3id.org/sepses/vocab/log/win-event#destinationPort>
                <http://w3id.org/sepses/resource/port#5044> ;
        <https://w3id.org/sepses/vocab/log/win-event#eventAction>
                <http://w3id.org/sepses/resource/event/action#network_flow> ;
        <https://w3id.org/sepses/vocab/log/win-event#eventCategory>
                <http://w3id.org/sepses/resource/event/category#network_traffic> ;
        <https://w3id.org/sepses/vocab/log/win-event#eventEnd>
                "2020-06-30T14:52:04.082Z"^^<http://www.w3.org/2001/XMLSchema#dateTime> ;
        <https://w3id.org/sepses/vocab/log/win-event#eventStart>
                "2020-06-30T14:52:04.082Z"^^<http://www.w3.org/2001/XMLSchema#dateTime> ;
        <https://w3id.org/sepses/vocab/log/win-event#networkTransport>
                <http://w3id.org/sepses/resource/network/transport#tcp> ;
        <https://w3id.org/sepses/vocab/log/win-event#networkType>
                <http://w3id.org/sepses/resource/network/type#ipv4> ;
        <https://w3id.org/sepses/vocab/log/win-event#sourceIP>
                <http://w3id.org/sepses/resource/host#10.10.30.7> ;
        <https://w3id.org/sepses/vocab/log/win-event#sourcePort>
                <http://w3id.org/sepses/resource/port#49787> .

<http://w3id.org/sepses/resource/win-event#LogEntry-0567172c-b935-48fd-bc67-bd436e52cd92>
        a       <https://w3id.org/sepses/vocab/log/packet#PacketLog> ;
        <https://w3id.org/sepses/vocab/log/coreLog#originatesFrom>
                <http://w3id.org/sepses/resource/host#logcollector> ;
        <https://w3id.org/sepses/vocab/log/coreLog#timestamp>
                "2020-06-30T14:53:10.003Z"^^<http://www.w3.org/2001/XMLSchema#dateTime> ;
        <https://w3id.org/sepses/vocab/log/win-event#destinationIP>
                <http://w3id.org/sepses/resource/host#40.90.18.168> ;
        <https://w3id.org/sepses/vocab/log/win-event#destinationPort>
                <http://w3id.org/sepses/resource/port#443> ;
        <https://w3id.org/sepses/vocab/log/win-event#eventAction>
                <http://w3id.org/sepses/resource/event/action#network_flow> ;
        <https://w3id.org/sepses/vocab/log/win-event#eventCategory>
                <http://w3id.org/sepses/resource/event/category#network_traffic> ;
        <https://w3id.org/sepses/vocab/log/win-event#eventEnd>
                "2020-06-30T14:52:53.783Z"^^<http://www.w3.org/2001/XMLSchema#dateTime> ;
        <https://w3id.org/sepses/vocab/log/win-event#eventStart>
                "2020-06-30T14:52:53.783Z"^^<http://www.w3.org/2001/XMLSchema#dateTime> ;
        <https://w3id.org/sepses/vocab/log/win-event#networkTransport>
                <http://w3id.org/sepses/resource/network/transport#tcp> ;
        <https://w3id.org/sepses/vocab/log/win-event#networkType>
                <http://w3id.org/sepses/resource/network/type#ipv4> ;
        <https://w3id.org/sepses/vocab/log/win-event#sourceIP>
                <http://w3id.org/sepses/resource/host#10.10.30.7> ;
        <https://w3id.org/sepses/vocab/log/win-event#sourcePort>
                <http://w3id.org/sepses/resource/port#49794> .

<http://w3id.org/sepses/resource/win-event#LogEntry-1c395b65-8315-4505-934b-cd270e1a3d70>
        a       <https://w3id.org/sepses/vocab/log/packet#PacketLog> ;
        <https://w3id.org/sepses/vocab/log/coreLog#originatesFrom>
                <http://w3id.org/sepses/resource/host#logcollector> ;
        <https://w3id.org/sepses/vocab/log/coreLog#timestamp>
                "2020-06-30T14:48:30.001Z"^^<http://www.w3.org/2001/XMLSchema#dateTime> ;
        <https://w3id.org/sepses/vocab/log/win-event#destinationIP>
                <http://w3id.org/sepses/resource/host#10.10.30.7> ;
        <https://w3id.org/sepses/vocab/log/win-event#destinationPort>
                <http://w3id.org/sepses/resource/port#5044> ;
        <https://w3id.org/sepses/vocab/log/win-event#eventAction>
                <http://w3id.org/sepses/resource/event/action#network_flow> ;
        <https://w3id.org/sepses/vocab/log/win-event#eventCategory>
                <http://w3id.org/sepses/resource/event/category#network_traffic> ;
        <https://w3id.org/sepses/vocab/log/win-event#eventEnd>
                "2020-06-30T14:47:40.548Z"^^<http://www.w3.org/2001/XMLSchema#dateTime> ;
        <https://w3id.org/sepses/vocab/log/win-event#eventStart>
                "2020-06-30T14:47:40.548Z"^^<http://www.w3.org/2001/XMLSchema#dateTime> ;
        <https://w3id.org/sepses/vocab/log/win-event#networkTransport>
                <http://w3id.org/sepses/resource/network/transport#tcp> ;
        <https://w3id.org/sepses/vocab/log/win-event#networkType>
                <http://w3id.org/sepses/resource/network/type#ipv4> ;
        <https://w3id.org/sepses/vocab/log/win-event#sourceIP>
                <http://w3id.org/sepses/resource/host#10.10.30.6> ;
        <https://w3id.org/sepses/vocab/log/win-event#sourcePort>
                <http://w3id.org/sepses/resource/port#3069> .

<http://w3id.org/sepses/resource/win-event#LogEntry-7a9c4369-09c3-4a84-a063-9bc6af3cc5bb>
        a       <https://w3id.org/sepses/vocab/log/packet#PacketLog> ;
        <https://w3id.org/sepses/vocab/log/coreLog#originatesFrom>
                <http://w3id.org/sepses/resource/host#logcollector> ;
        <https://w3id.org/sepses/vocab/log/coreLog#timestamp>
                "2020-06-30T14:52:01.507Z"^^<http://www.w3.org/2001/XMLSchema#dateTime> ;
        <https://w3id.org/sepses/vocab/log/win-event#destinationIP>
                <http://w3id.org/sepses/resource/host#52.155.169.137> ;
        <https://w3id.org/sepses/vocab/log/win-event#destinationPort>
                <http://w3id.org/sepses/resource/port#443> ;
        <https://w3id.org/sepses/vocab/log/win-event#eventCategory>
                <http://w3id.org/sepses/resource/event/category#network_traffic> ;
        <https://w3id.org/sepses/vocab/log/win-event#eventEnd>
                "2020-06-30T14:52:01.507Z"^^<http://www.w3.org/2001/XMLSchema#dateTime> ;
        <https://w3id.org/sepses/vocab/log/win-event#eventStart>
                "2020-06-30T14:52:01.507Z"^^<http://www.w3.org/2001/XMLSchema#dateTime> ;
        <https://w3id.org/sepses/vocab/log/win-event#networkProtocol>
                <http://w3id.org/sepses/resource/network/transport#tls> ;
        <https://w3id.org/sepses/vocab/log/win-event#networkTransport>
                <http://w3id.org/sepses/resource/network/transport#tcp> ;
        <https://w3id.org/sepses/vocab/log/win-event#networkType>
                <http://w3id.org/sepses/resource/network/type#ipv4> ;
        <https://w3id.org/sepses/vocab/log/win-event#sourceIP>
                <http://w3id.org/sepses/resource/host#10.10.30.7> ;
        <https://w3id.org/sepses/vocab/log/win-event#sourcePort>
                <http://w3id.org/sepses/resource/port#49786> .

<http://w3id.org/sepses/resource/win-event#LogEntry-84725a5c-143e-4501-a005-037c07caa647>
        a       <https://w3id.org/sepses/vocab/log/packet#PacketLog> ;
        <https://w3id.org/sepses/vocab/log/coreLog#originatesFrom>
                <http://w3id.org/sepses/resource/host#logcollector> ;
        <https://w3id.org/sepses/vocab/log/coreLog#timestamp>
                "2020-06-30T14:49:00.003Z"^^<http://www.w3.org/2001/XMLSchema#dateTime> ;
        <https://w3id.org/sepses/vocab/log/win-event#destinationIP>
                <http://w3id.org/sepses/resource/host#10.10.30.5> ;
        <https://w3id.org/sepses/vocab/log/win-event#destinationPort>
                <http://w3id.org/sepses/resource/port#5044> ;
        <https://w3id.org/sepses/vocab/log/win-event#eventAction>
                <http://w3id.org/sepses/resource/event/action#network_flow> ;
        <https://w3id.org/sepses/vocab/log/win-event#eventCategory>
                <http://w3id.org/sepses/resource/event/category#network_traffic> ;
        <https://w3id.org/sepses/vocab/log/win-event#eventEnd>
                "2020-06-30T14:47:56.765Z"^^<http://www.w3.org/2001/XMLSchema#dateTime> ;
        <https://w3id.org/sepses/vocab/log/win-event#eventStart>
                "2020-06-30T14:47:56.765Z"^^<http://www.w3.org/2001/XMLSchema#dateTime> ;
        <https://w3id.org/sepses/vocab/log/win-event#networkTransport>
                <http://w3id.org/sepses/resource/network/transport#tcp> ;
        <https://w3id.org/sepses/vocab/log/win-event#networkType>
                <http://w3id.org/sepses/resource/network/type#ipv4> ;
        <https://w3id.org/sepses/vocab/log/win-event#sourceIP>
                <http://w3id.org/sepses/resource/host#10.10.30.7> ;
        <https://w3id.org/sepses/vocab/log/win-event#sourcePort>
                <http://w3id.org/sepses/resource/port#49775> .

<http://w3id.org/sepses/resource/win-event#LogEntry-faa403f7-63e9-496b-914e-a3aef27e4431>
        a       <https://w3id.org/sepses/vocab/log/packet#PacketLog> ;
        <https://w3id.org/sepses/vocab/log/coreLog#originatesFrom>
                <http://w3id.org/sepses/resource/host#logcollector> ;
        <https://w3id.org/sepses/vocab/log/coreLog#timestamp>
                "2020-06-30T14:49:10.009Z"^^<http://www.w3.org/2001/XMLSchema#dateTime> ;
        <https://w3id.org/sepses/vocab/log/win-event#destinationIP>
                <http://w3id.org/sepses/resource/host#10.10.30.5> ;
        <https://w3id.org/sepses/vocab/log/win-event#destinationPort>
                <http://w3id.org/sepses/resource/port#5044> ;
        <https://w3id.org/sepses/vocab/log/win-event#eventAction>
                <http://w3id.org/sepses/resource/event/action#network_flow> ;
        <https://w3id.org/sepses/vocab/log/win-event#eventCategory>
                <http://w3id.org/sepses/resource/event/category#network_traffic> ;
        <https://w3id.org/sepses/vocab/log/win-event#eventEnd>
                "2020-06-30T14:47:57.415Z"^^<http://www.w3.org/2001/XMLSchema#dateTime> ;
        <https://w3id.org/sepses/vocab/log/win-event#eventStart>
                "2020-06-30T14:47:57.415Z"^^<http://www.w3.org/2001/XMLSchema#dateTime> ;
        <https://w3id.org/sepses/vocab/log/win-event#networkTransport>
                <http://w3id.org/sepses/resource/network/transport#tcp> ;
        <https://w3id.org/sepses/vocab/log/win-event#networkType>
                <http://w3id.org/sepses/resource/network/type#ipv4> ;
        <https://w3id.org/sepses/vocab/log/win-event#sourceIP>
                <http://w3id.org/sepses/resource/host#10.10.30.7> ;
        <https://w3id.org/sepses/vocab/log/win-event#sourcePort>
                <http://w3id.org/sepses/resource/port#49776> .

<http://w3id.org/sepses/resource/win-event#LogEntry-9f02413e-72fc-4a4b-abea-7365a6b6b592>
        a       <https://w3id.org/sepses/vocab/log/win-event#Winlog> ;
        <https://w3id.org/sepses/vocab/log/coreLog#logLevel>
                <http://w3id.org/sepses/resource/loglevel#information> ;
        <https://w3id.org/sepses/vocab/log/coreLog#message>
                "An account was logged off.\n\nSubject:\n\tSecurity ID:\t\tS-1-5-21-1926381507-2378294993-2946937962-500\n\tAccount Name:\t\tAdministrator\n\tAccount Domain:\t\tSEPSES\n\tLogon ID:\t\t0x4FB82AA\n\nLogon Type:\t\t\t3\n\nThis event is generated when a logon session is destroyed. It may be positively correlated with a logon event using the Logon ID value. Logon IDs are only unique between reboots on the same computer." ;
        <https://w3id.org/sepses/vocab/log/coreLog#originatesFrom>
                <http://w3id.org/sepses/resource/host#victim-server> ;
        <https://w3id.org/sepses/vocab/log/coreLog#timestamp>
                "2020-06-30T21:51:42.951Z"^^<http://www.w3.org/2001/XMLSchema#dateTime> ;
        <https://w3id.org/sepses/vocab/log/win-event#eventAction>
                <http://w3id.org/sepses/resource/event/action#logged-out> ;
        <https://w3id.org/sepses/vocab/log/win-event#eventChannel>
                <http://w3id.org/sepses/resource/event/channel#Security> ;
        <https://w3id.org/sepses/vocab/log/win-event#eventId>
                <http://w3id.org/sepses/resource/event/id#4634> ;
        <https://w3id.org/sepses/vocab/log/win-event#eventProvider>
                <http://w3id.org/sepses/resource/event/provider#Microsoft-Windows-Security-Auditing> ;
        <https://w3id.org/sepses/vocab/log/win-event#pid>
                <http://w3id.org/sepses/resource/process/id#628> .

<http://w3id.org/sepses/resource/win-event#LogEntry-5a9b4133-05c0-42f9-a13f-87d7f13f7e55>
        a       <https://w3id.org/sepses/vocab/log/packet#PacketLog> ;
        <https://w3id.org/sepses/vocab/log/coreLog#originatesFrom>
                <http://w3id.org/sepses/resource/host#logcollector> ;
        <https://w3id.org/sepses/vocab/log/coreLog#timestamp>
                "2020-06-30T14:51:40.001Z"^^<http://www.w3.org/2001/XMLSchema#dateTime> ;
        <https://w3id.org/sepses/vocab/log/win-event#destinationIP>
                <http://w3id.org/sepses/resource/host#10.10.30.5> ;
        <https://w3id.org/sepses/vocab/log/win-event#destinationPort>
                <http://w3id.org/sepses/resource/port#5044> ;
        <https://w3id.org/sepses/vocab/log/win-event#eventAction>
                <http://w3id.org/sepses/resource/event/action#network_flow> ;
        <https://w3id.org/sepses/vocab/log/win-event#eventCategory>
                <http://w3id.org/sepses/resource/event/category#network_traffic> ;
        <https://w3id.org/sepses/vocab/log/win-event#eventEnd>
                "2020-06-30T14:50:58.814Z"^^<http://www.w3.org/2001/XMLSchema#dateTime> ;
        <https://w3id.org/sepses/vocab/log/win-event#eventStart>
                "2020-06-30T14:50:58.814Z"^^<http://www.w3.org/2001/XMLSchema#dateTime> ;
        <https://w3id.org/sepses/vocab/log/win-event#networkTransport>
                <http://w3id.org/sepses/resource/network/transport#tcp> ;
        <https://w3id.org/sepses/vocab/log/win-event#networkType>
                <http://w3id.org/sepses/resource/network/type#ipv4> ;
        <https://w3id.org/sepses/vocab/log/win-event#sourceIP>
                <http://w3id.org/sepses/resource/host#10.10.30.7> ;
        <https://w3id.org/sepses/vocab/log/win-event#sourcePort>
                <http://w3id.org/sepses/resource/port#49781> .

<http://w3id.org/sepses/resource/win-event#LogEntry-0ea472d1-5232-4f52-9961-056dc0c57fa3>
        a       <https://w3id.org/sepses/vocab/log/packet#PacketLog> ;
        <https://w3id.org/sepses/vocab/log/coreLog#originatesFrom>
                <http://w3id.org/sepses/resource/host#logcollector> ;
        <https://w3id.org/sepses/vocab/log/coreLog#timestamp>
                "2020-06-30T14:48:30.001Z"^^<http://www.w3.org/2001/XMLSchema#dateTime> ;
        <https://w3id.org/sepses/vocab/log/win-event#eventAction>
                <http://w3id.org/sepses/resource/event/action#network_flow> ;
        <https://w3id.org/sepses/vocab/log/win-event#eventCategory>
                <http://w3id.org/sepses/resource/event/category#network_traffic> ;
        <https://w3id.org/sepses/vocab/log/win-event#eventEnd>
                "2020-06-30T14:48:20.803Z"^^<http://www.w3.org/2001/XMLSchema#dateTime> ;
        <https://w3id.org/sepses/vocab/log/win-event#eventStart>
                "2020-06-30T14:48:20.803Z"^^<http://www.w3.org/2001/XMLSchema#dateTime> .

<http://w3id.org/sepses/resource/win-event#LogEntry-01231cfc-4c52-4821-8718-e3cec2039864>
        a       <https://w3id.org/sepses/vocab/log/packet#PacketLog> ;
        <https://w3id.org/sepses/vocab/log/coreLog#originatesFrom>
                <http://w3id.org/sepses/resource/host#logcollector> ;
        <https://w3id.org/sepses/vocab/log/coreLog#timestamp>
                "2020-06-30T14:50:50.004Z"^^<http://www.w3.org/2001/XMLSchema#dateTime> ;
        <https://w3id.org/sepses/vocab/log/win-event#destinationIP>
                <http://w3id.org/sepses/resource/host#10.10.30.7> ;
        <https://w3id.org/sepses/vocab/log/win-event#destinationPort>
                <http://w3id.org/sepses/resource/port#5044> ;
        <https://w3id.org/sepses/vocab/log/win-event#eventAction>
                <http://w3id.org/sepses/resource/event/action#network_flow> ;
        <https://w3id.org/sepses/vocab/log/win-event#eventCategory>
                <http://w3id.org/sepses/resource/event/category#network_traffic> ;
        <https://w3id.org/sepses/vocab/log/win-event#eventEnd>
                "2020-06-30T14:50:05.093Z"^^<http://www.w3.org/2001/XMLSchema#dateTime> ;
        <https://w3id.org/sepses/vocab/log/win-event#eventStart>
                "2020-06-30T14:50:05.093Z"^^<http://www.w3.org/2001/XMLSchema#dateTime> ;
        <https://w3id.org/sepses/vocab/log/win-event#networkTransport>
                <http://w3id.org/sepses/resource/network/transport#tcp> ;
        <https://w3id.org/sepses/vocab/log/win-event#networkType>
                <http://w3id.org/sepses/resource/network/type#ipv4> ;
        <https://w3id.org/sepses/vocab/log/win-event#sourceIP>
                <http://w3id.org/sepses/resource/host#10.10.30.5> ;
        <https://w3id.org/sepses/vocab/log/win-event#sourcePort>
                <http://w3id.org/sepses/resource/port#49983> .

<http://w3id.org/sepses/resource/win-event#LogEntry-36e508ef-a1b6-48c8-ae68-62464654fba4>
        a       <https://w3id.org/sepses/vocab/log/packet#PacketLog> ;
        <https://w3id.org/sepses/vocab/log/coreLog#originatesFrom>
                <http://w3id.org/sepses/resource/host#logcollector> ;
        <https://w3id.org/sepses/vocab/log/coreLog#timestamp>
                "2020-06-30T14:51:20.016Z"^^<http://www.w3.org/2001/XMLSchema#dateTime> ;
        <https://w3id.org/sepses/vocab/log/win-event#destinationIP>
                <http://w3id.org/sepses/resource/host#10.10.30.10> ;
        <https://w3id.org/sepses/vocab/log/win-event#destinationPort>
                <http://w3id.org/sepses/resource/port#49832> ;
        <https://w3id.org/sepses/vocab/log/win-event#eventAction>
                <http://w3id.org/sepses/resource/event/action#network_flow> ;
        <https://w3id.org/sepses/vocab/log/win-event#eventCategory>
                <http://w3id.org/sepses/resource/event/category#network_traffic> ;
        <https://w3id.org/sepses/vocab/log/win-event#eventEnd>
                "2020-06-30T14:45:04.945Z"^^<http://www.w3.org/2001/XMLSchema#dateTime> ;
        <https://w3id.org/sepses/vocab/log/win-event#eventStart>
                "2020-06-30T14:45:04.945Z"^^<http://www.w3.org/2001/XMLSchema#dateTime> ;
        <https://w3id.org/sepses/vocab/log/win-event#networkTransport>
                <http://w3id.org/sepses/resource/network/transport#tcp> ;
        <https://w3id.org/sepses/vocab/log/win-event#networkType>
                <http://w3id.org/sepses/resource/network/type#ipv4> ;
        <https://w3id.org/sepses/vocab/log/win-event#sourceIP>
                <http://w3id.org/sepses/resource/host#10.10.30.7> ;
        <https://w3id.org/sepses/vocab/log/win-event#sourcePort>
                <http://w3id.org/sepses/resource/port#3389> .

<http://w3id.org/sepses/resource/win-event#LogEntry-81b1bd2f-489a-42fe-b19c-3aba307ef9bb>
        a       <https://w3id.org/sepses/vocab/log/audit#AuditLog> ;
        <https://w3id.org/sepses/vocab/log/coreLog#message>
                "Process svchost.exe (PID: 7788) STOPPED" ;
        <https://w3id.org/sepses/vocab/log/coreLog#originatesFrom>
                <http://w3id.org/sepses/resource/host#victim-w2> ;
        <https://w3id.org/sepses/vocab/log/coreLog#timestamp>
                "2020-06-30T21:55:23.122Z"^^<http://www.w3.org/2001/XMLSchema#dateTime> ;
        <https://w3id.org/sepses/vocab/log/win-event#eventAction>
                <http://w3id.org/sepses/resource/event/action#process_stopped> ;
        <https://w3id.org/sepses/vocab/log/win-event#eventCategory>
                <http://w3id.org/sepses/resource/event/action#process> ;
        <https://w3id.org/sepses/vocab/log/win-event#exe>
                "C:\\Windows\\System32\\svchost.exe" ;
        <https://w3id.org/sepses/vocab/log/win-event#pid>
                <http://w3id.org/sepses/resource/process/id#7788> ;
        <https://w3id.org/sepses/vocab/log/win-event#ppid>
                <http://w3id.org/sepses/resource/process/id#668> ;
        <https://w3id.org/sepses/vocab/log/win-event#processDir>
                "" ;
        <https://w3id.org/sepses/vocab/log/win-event#processName>
                <http://w3id.org/sepses/resource/event/process#svchost.exe> .

<http://w3id.org/sepses/resource/host#victim-server>
        a       <https://w3id.org/sepses/resource/#Host> ;
        <https://w3id.org/sepses/vocab/log/coreLog#IPAddress>
                <http://w3id.org/sepses/resource/host#10.10.30.4> ;
        <https://w3id.org/sepses/vocab/log/coreLog#hostName>
                "victim-server" ;
        <https://w3id.org/sepses/vocab/log/coreLog#hostOS>
                "{build=17763.1282, kernel=10.0.17763.1282 (WinBuild.160101.0800), name=Windows Server 2019 Datacenter Evaluation, family=windows, version=10.0, platform=windows}" .

<http://w3id.org/sepses/resource/win-event#LogEntry-a4b7b4e9-cb3a-42ab-af16-6b5d90cf80d1>
        a       <https://w3id.org/sepses/vocab/log/packet#PacketLog> ;
        <https://w3id.org/sepses/vocab/log/coreLog#originatesFrom>
                <http://w3id.org/sepses/resource/host#logcollector> ;
        <https://w3id.org/sepses/vocab/log/coreLog#timestamp>
                "2020-06-30T14:47:50.002Z"^^<http://www.w3.org/2001/XMLSchema#dateTime> ;
        <https://w3id.org/sepses/vocab/log/win-event#destinationIP>
                <http://w3id.org/sepses/resource/host#51.105.249.223> ;
        <https://w3id.org/sepses/vocab/log/win-event#destinationPort>
                <http://w3id.org/sepses/resource/port#443> ;
        <https://w3id.org/sepses/vocab/log/win-event#eventAction>
                <http://w3id.org/sepses/resource/event/action#network_flow> ;
        <https://w3id.org/sepses/vocab/log/win-event#eventCategory>
                <http://w3id.org/sepses/resource/event/category#network_traffic> ;
        <https://w3id.org/sepses/vocab/log/win-event#eventEnd>
                "2020-06-30T14:47:16.300Z"^^<http://www.w3.org/2001/XMLSchema#dateTime> ;
        <https://w3id.org/sepses/vocab/log/win-event#eventStart>
                "2020-06-30T14:47:16.300Z"^^<http://www.w3.org/2001/XMLSchema#dateTime> ;
        <https://w3id.org/sepses/vocab/log/win-event#networkTransport>
                <http://w3id.org/sepses/resource/network/transport#tcp> ;
        <https://w3id.org/sepses/vocab/log/win-event#networkType>
                <http://w3id.org/sepses/resource/network/type#ipv4> ;
        <https://w3id.org/sepses/vocab/log/win-event#sourceIP>
                <http://w3id.org/sepses/resource/host#10.10.30.7> ;
        <https://w3id.org/sepses/vocab/log/win-event#sourcePort>
                <http://w3id.org/sepses/resource/port#49709> .

<http://w3id.org/sepses/resource/win-event#LogEntry-0e8a3c74-a61e-46ff-b00c-088e25570817>
        a       <https://w3id.org/sepses/vocab/log/win-event#Winlog> ;
        <https://w3id.org/sepses/vocab/log/coreLog#logLevel>
                <http://w3id.org/sepses/resource/loglevel#information> ;
        <https://w3id.org/sepses/vocab/log/coreLog#message>
                "Special privileges assigned to new logon.\n\nSubject:\n\tSecurity ID:\t\tS-1-5-18\n\tAccount Name:\t\tVICTIM-SERVER$\n\tAccount Domain:\t\tSEPSES\n\tLogon ID:\t\t0x4FAD635\n\nPrivileges:\t\tSeSecurityPrivilege\n\t\t\tSeBackupPrivilege\n\t\t\tSeRestorePrivilege\n\t\t\tSeTakeOwnershipPrivilege\n\t\t\tSeDebugPrivilege\n\t\t\tSeSystemEnvironmentPrivilege\n\t\t\tSeLoadDriverPrivilege\n\t\t\tSeImpersonatePrivilege\n\t\t\tSeDelegateSessionUserImpersonatePrivilege\n\t\t\tSeEnableDelegationPrivilege" ;
        <https://w3id.org/sepses/vocab/log/coreLog#originatesFrom>
                <http://w3id.org/sepses/resource/host#victim-server> ;
        <https://w3id.org/sepses/vocab/log/coreLog#timestamp>
                "2020-06-30T21:50:10.950Z"^^<http://www.w3.org/2001/XMLSchema#dateTime> ;
        <https://w3id.org/sepses/vocab/log/win-event#eventAction>
                <http://w3id.org/sepses/resource/event/action#logged-in-special> ;
        <https://w3id.org/sepses/vocab/log/win-event#eventChannel>
                <http://w3id.org/sepses/resource/event/channel#Security> ;
        <https://w3id.org/sepses/vocab/log/win-event#eventId>
                <http://w3id.org/sepses/resource/event/id#4672> ;
        <https://w3id.org/sepses/vocab/log/win-event#eventProvider>
                <http://w3id.org/sepses/resource/event/provider#Microsoft-Windows-Security-Auditing> ;
        <https://w3id.org/sepses/vocab/log/win-event#hasUser>
                <http://w3id.org/sepses/resource/user#VICTIM-SERVER%24> ;
        <https://w3id.org/sepses/vocab/log/win-event#pid>
                <http://w3id.org/sepses/resource/process/id#628> .

<http://w3id.org/sepses/resource/win-event#LogEntry-01f4a76a-7d70-4ecd-81f3-7f9ae8783e88>
        a       <https://w3id.org/sepses/vocab/log/packet#PacketLog> ;
        <https://w3id.org/sepses/vocab/log/coreLog#originatesFrom>
                <http://w3id.org/sepses/resource/host#logcollector> ;
        <https://w3id.org/sepses/vocab/log/coreLog#timestamp>
                "2020-06-30T14:47:30.005Z"^^<http://www.w3.org/2001/XMLSchema#dateTime> ;
        <https://w3id.org/sepses/vocab/log/win-event#eventAction>
                <http://w3id.org/sepses/resource/event/action#network_flow> ;
        <https://w3id.org/sepses/vocab/log/win-event#eventCategory>
                <http://w3id.org/sepses/resource/event/category#network_traffic> ;
        <https://w3id.org/sepses/vocab/log/win-event#eventEnd>
                "2020-06-30T14:47:21.222Z"^^<http://www.w3.org/2001/XMLSchema#dateTime> ;
        <https://w3id.org/sepses/vocab/log/win-event#eventStart>
                "2020-06-30T14:47:21.222Z"^^<http://www.w3.org/2001/XMLSchema#dateTime> .

<http://w3id.org/sepses/resource/win-event#LogEntry-dd0282b4-cf82-4cd9-b7bf-8020ce0c74b0>
        a       <https://w3id.org/sepses/vocab/log/win-event#Winlog> ;
        <https://w3id.org/sepses/vocab/log/coreLog#logLevel>
                <http://w3id.org/sepses/resource/loglevel#information> ;
        <https://w3id.org/sepses/vocab/log/coreLog#message>
                "An account was logged off.\n\nSubject:\n\tSecurity ID:\t\tS-1-5-18\n\tAccount Name:\t\tVICTIM-SERVER$\n\tAccount Domain:\t\tSEPSES\n\tLogon ID:\t\t0x4FD8C93\n\nLogon Type:\t\t\t3\n\nThis event is generated when a logon session is destroyed. It may be positively correlated with a logon event using the Logon ID value. Logon IDs are only unique between reboots on the same computer." ;
        <https://w3id.org/sepses/vocab/log/coreLog#originatesFrom>
                <http://w3id.org/sepses/resource/host#victim-server> ;
        <https://w3id.org/sepses/vocab/log/coreLog#timestamp>
                "2020-06-30T21:56:13.834Z"^^<http://www.w3.org/2001/XMLSchema#dateTime> ;
        <https://w3id.org/sepses/vocab/log/win-event#eventAction>
                <http://w3id.org/sepses/resource/event/action#logged-out> ;
        <https://w3id.org/sepses/vocab/log/win-event#eventChannel>
                <http://w3id.org/sepses/resource/event/channel#Security> ;
        <https://w3id.org/sepses/vocab/log/win-event#eventId>
                <http://w3id.org/sepses/resource/event/id#4634> ;
        <https://w3id.org/sepses/vocab/log/win-event#eventProvider>
                <http://w3id.org/sepses/resource/event/provider#Microsoft-Windows-Security-Auditing> ;
        <https://w3id.org/sepses/vocab/log/win-event#pid>
                <http://w3id.org/sepses/resource/process/id#628> .

<http://w3id.org/sepses/resource/win-event#LogEntry-c381b886-7da8-46b7-9683-3a1dbb420049>
        a       <https://w3id.org/sepses/vocab/log/win-event#Winlog> ;
        <https://w3id.org/sepses/vocab/log/coreLog#logLevel>
                <http://w3id.org/sepses/resource/loglevel#information> ;
        <https://w3id.org/sepses/vocab/log/coreLog#message>
                "An account was successfully logged on.\n\nSubject:\n\tSecurity ID:\t\tS-1-0-0\n\tAccount Name:\t\t-\n\tAccount Domain:\t\t-\n\tLogon ID:\t\t0x0\n\nLogon Information:\n\tLogon Type:\t\t3\n\tRestricted Admin Mode:\t-\n\tVirtual Account:\t\tNo\n\tElevated Token:\t\tYes\n\nImpersonation Level:\t\tImpersonation\n\nNew Logon:\n\tSecurity ID:\t\tS-1-5-18\n\tAccount Name:\t\tVICTIM-SERVER$\n\tAccount Domain:\t\tSEPSES.LOCAL\n\tLogon ID:\t\t0x4FD0C53\n\tLinked Logon ID:\t\t0x0\n\tNetwork Account Name:\t-\n\tNetwork Account Domain:\t-\n\tLogon GUID:\t\t{32ce5a1d-7c67-161d-38fc-f681ff896fbe}\n\nProcess Information:\n\tProcess ID:\t\t0x0\n\tProcess Name:\t\t-\n\nNetwork Information:\n\tWorkstation Name:\t-\n\tSource Network Address:\t10.10.30.4\n\tSource Port:\t\t52898\n\nDetailed Authentication Information:\n\tLogon Process:\t\tKerberos\n\tAuthentication Package:\tKerberos\n\tTransited Services:\t-\n\tPackage Name (NTLM only):\t-\n\tKey Length:\t\t0\n\nThis event is generated when a logon session is created. It is generated on the computer that was accessed.\n\nThe subject fields indicate the account on the local system which requested the logon. This is most commonly a service such as the Server service, or a local process such as Winlogon.exe or Services.exe.\n\nThe logon type field indicates the kind of logon that occurred. The most common types are 2 (interactive) and 3 (network).\n\nThe New Logon fields indicate the account for whom the new logon was created, i.e. the account that was logged on.\n\nThe network fields indicate where a remote logon request originated. Workstation name is not always available and may be left blank in some cases.\n\nThe impersonation level field indicates the extent to which a process in the logon session can impersonate.\n\nThe authentication information fields provide detailed information about this specific logon request.\n\t- Logon GUID is a unique identifier that can be used to correlate this event with a KDC event.\n\t- Transited services indicate which intermediate services have participated in this logon request.\n\t- Package name indicates which sub-protocol was used among the NTLM protocols.\n\t- Key length indicates the length of the generated session key. This will be 0 if no session key was requested." ;
        <https://w3id.org/sepses/vocab/log/coreLog#originatesFrom>
                <http://w3id.org/sepses/resource/host#victim-server> ;
        <https://w3id.org/sepses/vocab/log/coreLog#timestamp>
                "2020-06-30T21:55:07.117Z"^^<http://www.w3.org/2001/XMLSchema#dateTime> ;
        <https://w3id.org/sepses/vocab/log/win-event#eventAction>
                <http://w3id.org/sepses/resource/event/action#logged-in> ;
        <https://w3id.org/sepses/vocab/log/win-event#eventChannel>
                <http://w3id.org/sepses/resource/event/channel#Security> ;
        <https://w3id.org/sepses/vocab/log/win-event#eventId>
                <http://w3id.org/sepses/resource/event/id#4624> ;
        <https://w3id.org/sepses/vocab/log/win-event#eventProvider>
                <http://w3id.org/sepses/resource/event/provider#Microsoft-Windows-Security-Auditing> ;
        <https://w3id.org/sepses/vocab/log/win-event#hasUser>
                <http://w3id.org/sepses/resource/user#-> ;
        <https://w3id.org/sepses/vocab/log/win-event#pid>
                <http://w3id.org/sepses/resource/process/id#628> .

<http://w3id.org/sepses/resource/win-event#LogEntry-73e5567f-9abf-4adc-85c6-c3fcdcc8bbf6>
        a       <https://w3id.org/sepses/vocab/log/packet#PacketLog> ;
        <https://w3id.org/sepses/vocab/log/coreLog#originatesFrom>
                <http://w3id.org/sepses/resource/host#logcollector> ;
        <https://w3id.org/sepses/vocab/log/coreLog#timestamp>
                "2020-06-30T14:52:55.079Z"^^<http://www.w3.org/2001/XMLSchema#dateTime> ;
        <https://w3id.org/sepses/vocab/log/win-event#destinationIP>
                <http://w3id.org/sepses/resource/host#13.107.42.12> ;
        <https://w3id.org/sepses/vocab/log/win-event#destinationPort>
                <http://w3id.org/sepses/resource/port#443> ;
        <https://w3id.org/sepses/vocab/log/win-event#eventCategory>
                <http://w3id.org/sepses/resource/event/category#network_traffic> ;
        <https://w3id.org/sepses/vocab/log/win-event#eventEnd>
                "2020-06-30T14:52:55.079Z"^^<http://www.w3.org/2001/XMLSchema#dateTime> ;
        <https://w3id.org/sepses/vocab/log/win-event#eventStart>
                "2020-06-30T14:52:55.079Z"^^<http://www.w3.org/2001/XMLSchema#dateTime> ;
        <https://w3id.org/sepses/vocab/log/win-event#networkProtocol>
                <http://w3id.org/sepses/resource/network/transport#tls> ;
        <https://w3id.org/sepses/vocab/log/win-event#networkTransport>
                <http://w3id.org/sepses/resource/network/transport#tcp> ;
        <https://w3id.org/sepses/vocab/log/win-event#networkType>
                <http://w3id.org/sepses/resource/network/type#ipv4> ;
        <https://w3id.org/sepses/vocab/log/win-event#sourceIP>
                <http://w3id.org/sepses/resource/host#10.10.30.7> ;
        <https://w3id.org/sepses/vocab/log/win-event#sourcePort>
                <http://w3id.org/sepses/resource/port#49796> .

<http://w3id.org/sepses/resource/win-event#LogEntry-ef17226b-c2c6-4b34-9001-71f6d18a4cd6>
        a       <https://w3id.org/sepses/vocab/log/win-event#Winlog> ;
        <https://w3id.org/sepses/vocab/log/coreLog#logLevel>
                <http://w3id.org/sepses/resource/loglevel#information> ;
        <https://w3id.org/sepses/vocab/log/coreLog#message>
                "A user's local group membership was enumerated.\n\nSubject:\n\tSecurity ID:\t\tS-1-5-21-1181416786-3707116272-498999069-500\n\tAccount Name:\t\tAdministrator\n\tAccount Domain:\t\tVICTIM-W2\n\tLogon ID:\t\t0x46B72\n\nUser:\n\tSecurity ID:\t\tS-1-5-21-1181416786-3707116272-498999069-500\n\tAccount Name:\t\tAdministrator\n\tAccount Domain:\t\tVICTIM-W2\n\nProcess Information:\n\tProcess ID:\t\t0x2178\n\tProcess Name:\t\tC:\\Windows\\ImmersiveControlPanel\\SystemSettings.exe" ;
        <https://w3id.org/sepses/vocab/log/coreLog#originatesFrom>
                <http://w3id.org/sepses/resource/host#victim-w2> ;
        <https://w3id.org/sepses/vocab/log/coreLog#timestamp>
                "2020-06-30T21:51:57.114Z"^^<http://www.w3.org/2001/XMLSchema#dateTime> ;
        <https://w3id.org/sepses/vocab/log/win-event#eventAction>
                <http://w3id.org/sepses/resource/event/action#group-membership-enumerated> ;
        <https://w3id.org/sepses/vocab/log/win-event#eventChannel>
                <http://w3id.org/sepses/resource/event/channel#Security> ;
        <https://w3id.org/sepses/vocab/log/win-event#eventId>
                <http://w3id.org/sepses/resource/event/id#4798> ;
        <https://w3id.org/sepses/vocab/log/win-event#eventProvider>
                <http://w3id.org/sepses/resource/event/provider#Microsoft-Windows-Security-Auditing> ;
        <https://w3id.org/sepses/vocab/log/win-event#hasUser>
                <http://w3id.org/sepses/resource/user#Administrator> ;
        <https://w3id.org/sepses/vocab/log/win-event#pid>
                <http://w3id.org/sepses/resource/process/id#680> .

<http://w3id.org/sepses/resource/win-event#LogEntry-dc14dbbf-e34b-482b-985c-2b9b0c770624>
        a       <https://w3id.org/sepses/vocab/log/win-event#Winlog> ;
        <https://w3id.org/sepses/vocab/log/coreLog#logLevel>
                <http://w3id.org/sepses/resource/loglevel#information> ;
        <https://w3id.org/sepses/vocab/log/coreLog#message>
                "An account was logged off.\n\nSubject:\n\tSecurity ID:\t\tS-1-5-18\n\tAccount Name:\t\tVICTIM-SERVER$\n\tAccount Domain:\t\tSEPSES\n\tLogon ID:\t\t0x4F43F0F\n\nLogon Type:\t\t\t3\n\nThis event is generated when a logon session is destroyed. It may be positively correlated with a logon event using the Logon ID value. Logon IDs are only unique between reboots on the same computer." ;
        <https://w3id.org/sepses/vocab/log/coreLog#originatesFrom>
                <http://w3id.org/sepses/resource/host#victim-server> ;
        <https://w3id.org/sepses/vocab/log/coreLog#timestamp>
                "2020-06-30T21:35:10.801Z"^^<http://www.w3.org/2001/XMLSchema#dateTime> ;
        <https://w3id.org/sepses/vocab/log/win-event#eventAction>
                <http://w3id.org/sepses/resource/event/action#logged-out> ;
        <https://w3id.org/sepses/vocab/log/win-event#eventChannel>
                <http://w3id.org/sepses/resource/event/channel#Security> ;
        <https://w3id.org/sepses/vocab/log/win-event#eventId>
                <http://w3id.org/sepses/resource/event/id#4634> ;
        <https://w3id.org/sepses/vocab/log/win-event#eventProvider>
                <http://w3id.org/sepses/resource/event/provider#Microsoft-Windows-Security-Auditing> ;
        <https://w3id.org/sepses/vocab/log/win-event#pid>
                <http://w3id.org/sepses/resource/process/id#628> .

<http://w3id.org/sepses/resource/win-event#LogEntry-d50d14bf-0dae-4463-b61a-79064c40a1e1>
        a       <https://w3id.org/sepses/vocab/log/win-event#Winlog> ;
        <https://w3id.org/sepses/vocab/log/coreLog#logLevel>
                <http://w3id.org/sepses/resource/loglevel#information> ;
        <https://w3id.org/sepses/vocab/log/coreLog#message>
                "Special privileges assigned to new logon.\n\nSubject:\n\tSecurity ID:\t\tS-1-5-18\n\tAccount Name:\t\tVICTIM-SERVER$\n\tAccount Domain:\t\tSEPSES\n\tLogon ID:\t\t0x4F42C97\n\nPrivileges:\t\tSeSecurityPrivilege\n\t\t\tSeBackupPrivilege\n\t\t\tSeRestorePrivilege\n\t\t\tSeTakeOwnershipPrivilege\n\t\t\tSeDebugPrivilege\n\t\t\tSeSystemEnvironmentPrivilege\n\t\t\tSeLoadDriverPrivilege\n\t\t\tSeImpersonatePrivilege\n\t\t\tSeDelegateSessionUserImpersonatePrivilege\n\t\t\tSeEnableDelegationPrivilege" ;
        <https://w3id.org/sepses/vocab/log/coreLog#originatesFrom>
                <http://w3id.org/sepses/resource/host#victim-server> ;
        <https://w3id.org/sepses/vocab/log/coreLog#timestamp>
                "2020-06-30T21:35:03.958Z"^^<http://www.w3.org/2001/XMLSchema#dateTime> ;
        <https://w3id.org/sepses/vocab/log/win-event#eventAction>
                <http://w3id.org/sepses/resource/event/action#logged-in-special> ;
        <https://w3id.org/sepses/vocab/log/win-event#eventChannel>
                <http://w3id.org/sepses/resource/event/channel#Security> ;
        <https://w3id.org/sepses/vocab/log/win-event#eventId>
                <http://w3id.org/sepses/resource/event/id#4672> ;
        <https://w3id.org/sepses/vocab/log/win-event#eventProvider>
                <http://w3id.org/sepses/resource/event/provider#Microsoft-Windows-Security-Auditing> ;
        <https://w3id.org/sepses/vocab/log/win-event#hasUser>
                <http://w3id.org/sepses/resource/user#VICTIM-SERVER%24> ;
        <https://w3id.org/sepses/vocab/log/win-event#pid>
                <http://w3id.org/sepses/resource/process/id#628> .

