<http://w3id.org/sepses/resource/win-event#LogEntry-5f78013a-fc15-4c80-9b4c-fc4183d925cd>
        a       <https://w3id.org/sepses/vocab/log/packet#PacketLog> ;
        <https://w3id.org/sepses/vocab/log/coreLog#originatesFrom>
                <http://w3id.org/sepses/resource/host#logcollector> ;
        <https://w3id.org/sepses/vocab/log/coreLog#timestamp>
                "2020-06-30T14:49:30.007Z"^^<http://www.w3.org/2001/XMLSchema#dateTime> ;
        <https://w3id.org/sepses/vocab/log/win-event#destinationIP>
                <http://w3id.org/sepses/resource/host#10.10.30.10> ;
        <https://w3id.org/sepses/vocab/log/win-event#destinationPort>
                <http://w3id.org/sepses/resource/port#8888> ;
        <https://w3id.org/sepses/vocab/log/win-event#eventAction>
                <http://w3id.org/sepses/resource/event/action#network_flow> ;
        <https://w3id.org/sepses/vocab/log/win-event#eventCategory>
                <http://w3id.org/sepses/resource/event/category#network_traffic> ;
        <https://w3id.org/sepses/vocab/log/win-event#eventEnd>
                "2020-06-30T14:48:25.395Z"^^<http://www.w3.org/2001/XMLSchema#dateTime> ;
        <https://w3id.org/sepses/vocab/log/win-event#eventStart>
                "2020-06-30T14:48:25.395Z"^^<http://www.w3.org/2001/XMLSchema#dateTime> ;
        <https://w3id.org/sepses/vocab/log/win-event#networkTransport>
                <http://w3id.org/sepses/resource/network/transport#tcp> ;
        <https://w3id.org/sepses/vocab/log/win-event#networkType>
                <http://w3id.org/sepses/resource/network/type#ipv4> ;
        <https://w3id.org/sepses/vocab/log/win-event#sourceIP>
                <http://w3id.org/sepses/resource/host#10.10.30.7> ;
        <https://w3id.org/sepses/vocab/log/win-event#sourcePort>
                <http://w3id.org/sepses/resource/port#49778> .

<http://w3id.org/sepses/resource/win-event#LogEntry-c06b3333-4f92-4cbb-bd61-55689e8f44d4>
        a       <https://w3id.org/sepses/vocab/log/packet#PacketLog> ;
        <https://w3id.org/sepses/vocab/log/coreLog#originatesFrom>
                <http://w3id.org/sepses/resource/host#victim-w2> ;
        <https://w3id.org/sepses/vocab/log/coreLog#timestamp>
                "2020-06-30T21:52:50.393Z"^^<http://www.w3.org/2001/XMLSchema#dateTime> ;
        <https://w3id.org/sepses/vocab/log/win-event#destinationIP>
                <http://w3id.org/sepses/resource/host#255.255.255.255> ;
        <https://w3id.org/sepses/vocab/log/win-event#destinationPort>
                <http://w3id.org/sepses/resource/port#67> ;
        <https://w3id.org/sepses/vocab/log/win-event#eventAction>
                <http://w3id.org/sepses/resource/event/action#network_flow> ;
        <https://w3id.org/sepses/vocab/log/win-event#eventCategory>
                <http://w3id.org/sepses/resource/event/category#network_traffic> ;
        <https://w3id.org/sepses/vocab/log/win-event#eventEnd>
                "2020-06-30T21:51:33.652Z"^^<http://www.w3.org/2001/XMLSchema#dateTime> ;
        <https://w3id.org/sepses/vocab/log/win-event#eventStart>
                "2020-06-30T21:51:33.652Z"^^<http://www.w3.org/2001/XMLSchema#dateTime> ;
        <https://w3id.org/sepses/vocab/log/win-event#networkTransport>
                <http://w3id.org/sepses/resource/network/transport#udp> ;
        <https://w3id.org/sepses/vocab/log/win-event#networkType>
                <http://w3id.org/sepses/resource/network/type#ipv4> ;
        <https://w3id.org/sepses/vocab/log/win-event#sourceIP>
                <http://w3id.org/sepses/resource/host#0.0.0.0> ;
        <https://w3id.org/sepses/vocab/log/win-event#sourcePort>
                <http://w3id.org/sepses/resource/port#68> .

<http://w3id.org/sepses/resource/win-event#LogEntry-8cf7bb64-c2df-4950-8fa6-40dff90ad4f8>
        a       <https://w3id.org/sepses/vocab/log/packet#PacketLog> ;
        <https://w3id.org/sepses/vocab/log/coreLog#originatesFrom>
                <http://w3id.org/sepses/resource/host#logcollector> ;
        <https://w3id.org/sepses/vocab/log/coreLog#timestamp>
                "2020-06-30T14:47:40.006Z"^^<http://www.w3.org/2001/XMLSchema#dateTime> ;
        <https://w3id.org/sepses/vocab/log/win-event#eventAction>
                <http://w3id.org/sepses/resource/event/action#network_flow> ;
        <https://w3id.org/sepses/vocab/log/win-event#eventCategory>
                <http://w3id.org/sepses/resource/event/category#network_traffic> ;
        <https://w3id.org/sepses/vocab/log/win-event#eventEnd>
                "2020-06-30T14:47:21.222Z"^^<http://www.w3.org/2001/XMLSchema#dateTime> ;
        <https://w3id.org/sepses/vocab/log/win-event#eventStart>
                "2020-06-30T14:47:21.222Z"^^<http://www.w3.org/2001/XMLSchema#dateTime> .

<http://w3id.org/sepses/resource/win-event#LogEntry-e4eee199-7a4c-4e6d-accf-a8afa4dc61b2>
        a       <https://w3id.org/sepses/vocab/log/packet#PacketLog> ;
        <https://w3id.org/sepses/vocab/log/coreLog#originatesFrom>
                <http://w3id.org/sepses/resource/host#victim-w2> ;
        <https://w3id.org/sepses/vocab/log/coreLog#timestamp>
                "2020-06-30T21:55:20.394Z"^^<http://www.w3.org/2001/XMLSchema#dateTime> ;
        <https://w3id.org/sepses/vocab/log/win-event#destinationIP>
                <http://w3id.org/sepses/resource/host#169.254.255.255> ;
        <https://w3id.org/sepses/vocab/log/win-event#destinationPort>
                <http://w3id.org/sepses/resource/port#138> ;
        <https://w3id.org/sepses/vocab/log/win-event#eventAction>
                <http://w3id.org/sepses/resource/event/action#network_flow> ;
        <https://w3id.org/sepses/vocab/log/win-event#eventCategory>
                <http://w3id.org/sepses/resource/event/category#network_traffic> ;
        <https://w3id.org/sepses/vocab/log/win-event#eventEnd>
                "2020-06-30T21:54:22.143Z"^^<http://www.w3.org/2001/XMLSchema#dateTime> ;
        <https://w3id.org/sepses/vocab/log/win-event#eventStart>
                "2020-06-30T21:54:22.143Z"^^<http://www.w3.org/2001/XMLSchema#dateTime> ;
        <https://w3id.org/sepses/vocab/log/win-event#networkTransport>
                <http://w3id.org/sepses/resource/network/transport#udp> ;
        <https://w3id.org/sepses/vocab/log/win-event#networkType>
                <http://w3id.org/sepses/resource/network/type#ipv4> ;
        <https://w3id.org/sepses/vocab/log/win-event#sourceIP>
                <http://w3id.org/sepses/resource/host#169.254.61.29> ;
        <https://w3id.org/sepses/vocab/log/win-event#sourcePort>
                <http://w3id.org/sepses/resource/port#138> .

<http://w3id.org/sepses/resource/win-event#LogEntry-313ceccf-ea31-458c-8af2-dcd1c3ff02b9>
        a       <https://w3id.org/sepses/vocab/log/win-event#Winlog> ;
        <https://w3id.org/sepses/vocab/log/coreLog#logLevel>
                <http://w3id.org/sepses/resource/loglevel#information> ;
        <https://w3id.org/sepses/vocab/log/coreLog#message>
                "A user's local group membership was enumerated.\n\nSubject:\n\tSecurity ID:\t\tS-1-5-21-1181416786-3707116272-498999069-500\n\tAccount Name:\t\tAdministrator\n\tAccount Domain:\t\tLOGCOLLECTOR\n\tLogon ID:\t\t0x46453\n\nUser:\n\tSecurity ID:\t\tS-1-5-21-1181416786-3707116272-498999069-500\n\tAccount Name:\t\tAdministrator\n\tAccount Domain:\t\tLOGCOLLECTOR\n\nProcess Information:\n\tProcess ID:\t\t0x14a8\n\tProcess Name:\t\tC:\\Windows\\explorer.exe" ;
        <https://w3id.org/sepses/vocab/log/coreLog#originatesFrom>
                <http://w3id.org/sepses/resource/host#logcollector> ;
        <https://w3id.org/sepses/vocab/log/coreLog#timestamp>
                "2020-06-30T14:53:49.116Z"^^<http://www.w3.org/2001/XMLSchema#dateTime> ;
        <https://w3id.org/sepses/vocab/log/win-event#eventAction>
                <http://w3id.org/sepses/resource/event/action#group-membership-enumerated> ;
        <https://w3id.org/sepses/vocab/log/win-event#eventChannel>
                <http://w3id.org/sepses/resource/event/channel#Security> ;
        <https://w3id.org/sepses/vocab/log/win-event#eventId>
                <http://w3id.org/sepses/resource/event/id#4798> ;
        <https://w3id.org/sepses/vocab/log/win-event#eventProvider>
                <http://w3id.org/sepses/resource/event/provider#Microsoft-Windows-Security-Auditing> ;
        <https://w3id.org/sepses/vocab/log/win-event#hasUser>
                <http://w3id.org/sepses/resource/user#Administrator> ;
        <https://w3id.org/sepses/vocab/log/win-event#pid>
                <http://w3id.org/sepses/resource/process/id#676> .

<http://w3id.org/sepses/resource/win-event#LogEntry-1f59c8ca-af02-4b86-9028-1f26cc9a45fe>
        a       <https://w3id.org/sepses/vocab/log/packet#PacketLog> ;
        <https://w3id.org/sepses/vocab/log/coreLog#originatesFrom>
                <http://w3id.org/sepses/resource/host#victim-w2> ;
        <https://w3id.org/sepses/vocab/log/coreLog#timestamp>
                "2020-06-30T21:54:40.394Z"^^<http://www.w3.org/2001/XMLSchema#dateTime> ;
        <https://w3id.org/sepses/vocab/log/win-event#destinationIP>
                <http://w3id.org/sepses/resource/host#169.254.255.255> ;
        <https://w3id.org/sepses/vocab/log/win-event#destinationPort>
                <http://w3id.org/sepses/resource/port#138> ;
        <https://w3id.org/sepses/vocab/log/win-event#eventAction>
                <http://w3id.org/sepses/resource/event/action#network_flow> ;
        <https://w3id.org/sepses/vocab/log/win-event#eventCategory>
                <http://w3id.org/sepses/resource/event/category#network_traffic> ;
        <https://w3id.org/sepses/vocab/log/win-event#eventEnd>
                "2020-06-30T21:54:22.143Z"^^<http://www.w3.org/2001/XMLSchema#dateTime> ;
        <https://w3id.org/sepses/vocab/log/win-event#eventStart>
                "2020-06-30T21:54:22.143Z"^^<http://www.w3.org/2001/XMLSchema#dateTime> ;
        <https://w3id.org/sepses/vocab/log/win-event#networkTransport>
                <http://w3id.org/sepses/resource/network/transport#udp> ;
        <https://w3id.org/sepses/vocab/log/win-event#networkType>
                <http://w3id.org/sepses/resource/network/type#ipv4> ;
        <https://w3id.org/sepses/vocab/log/win-event#sourceIP>
                <http://w3id.org/sepses/resource/host#169.254.61.29> ;
        <https://w3id.org/sepses/vocab/log/win-event#sourcePort>
                <http://w3id.org/sepses/resource/port#138> .

<http://w3id.org/sepses/resource/win-event#LogEntry-00e8c3ab-130d-4635-a414-56e5c8d27a5a>
        a       <https://w3id.org/sepses/vocab/log/packet#PacketLog> ;
        <https://w3id.org/sepses/vocab/log/coreLog#originatesFrom>
                <http://w3id.org/sepses/resource/host#logcollector> ;
        <https://w3id.org/sepses/vocab/log/coreLog#timestamp>
                "2020-06-30T14:52:20.002Z"^^<http://www.w3.org/2001/XMLSchema#dateTime> ;
        <https://w3id.org/sepses/vocab/log/win-event#eventAction>
                <http://w3id.org/sepses/resource/event/action#network_flow> ;
        <https://w3id.org/sepses/vocab/log/win-event#eventCategory>
                <http://w3id.org/sepses/resource/event/category#network_traffic> ;
        <https://w3id.org/sepses/vocab/log/win-event#eventEnd>
                "2020-06-30T14:51:47.387Z"^^<http://www.w3.org/2001/XMLSchema#dateTime> ;
        <https://w3id.org/sepses/vocab/log/win-event#eventStart>
                "2020-06-30T14:51:47.387Z"^^<http://www.w3.org/2001/XMLSchema#dateTime> .

<http://w3id.org/sepses/resource/win-event#LogEntry-ba3f8fab-70b9-4ce0-b418-eed28a4d71c0>
        a       <https://w3id.org/sepses/vocab/log/packet#PacketLog> ;
        <https://w3id.org/sepses/vocab/log/coreLog#originatesFrom>
                <http://w3id.org/sepses/resource/host#logcollector> ;
        <https://w3id.org/sepses/vocab/log/coreLog#timestamp>
                "2020-06-30T14:50:10.017Z"^^<http://www.w3.org/2001/XMLSchema#dateTime> ;
        <https://w3id.org/sepses/vocab/log/win-event#destinationIP>
                <http://w3id.org/sepses/resource/host#10.10.30.5> ;
        <https://w3id.org/sepses/vocab/log/win-event#destinationPort>
                <http://w3id.org/sepses/resource/port#5044> ;
        <https://w3id.org/sepses/vocab/log/win-event#eventAction>
                <http://w3id.org/sepses/resource/event/action#network_flow> ;
        <https://w3id.org/sepses/vocab/log/win-event#eventCategory>
                <http://w3id.org/sepses/resource/event/category#network_traffic> ;
        <https://w3id.org/sepses/vocab/log/win-event#eventEnd>
                "2020-06-30T14:47:56.765Z"^^<http://www.w3.org/2001/XMLSchema#dateTime> ;
        <https://w3id.org/sepses/vocab/log/win-event#eventStart>
                "2020-06-30T14:47:56.765Z"^^<http://www.w3.org/2001/XMLSchema#dateTime> ;
        <https://w3id.org/sepses/vocab/log/win-event#networkTransport>
                <http://w3id.org/sepses/resource/network/transport#tcp> ;
        <https://w3id.org/sepses/vocab/log/win-event#networkType>
                <http://w3id.org/sepses/resource/network/type#ipv4> ;
        <https://w3id.org/sepses/vocab/log/win-event#sourceIP>
                <http://w3id.org/sepses/resource/host#10.10.30.7> ;
        <https://w3id.org/sepses/vocab/log/win-event#sourcePort>
                <http://w3id.org/sepses/resource/port#49775> .

<http://w3id.org/sepses/resource/win-event#LogEntry-0bb601c5-d803-4e0e-8b84-be695106cd4a>
        a       <https://w3id.org/sepses/vocab/log/packet#PacketLog> ;
        <https://w3id.org/sepses/vocab/log/coreLog#originatesFrom>
                <http://w3id.org/sepses/resource/host#logcollector> ;
        <https://w3id.org/sepses/vocab/log/coreLog#timestamp>
                "2020-06-30T14:53:20.005Z"^^<http://www.w3.org/2001/XMLSchema#dateTime> ;
        <https://w3id.org/sepses/vocab/log/win-event#destinationIP>
                <http://w3id.org/sepses/resource/host#51.105.249.223> ;
        <https://w3id.org/sepses/vocab/log/win-event#destinationPort>
                <http://w3id.org/sepses/resource/port#443> ;
        <https://w3id.org/sepses/vocab/log/win-event#eventAction>
                <http://w3id.org/sepses/resource/event/action#network_flow> ;
        <https://w3id.org/sepses/vocab/log/win-event#eventCategory>
                <http://w3id.org/sepses/resource/event/category#network_traffic> ;
        <https://w3id.org/sepses/vocab/log/win-event#eventEnd>
                "2020-06-30T14:53:16.122Z"^^<http://www.w3.org/2001/XMLSchema#dateTime> ;
        <https://w3id.org/sepses/vocab/log/win-event#eventStart>
                "2020-06-30T14:53:16.122Z"^^<http://www.w3.org/2001/XMLSchema#dateTime> ;
        <https://w3id.org/sepses/vocab/log/win-event#networkTransport>
                <http://w3id.org/sepses/resource/network/transport#tcp> ;
        <https://w3id.org/sepses/vocab/log/win-event#networkType>
                <http://w3id.org/sepses/resource/network/type#ipv4> ;
        <https://w3id.org/sepses/vocab/log/win-event#sourceIP>
                <http://w3id.org/sepses/resource/host#10.10.30.7> ;
        <https://w3id.org/sepses/vocab/log/win-event#sourcePort>
                <http://w3id.org/sepses/resource/port#49709> .

<http://w3id.org/sepses/resource/win-event#LogEntry-8f664c39-9523-4aad-a1a1-2c8c4bddfbb2>
        a       <https://w3id.org/sepses/vocab/log/packet#PacketLog> ;
        <https://w3id.org/sepses/vocab/log/coreLog#originatesFrom>
                <http://w3id.org/sepses/resource/host#logcollector> ;
        <https://w3id.org/sepses/vocab/log/coreLog#timestamp>
                "2020-06-30T14:55:10.002Z"^^<http://www.w3.org/2001/XMLSchema#dateTime> ;
        <https://w3id.org/sepses/vocab/log/win-event#eventAction>
                <http://w3id.org/sepses/resource/event/action#network_flow> ;
        <https://w3id.org/sepses/vocab/log/win-event#eventCategory>
                <http://w3id.org/sepses/resource/event/category#network_traffic> ;
        <https://w3id.org/sepses/vocab/log/win-event#eventEnd>
                "2020-06-30T14:54:20.916Z"^^<http://www.w3.org/2001/XMLSchema#dateTime> ;
        <https://w3id.org/sepses/vocab/log/win-event#eventStart>
                "2020-06-30T14:54:20.916Z"^^<http://www.w3.org/2001/XMLSchema#dateTime> .

<http://w3id.org/sepses/resource/win-event#LogEntry-b142a254-e498-4b76-8b7e-41f4d6d28f78>
        a       <https://w3id.org/sepses/vocab/log/packet#PacketLog> ;
        <https://w3id.org/sepses/vocab/log/coreLog#originatesFrom>
                <http://w3id.org/sepses/resource/host#logcollector> ;
        <https://w3id.org/sepses/vocab/log/coreLog#timestamp>
                "2020-06-30T14:55:00.009Z"^^<http://www.w3.org/2001/XMLSchema#dateTime> ;
        <https://w3id.org/sepses/vocab/log/win-event#destinationIP>
                <http://w3id.org/sepses/resource/host#10.10.30.5> ;
        <https://w3id.org/sepses/vocab/log/win-event#destinationPort>
                <http://w3id.org/sepses/resource/port#5044> ;
        <https://w3id.org/sepses/vocab/log/win-event#eventAction>
                <http://w3id.org/sepses/resource/event/action#network_flow> ;
        <https://w3id.org/sepses/vocab/log/win-event#eventCategory>
                <http://w3id.org/sepses/resource/event/category#network_traffic> ;
        <https://w3id.org/sepses/vocab/log/win-event#eventEnd>
                "2020-06-30T14:53:53.047Z"^^<http://www.w3.org/2001/XMLSchema#dateTime> ;
        <https://w3id.org/sepses/vocab/log/win-event#eventStart>
                "2020-06-30T14:53:53.047Z"^^<http://www.w3.org/2001/XMLSchema#dateTime> ;
        <https://w3id.org/sepses/vocab/log/win-event#networkTransport>
                <http://w3id.org/sepses/resource/network/transport#tcp> ;
        <https://w3id.org/sepses/vocab/log/win-event#networkType>
                <http://w3id.org/sepses/resource/network/type#ipv4> ;
        <https://w3id.org/sepses/vocab/log/win-event#sourceIP>
                <http://w3id.org/sepses/resource/host#10.10.30.7> ;
        <https://w3id.org/sepses/vocab/log/win-event#sourcePort>
                <http://w3id.org/sepses/resource/port#49799> .

<http://w3id.org/sepses/resource/win-event#LogEntry-8e699ecf-027f-42c9-ad05-9c2dee69237b>
        a       <https://w3id.org/sepses/vocab/log/win-event#Winlog> ;
        <https://w3id.org/sepses/vocab/log/coreLog#logLevel>
                <http://w3id.org/sepses/resource/loglevel#information> ;
        <https://w3id.org/sepses/vocab/log/coreLog#message>
                "Special privileges assigned to new logon.\n\nSubject:\n\tSecurity ID:\t\tS-1-5-18\n\tAccount Name:\t\tVICTIM-SERVER$\n\tAccount Domain:\t\tSEPSES\n\tLogon ID:\t\t0x4F43F0F\n\nPrivileges:\t\tSeSecurityPrivilege\n\t\t\tSeBackupPrivilege\n\t\t\tSeRestorePrivilege\n\t\t\tSeTakeOwnershipPrivilege\n\t\t\tSeDebugPrivilege\n\t\t\tSeSystemEnvironmentPrivilege\n\t\t\tSeLoadDriverPrivilege\n\t\t\tSeImpersonatePrivilege\n\t\t\tSeDelegateSessionUserImpersonatePrivilege\n\t\t\tSeEnableDelegationPrivilege" ;
        <https://w3id.org/sepses/vocab/log/coreLog#originatesFrom>
                <http://w3id.org/sepses/resource/host#victim-server> ;
        <https://w3id.org/sepses/vocab/log/coreLog#timestamp>
                "2020-06-30T21:35:10.797Z"^^<http://www.w3.org/2001/XMLSchema#dateTime> ;
        <https://w3id.org/sepses/vocab/log/win-event#eventAction>
                <http://w3id.org/sepses/resource/event/action#logged-in-special> ;
        <https://w3id.org/sepses/vocab/log/win-event#eventChannel>
                <http://w3id.org/sepses/resource/event/channel#Security> ;
        <https://w3id.org/sepses/vocab/log/win-event#eventId>
                <http://w3id.org/sepses/resource/event/id#4672> ;
        <https://w3id.org/sepses/vocab/log/win-event#eventProvider>
                <http://w3id.org/sepses/resource/event/provider#Microsoft-Windows-Security-Auditing> ;
        <https://w3id.org/sepses/vocab/log/win-event#hasUser>
                <http://w3id.org/sepses/resource/user#VICTIM-SERVER%24> ;
        <https://w3id.org/sepses/vocab/log/win-event#pid>
                <http://w3id.org/sepses/resource/process/id#628> .

<http://w3id.org/sepses/resource/win-event#LogEntry-f609c70c-f462-43c0-a13c-b906e4a89ab6>
        a       <https://w3id.org/sepses/vocab/log/win-event#Winlog> ;
        <https://w3id.org/sepses/vocab/log/coreLog#logLevel>
                <http://w3id.org/sepses/resource/loglevel#information> ;
        <https://w3id.org/sepses/vocab/log/coreLog#message>
                "An account was logged off.\n\nSubject:\n\tSecurity ID:\t\tS-1-5-18\n\tAccount Name:\t\tVICTIM-SERVER$\n\tAccount Domain:\t\tSEPSES\n\tLogon ID:\t\t0x4F6E33B\n\nLogon Type:\t\t\t3\n\nThis event is generated when a logon session is destroyed. It may be positively correlated with a logon event using the Logon ID value. Logon IDs are only unique between reboots on the same computer." ;
        <https://w3id.org/sepses/vocab/log/coreLog#originatesFrom>
                <http://w3id.org/sepses/resource/host#victim-server> ;
        <https://w3id.org/sepses/vocab/log/coreLog#timestamp>
                "2020-06-30T21:41:11.873Z"^^<http://www.w3.org/2001/XMLSchema#dateTime> ;
        <https://w3id.org/sepses/vocab/log/win-event#eventAction>
                <http://w3id.org/sepses/resource/event/action#logged-out> ;
        <https://w3id.org/sepses/vocab/log/win-event#eventChannel>
                <http://w3id.org/sepses/resource/event/channel#Security> ;
        <https://w3id.org/sepses/vocab/log/win-event#eventId>
                <http://w3id.org/sepses/resource/event/id#4634> ;
        <https://w3id.org/sepses/vocab/log/win-event#eventProvider>
                <http://w3id.org/sepses/resource/event/provider#Microsoft-Windows-Security-Auditing> ;
        <https://w3id.org/sepses/vocab/log/win-event#pid>
                <http://w3id.org/sepses/resource/process/id#628> .

<http://w3id.org/sepses/resource/win-event#LogEntry-92af273e-934d-471a-b70b-b5b37b8fd348>
        a       <https://w3id.org/sepses/vocab/log/packet#PacketLog> ;
        <https://w3id.org/sepses/vocab/log/coreLog#originatesFrom>
                <http://w3id.org/sepses/resource/host#logcollector> ;
        <https://w3id.org/sepses/vocab/log/coreLog#timestamp>
                "2020-06-30T14:54:30.009Z"^^<http://www.w3.org/2001/XMLSchema#dateTime> ;
        <https://w3id.org/sepses/vocab/log/win-event#destinationIP>
                <http://w3id.org/sepses/resource/host#10.10.30.5> ;
        <https://w3id.org/sepses/vocab/log/win-event#destinationPort>
                <http://w3id.org/sepses/resource/port#5044> ;
        <https://w3id.org/sepses/vocab/log/win-event#eventAction>
                <http://w3id.org/sepses/resource/event/action#network_flow> ;
        <https://w3id.org/sepses/vocab/log/win-event#eventCategory>
                <http://w3id.org/sepses/resource/event/category#network_traffic> ;
        <https://w3id.org/sepses/vocab/log/win-event#eventEnd>
                "2020-06-30T14:52:04.082Z"^^<http://www.w3.org/2001/XMLSchema#dateTime> ;
        <https://w3id.org/sepses/vocab/log/win-event#eventStart>
                "2020-06-30T14:52:04.082Z"^^<http://www.w3.org/2001/XMLSchema#dateTime> ;
        <https://w3id.org/sepses/vocab/log/win-event#networkTransport>
                <http://w3id.org/sepses/resource/network/transport#tcp> ;
        <https://w3id.org/sepses/vocab/log/win-event#networkType>
                <http://w3id.org/sepses/resource/network/type#ipv4> ;
        <https://w3id.org/sepses/vocab/log/win-event#sourceIP>
                <http://w3id.org/sepses/resource/host#10.10.30.7> ;
        <https://w3id.org/sepses/vocab/log/win-event#sourcePort>
                <http://w3id.org/sepses/resource/port#49787> .

<http://w3id.org/sepses/resource/win-event#LogEntry-3fcb28fa-82fa-473a-bc53-2593dba61811>
        a       <https://w3id.org/sepses/vocab/log/win-event#Winlog> ;
        <https://w3id.org/sepses/vocab/log/coreLog#logLevel>
                <http://w3id.org/sepses/resource/loglevel#information> ;
        <https://w3id.org/sepses/vocab/log/coreLog#message>
                "Special privileges assigned to new logon.\n\nSubject:\n\tSecurity ID:\t\tS-1-5-18\n\tAccount Name:\t\tVICTIM-SERVER$\n\tAccount Domain:\t\tSEPSES\n\tLogon ID:\t\t0x4FD8C93\n\nPrivileges:\t\tSeSecurityPrivilege\n\t\t\tSeBackupPrivilege\n\t\t\tSeRestorePrivilege\n\t\t\tSeTakeOwnershipPrivilege\n\t\t\tSeDebugPrivilege\n\t\t\tSeSystemEnvironmentPrivilege\n\t\t\tSeLoadDriverPrivilege\n\t\t\tSeImpersonatePrivilege\n\t\t\tSeDelegateSessionUserImpersonatePrivilege\n\t\t\tSeEnableDelegationPrivilege" ;
        <https://w3id.org/sepses/vocab/log/coreLog#originatesFrom>
                <http://w3id.org/sepses/resource/host#victim-server> ;
        <https://w3id.org/sepses/vocab/log/coreLog#timestamp>
                "2020-06-30T21:56:13.817Z"^^<http://www.w3.org/2001/XMLSchema#dateTime> ;
        <https://w3id.org/sepses/vocab/log/win-event#eventAction>
                <http://w3id.org/sepses/resource/event/action#logged-in-special> ;
        <https://w3id.org/sepses/vocab/log/win-event#eventChannel>
                <http://w3id.org/sepses/resource/event/channel#Security> ;
        <https://w3id.org/sepses/vocab/log/win-event#eventId>
                <http://w3id.org/sepses/resource/event/id#4672> ;
        <https://w3id.org/sepses/vocab/log/win-event#eventProvider>
                <http://w3id.org/sepses/resource/event/provider#Microsoft-Windows-Security-Auditing> ;
        <https://w3id.org/sepses/vocab/log/win-event#hasUser>
                <http://w3id.org/sepses/resource/user#VICTIM-SERVER%24> ;
        <https://w3id.org/sepses/vocab/log/win-event#pid>
                <http://w3id.org/sepses/resource/process/id#628> .

<http://w3id.org/sepses/resource/win-event#LogEntry-2024b591-6bd5-4db7-82d3-3efdd8932f21>
        a       <https://w3id.org/sepses/vocab/log/packet#PacketLog> ;
        <https://w3id.org/sepses/vocab/log/coreLog#originatesFrom>
                <http://w3id.org/sepses/resource/host#logcollector> ;
        <https://w3id.org/sepses/vocab/log/coreLog#timestamp>
                "2020-06-30T14:55:10.002Z"^^<http://www.w3.org/2001/XMLSchema#dateTime> ;
        <https://w3id.org/sepses/vocab/log/win-event#destinationIP>
                <http://w3id.org/sepses/resource/host#10.10.30.255> ;
        <https://w3id.org/sepses/vocab/log/win-event#destinationPort>
                <http://w3id.org/sepses/resource/port#137> ;
        <https://w3id.org/sepses/vocab/log/win-event#eventAction>
                <http://w3id.org/sepses/resource/event/action#network_flow> ;
        <https://w3id.org/sepses/vocab/log/win-event#eventCategory>
                <http://w3id.org/sepses/resource/event/category#network_traffic> ;
        <https://w3id.org/sepses/vocab/log/win-event#eventEnd>
                "2020-06-30T14:54:52.933Z"^^<http://www.w3.org/2001/XMLSchema#dateTime> ;
        <https://w3id.org/sepses/vocab/log/win-event#eventStart>
                "2020-06-30T14:54:52.933Z"^^<http://www.w3.org/2001/XMLSchema#dateTime> ;
        <https://w3id.org/sepses/vocab/log/win-event#networkTransport>
                <http://w3id.org/sepses/resource/network/transport#udp> ;
        <https://w3id.org/sepses/vocab/log/win-event#networkType>
                <http://w3id.org/sepses/resource/network/type#ipv4> ;
        <https://w3id.org/sepses/vocab/log/win-event#sourceIP>
                <http://w3id.org/sepses/resource/host#10.10.30.7> ;
        <https://w3id.org/sepses/vocab/log/win-event#sourcePort>
                <http://w3id.org/sepses/resource/port#137> .

<http://w3id.org/sepses/resource/win-event#LogEntry-9ca26b8c-9994-4ed4-84a9-dc3f44e46a1d>
        a       <https://w3id.org/sepses/vocab/log/packet#PacketLog> ;
        <https://w3id.org/sepses/vocab/log/coreLog#originatesFrom>
                <http://w3id.org/sepses/resource/host#logcollector> ;
        <https://w3id.org/sepses/vocab/log/coreLog#timestamp>
                "2020-06-30T14:54:40.009Z"^^<http://www.w3.org/2001/XMLSchema#dateTime> ;
        <https://w3id.org/sepses/vocab/log/win-event#destinationIP>
                <http://w3id.org/sepses/resource/host#10.10.30.7> ;
        <https://w3id.org/sepses/vocab/log/win-event#destinationPort>
                <http://w3id.org/sepses/resource/port#5044> ;
        <https://w3id.org/sepses/vocab/log/win-event#eventAction>
                <http://w3id.org/sepses/resource/event/action#network_flow> ;
        <https://w3id.org/sepses/vocab/log/win-event#eventCategory>
                <http://w3id.org/sepses/resource/event/category#network_traffic> ;
        <https://w3id.org/sepses/vocab/log/win-event#eventEnd>
                "2020-06-30T14:54:28.023Z"^^<http://www.w3.org/2001/XMLSchema#dateTime> ;
        <https://w3id.org/sepses/vocab/log/win-event#eventStart>
                "2020-06-30T14:54:28.023Z"^^<http://www.w3.org/2001/XMLSchema#dateTime> ;
        <https://w3id.org/sepses/vocab/log/win-event#networkTransport>
                <http://w3id.org/sepses/resource/network/transport#tcp> ;
        <https://w3id.org/sepses/vocab/log/win-event#networkType>
                <http://w3id.org/sepses/resource/network/type#ipv4> ;
        <https://w3id.org/sepses/vocab/log/win-event#sourceIP>
                <http://w3id.org/sepses/resource/host#10.10.30.5> ;
        <https://w3id.org/sepses/vocab/log/win-event#sourcePort>
                <http://w3id.org/sepses/resource/port#49992> .

<http://w3id.org/sepses/resource/win-event#LogEntry-c043408d-f2da-432e-bb7b-953afbdda537>
        a       <https://w3id.org/sepses/vocab/log/packet#PacketLog> ;
        <https://w3id.org/sepses/vocab/log/coreLog#originatesFrom>
                <http://w3id.org/sepses/resource/host#logcollector> ;
        <https://w3id.org/sepses/vocab/log/coreLog#timestamp>
                "2020-06-30T14:53:10.003Z"^^<http://www.w3.org/2001/XMLSchema#dateTime> ;
        <https://w3id.org/sepses/vocab/log/win-event#destinationIP>
                <http://w3id.org/sepses/resource/host#10.10.30.7> ;
        <https://w3id.org/sepses/vocab/log/win-event#destinationPort>
                <http://w3id.org/sepses/resource/port#5044> ;
        <https://w3id.org/sepses/vocab/log/win-event#eventAction>
                <http://w3id.org/sepses/resource/event/action#network_flow> ;
        <https://w3id.org/sepses/vocab/log/win-event#eventCategory>
                <http://w3id.org/sepses/resource/event/category#network_traffic> ;
        <https://w3id.org/sepses/vocab/log/win-event#eventEnd>
                "2020-06-30T14:53:08.648Z"^^<http://www.w3.org/2001/XMLSchema#dateTime> ;
        <https://w3id.org/sepses/vocab/log/win-event#eventStart>
                "2020-06-30T14:53:08.648Z"^^<http://www.w3.org/2001/XMLSchema#dateTime> ;
        <https://w3id.org/sepses/vocab/log/win-event#networkTransport>
                <http://w3id.org/sepses/resource/network/transport#tcp> ;
        <https://w3id.org/sepses/vocab/log/win-event#networkType>
                <http://w3id.org/sepses/resource/network/type#ipv4> ;
        <https://w3id.org/sepses/vocab/log/win-event#sourceIP>
                <http://w3id.org/sepses/resource/host#10.10.30.5> ;
        <https://w3id.org/sepses/vocab/log/win-event#sourcePort>
                <http://w3id.org/sepses/resource/port#49990> .

<http://w3id.org/sepses/resource/win-event#LogEntry-8bc2c623-85de-4972-a0d0-23ee50e10c40>
        a       <https://w3id.org/sepses/vocab/log/packet#PacketLog> ;
        <https://w3id.org/sepses/vocab/log/coreLog#originatesFrom>
                <http://w3id.org/sepses/resource/host#logcollector> ;
        <https://w3id.org/sepses/vocab/log/coreLog#timestamp>
                "2020-06-30T14:51:20.016Z"^^<http://www.w3.org/2001/XMLSchema#dateTime> ;
        <https://w3id.org/sepses/vocab/log/win-event#destinationIP>
                <http://w3id.org/sepses/resource/host#10.10.30.5> ;
        <https://w3id.org/sepses/vocab/log/win-event#destinationPort>
                <http://w3id.org/sepses/resource/port#5044> ;
        <https://w3id.org/sepses/vocab/log/win-event#eventAction>
                <http://w3id.org/sepses/resource/event/action#network_flow> ;
        <https://w3id.org/sepses/vocab/log/win-event#eventCategory>
                <http://w3id.org/sepses/resource/event/category#network_traffic> ;
        <https://w3id.org/sepses/vocab/log/win-event#eventEnd>
                "2020-06-30T14:50:58.814Z"^^<http://www.w3.org/2001/XMLSchema#dateTime> ;
        <https://w3id.org/sepses/vocab/log/win-event#eventStart>
                "2020-06-30T14:50:58.814Z"^^<http://www.w3.org/2001/XMLSchema#dateTime> ;
        <https://w3id.org/sepses/vocab/log/win-event#networkTransport>
                <http://w3id.org/sepses/resource/network/transport#tcp> ;
        <https://w3id.org/sepses/vocab/log/win-event#networkType>
                <http://w3id.org/sepses/resource/network/type#ipv4> ;
        <https://w3id.org/sepses/vocab/log/win-event#sourceIP>
                <http://w3id.org/sepses/resource/host#10.10.30.7> ;
        <https://w3id.org/sepses/vocab/log/win-event#sourcePort>
                <http://w3id.org/sepses/resource/port#49781> .

<http://w3id.org/sepses/resource/win-event#LogEntry-0f4fdc3e-37f6-49f4-9cbb-2a753f8c1a59>
        a       <https://w3id.org/sepses/vocab/log/win-event#Winlog> ;
        <https://w3id.org/sepses/vocab/log/coreLog#logLevel>
                <http://w3id.org/sepses/resource/loglevel#information> ;
        <https://w3id.org/sepses/vocab/log/coreLog#message>
                "A user's local group membership was enumerated.\n\nSubject:\n\tSecurity ID:\t\tS-1-5-21-1181416786-3707116272-498999069-500\n\tAccount Name:\t\tAdministrator\n\tAccount Domain:\t\tLOGCOLLECTOR\n\tLogon ID:\t\t0x46453\n\nUser:\n\tSecurity ID:\t\tS-1-5-21-1181416786-3707116272-498999069-500\n\tAccount Name:\t\tAdministrator\n\tAccount Domain:\t\tLOGCOLLECTOR\n\nProcess Information:\n\tProcess ID:\t\t0x14a8\n\tProcess Name:\t\tC:\\Windows\\explorer.exe" ;
        <https://w3id.org/sepses/vocab/log/coreLog#originatesFrom>
                <http://w3id.org/sepses/resource/host#logcollector> ;
        <https://w3id.org/sepses/vocab/log/coreLog#timestamp>
                "2020-06-30T14:52:36.975Z"^^<http://www.w3.org/2001/XMLSchema#dateTime> ;
        <https://w3id.org/sepses/vocab/log/win-event#eventAction>
                <http://w3id.org/sepses/resource/event/action#group-membership-enumerated> ;
        <https://w3id.org/sepses/vocab/log/win-event#eventChannel>
                <http://w3id.org/sepses/resource/event/channel#Security> ;
        <https://w3id.org/sepses/vocab/log/win-event#eventId>
                <http://w3id.org/sepses/resource/event/id#4798> ;
        <https://w3id.org/sepses/vocab/log/win-event#eventProvider>
                <http://w3id.org/sepses/resource/event/provider#Microsoft-Windows-Security-Auditing> ;
        <https://w3id.org/sepses/vocab/log/win-event#hasUser>
                <http://w3id.org/sepses/resource/user#Administrator> ;
        <https://w3id.org/sepses/vocab/log/win-event#pid>
                <http://w3id.org/sepses/resource/process/id#676> .

<http://w3id.org/sepses/resource/win-event#LogEntry-9bb59e45-6412-4be3-b67d-0ccbd9410518>
        a       <https://w3id.org/sepses/vocab/log/win-event#Winlog> ;
        <https://w3id.org/sepses/vocab/log/coreLog#logLevel>
                <http://w3id.org/sepses/resource/loglevel#information> ;
        <https://w3id.org/sepses/vocab/log/coreLog#message>
                "Special privileges assigned to new logon.\n\nSubject:\n\tSecurity ID:\t\tS-1-5-18\n\tAccount Name:\t\tVICTIM-SERVER$\n\tAccount Domain:\t\tSEPSES\n\tLogon ID:\t\t0x4FAC907\n\nPrivileges:\t\tSeSecurityPrivilege\n\t\t\tSeBackupPrivilege\n\t\t\tSeRestorePrivilege\n\t\t\tSeTakeOwnershipPrivilege\n\t\t\tSeDebugPrivilege\n\t\t\tSeSystemEnvironmentPrivilege\n\t\t\tSeLoadDriverPrivilege\n\t\t\tSeImpersonatePrivilege\n\t\t\tSeDelegateSessionUserImpersonatePrivilege\n\t\t\tSeEnableDelegationPrivilege" ;
        <https://w3id.org/sepses/vocab/log/coreLog#originatesFrom>
                <http://w3id.org/sepses/resource/host#victim-server> ;
        <https://w3id.org/sepses/vocab/log/coreLog#timestamp>
                "2020-06-30T21:50:06.676Z"^^<http://www.w3.org/2001/XMLSchema#dateTime> ;
        <https://w3id.org/sepses/vocab/log/win-event#eventAction>
                <http://w3id.org/sepses/resource/event/action#logged-in-special> ;
        <https://w3id.org/sepses/vocab/log/win-event#eventChannel>
                <http://w3id.org/sepses/resource/event/channel#Security> ;
        <https://w3id.org/sepses/vocab/log/win-event#eventId>
                <http://w3id.org/sepses/resource/event/id#4672> ;
        <https://w3id.org/sepses/vocab/log/win-event#eventProvider>
                <http://w3id.org/sepses/resource/event/provider#Microsoft-Windows-Security-Auditing> ;
        <https://w3id.org/sepses/vocab/log/win-event#hasUser>
                <http://w3id.org/sepses/resource/user#VICTIM-SERVER%24> ;
        <https://w3id.org/sepses/vocab/log/win-event#pid>
                <http://w3id.org/sepses/resource/process/id#628> .

<http://w3id.org/sepses/resource/win-event#LogEntry-6fbbb440-48b3-4e1d-8aec-842b067e05de>
        a       <https://w3id.org/sepses/vocab/log/packet#PacketLog> ;
        <https://w3id.org/sepses/vocab/log/coreLog#originatesFrom>
                <http://w3id.org/sepses/resource/host#logcollector> ;
        <https://w3id.org/sepses/vocab/log/coreLog#timestamp>
                "2020-06-30T14:47:40.006Z"^^<http://www.w3.org/2001/XMLSchema#dateTime> ;
        <https://w3id.org/sepses/vocab/log/win-event#eventAction>
                <http://w3id.org/sepses/resource/event/action#network_flow> ;
        <https://w3id.org/sepses/vocab/log/win-event#eventCategory>
                <http://w3id.org/sepses/resource/event/category#network_traffic> ;
        <https://w3id.org/sepses/vocab/log/win-event#eventEnd>
                "2020-06-30T14:45:13.900Z"^^<http://www.w3.org/2001/XMLSchema#dateTime> ;
        <https://w3id.org/sepses/vocab/log/win-event#eventStart>
                "2020-06-30T14:45:13.900Z"^^<http://www.w3.org/2001/XMLSchema#dateTime> .

<http://w3id.org/sepses/resource/win-event#LogEntry-31ff3b99-bcc6-4da0-a53b-6f835030eebc>
        a       <https://w3id.org/sepses/vocab/log/packet#PacketLog> ;
        <https://w3id.org/sepses/vocab/log/coreLog#originatesFrom>
                <http://w3id.org/sepses/resource/host#logcollector> ;
        <https://w3id.org/sepses/vocab/log/coreLog#timestamp>
                "2020-06-30T14:50:50.004Z"^^<http://www.w3.org/2001/XMLSchema#dateTime> ;
        <https://w3id.org/sepses/vocab/log/win-event#eventAction>
                <http://w3id.org/sepses/resource/event/action#network_flow> ;
        <https://w3id.org/sepses/vocab/log/win-event#eventCategory>
                <http://w3id.org/sepses/resource/event/category#network_traffic> ;
        <https://w3id.org/sepses/vocab/log/win-event#eventEnd>
                "2020-06-30T14:49:40.776Z"^^<http://www.w3.org/2001/XMLSchema#dateTime> ;
        <https://w3id.org/sepses/vocab/log/win-event#eventStart>
                "2020-06-30T14:49:40.776Z"^^<http://www.w3.org/2001/XMLSchema#dateTime> .

<http://w3id.org/sepses/resource/win-event#LogEntry-6085aee5-4c88-4ed9-85ff-f773e9f5734b>
        a       <https://w3id.org/sepses/vocab/log/win-event#Winlog> ;
        <https://w3id.org/sepses/vocab/log/coreLog#logLevel>
                <http://w3id.org/sepses/resource/loglevel#information> ;
        <https://w3id.org/sepses/vocab/log/coreLog#message>
                "Special privileges assigned to new logon.\n\nSubject:\n\tSecurity ID:\t\tS-1-5-18\n\tAccount Name:\t\tVICTIM-SERVER$\n\tAccount Domain:\t\tSEPSES\n\tLogon ID:\t\t0x4FBCDD3\n\nPrivileges:\t\tSeSecurityPrivilege\n\t\t\tSeBackupPrivilege\n\t\t\tSeRestorePrivilege\n\t\t\tSeTakeOwnershipPrivilege\n\t\t\tSeDebugPrivilege\n\t\t\tSeSystemEnvironmentPrivilege\n\t\t\tSeLoadDriverPrivilege\n\t\t\tSeImpersonatePrivilege\n\t\t\tSeDelegateSessionUserImpersonatePrivilege\n\t\t\tSeEnableDelegationPrivilege" ;
        <https://w3id.org/sepses/vocab/log/coreLog#originatesFrom>
                <http://w3id.org/sepses/resource/host#victim-server> ;
        <https://w3id.org/sepses/vocab/log/coreLog#timestamp>
                "2020-06-30T21:52:10.973Z"^^<http://www.w3.org/2001/XMLSchema#dateTime> ;
        <https://w3id.org/sepses/vocab/log/win-event#eventAction>
                <http://w3id.org/sepses/resource/event/action#logged-in-special> ;
        <https://w3id.org/sepses/vocab/log/win-event#eventChannel>
                <http://w3id.org/sepses/resource/event/channel#Security> ;
        <https://w3id.org/sepses/vocab/log/win-event#eventId>
                <http://w3id.org/sepses/resource/event/id#4672> ;
        <https://w3id.org/sepses/vocab/log/win-event#eventProvider>
                <http://w3id.org/sepses/resource/event/provider#Microsoft-Windows-Security-Auditing> ;
        <https://w3id.org/sepses/vocab/log/win-event#hasUser>
                <http://w3id.org/sepses/resource/user#VICTIM-SERVER%24> ;
        <https://w3id.org/sepses/vocab/log/win-event#pid>
                <http://w3id.org/sepses/resource/process/id#628> .

<http://w3id.org/sepses/resource/win-event#LogEntry-172a446d-4e30-4857-93e3-fef6bf1f6734>
        a       <https://w3id.org/sepses/vocab/log/packet#PacketLog> ;
        <https://w3id.org/sepses/vocab/log/coreLog#originatesFrom>
                <http://w3id.org/sepses/resource/host#victim-w2> ;
        <https://w3id.org/sepses/vocab/log/coreLog#timestamp>
                "2020-06-30T21:52:20.394Z"^^<http://www.w3.org/2001/XMLSchema#dateTime> ;
        <https://w3id.org/sepses/vocab/log/win-event#destinationIP>
                <http://w3id.org/sepses/resource/host#255.255.255.255> ;
        <https://w3id.org/sepses/vocab/log/win-event#destinationPort>
                <http://w3id.org/sepses/resource/port#67> ;
        <https://w3id.org/sepses/vocab/log/win-event#eventAction>
                <http://w3id.org/sepses/resource/event/action#network_flow> ;
        <https://w3id.org/sepses/vocab/log/win-event#eventCategory>
                <http://w3id.org/sepses/resource/event/category#network_traffic> ;
        <https://w3id.org/sepses/vocab/log/win-event#eventEnd>
                "2020-06-30T21:51:33.652Z"^^<http://www.w3.org/2001/XMLSchema#dateTime> ;
        <https://w3id.org/sepses/vocab/log/win-event#eventStart>
                "2020-06-30T21:51:33.652Z"^^<http://www.w3.org/2001/XMLSchema#dateTime> ;
        <https://w3id.org/sepses/vocab/log/win-event#networkTransport>
                <http://w3id.org/sepses/resource/network/transport#udp> ;
        <https://w3id.org/sepses/vocab/log/win-event#networkType>
                <http://w3id.org/sepses/resource/network/type#ipv4> ;
        <https://w3id.org/sepses/vocab/log/win-event#sourceIP>
                <http://w3id.org/sepses/resource/host#0.0.0.0> ;
        <https://w3id.org/sepses/vocab/log/win-event#sourcePort>
                <http://w3id.org/sepses/resource/port#68> .

<http://w3id.org/sepses/resource/win-event#LogEntry-623a58ee-c4aa-464a-938f-edab118fd6f8>
        a       <https://w3id.org/sepses/vocab/log/win-event#Winlog> ;
        <https://w3id.org/sepses/vocab/log/coreLog#logLevel>
                <http://w3id.org/sepses/resource/loglevel#information> ;
        <https://w3id.org/sepses/vocab/log/coreLog#message>
                "An account was logged off.\n\nSubject:\n\tSecurity ID:\t\tS-1-5-18\n\tAccount Name:\t\tVICTIM-SERVER$\n\tAccount Domain:\t\tSEPSES\n\tLogon ID:\t\t0x4FA60CA\n\nLogon Type:\t\t\t3\n\nThis event is generated when a logon session is destroyed. It may be positively correlated with a logon event using the Logon ID value. Logon IDs are only unique between reboots on the same computer." ;
        <https://w3id.org/sepses/vocab/log/coreLog#originatesFrom>
                <http://w3id.org/sepses/resource/host#victim-server> ;
        <https://w3id.org/sepses/vocab/log/coreLog#timestamp>
                "2020-06-30T21:49:10.944Z"^^<http://www.w3.org/2001/XMLSchema#dateTime> ;
        <https://w3id.org/sepses/vocab/log/win-event#eventAction>
                <http://w3id.org/sepses/resource/event/action#logged-out> ;
        <https://w3id.org/sepses/vocab/log/win-event#eventChannel>
                <http://w3id.org/sepses/resource/event/channel#Security> ;
        <https://w3id.org/sepses/vocab/log/win-event#eventId>
                <http://w3id.org/sepses/resource/event/id#4634> ;
        <https://w3id.org/sepses/vocab/log/win-event#eventProvider>
                <http://w3id.org/sepses/resource/event/provider#Microsoft-Windows-Security-Auditing> ;
        <https://w3id.org/sepses/vocab/log/win-event#pid>
                <http://w3id.org/sepses/resource/process/id#628> .

