<http://w3id.org/sepses/resource/win-event#LogEntry-510c1a0f-0ceb-400d-8f59-1cc31c630eaa>
        a       <https://w3id.org/sepses/vocab/log/packet#PacketLog> ;
        <https://w3id.org/sepses/vocab/log/coreLog#originatesFrom>
                <http://w3id.org/sepses/resource/host#logcollector> ;
        <https://w3id.org/sepses/vocab/log/coreLog#timestamp>
                "2020-06-30T14:55:20.006Z"^^<http://www.w3.org/2001/XMLSchema#dateTime> ;
        <https://w3id.org/sepses/vocab/log/win-event#destinationIP>
                <http://w3id.org/sepses/resource/host#10.10.30.7> ;
        <https://w3id.org/sepses/vocab/log/win-event#destinationPort>
                <http://w3id.org/sepses/resource/port#54474> ;
        <https://w3id.org/sepses/vocab/log/win-event#eventAction>
                <http://w3id.org/sepses/resource/event/action#network_flow> ;
        <https://w3id.org/sepses/vocab/log/win-event#eventCategory>
                <http://w3id.org/sepses/resource/event/category#network_traffic> ;
        <https://w3id.org/sepses/vocab/log/win-event#eventEnd>
                "2020-06-30T14:54:53.209Z"^^<http://www.w3.org/2001/XMLSchema#dateTime> ;
        <https://w3id.org/sepses/vocab/log/win-event#eventStart>
                "2020-06-30T14:54:53.209Z"^^<http://www.w3.org/2001/XMLSchema#dateTime> ;
        <https://w3id.org/sepses/vocab/log/win-event#networkTransport>
                <http://w3id.org/sepses/resource/network/transport#udp> ;
        <https://w3id.org/sepses/vocab/log/win-event#networkType>
                <http://w3id.org/sepses/resource/network/type#ipv4> ;
        <https://w3id.org/sepses/vocab/log/win-event#sourceIP>
                <http://w3id.org/sepses/resource/host#10.10.30.6> ;
        <https://w3id.org/sepses/vocab/log/win-event#sourcePort>
                <http://w3id.org/sepses/resource/port#5355> .

<http://w3id.org/sepses/resource/win-event#LogEntry-b0737624-adaf-4f45-9e06-fee827c3ccd6>
        a       <https://w3id.org/sepses/vocab/log/packet#PacketLog> ;
        <https://w3id.org/sepses/vocab/log/coreLog#originatesFrom>
                <http://w3id.org/sepses/resource/host#logcollector> ;
        <https://w3id.org/sepses/vocab/log/coreLog#timestamp>
                "2020-06-30T14:52:40.005Z"^^<http://www.w3.org/2001/XMLSchema#dateTime> ;
        <https://w3id.org/sepses/vocab/log/win-event#destinationIP>
                <http://w3id.org/sepses/resource/host#10.10.30.4> ;
        <https://w3id.org/sepses/vocab/log/win-event#destinationPort>
                <http://w3id.org/sepses/resource/port#53> ;
        <https://w3id.org/sepses/vocab/log/win-event#eventAction>
                <http://w3id.org/sepses/resource/event/action#network_flow> ;
        <https://w3id.org/sepses/vocab/log/win-event#eventCategory>
                <http://w3id.org/sepses/resource/event/category#network_traffic> ;
        <https://w3id.org/sepses/vocab/log/win-event#eventEnd>
                "2020-06-30T14:52:16.053Z"^^<http://www.w3.org/2001/XMLSchema#dateTime> ;
        <https://w3id.org/sepses/vocab/log/win-event#eventStart>
                "2020-06-30T14:52:16.053Z"^^<http://www.w3.org/2001/XMLSchema#dateTime> ;
        <https://w3id.org/sepses/vocab/log/win-event#networkTransport>
                <http://w3id.org/sepses/resource/network/transport#udp> ;
        <https://w3id.org/sepses/vocab/log/win-event#networkType>
                <http://w3id.org/sepses/resource/network/type#ipv4> ;
        <https://w3id.org/sepses/vocab/log/win-event#sourceIP>
                <http://w3id.org/sepses/resource/host#10.10.30.7> ;
        <https://w3id.org/sepses/vocab/log/win-event#sourcePort>
                <http://w3id.org/sepses/resource/port#64892> .

<http://w3id.org/sepses/resource/win-event#LogEntry-4f7f286e-0139-48ff-ae68-a534b612cdde>
        a       <https://w3id.org/sepses/vocab/log/win-event#Winlog> ;
        <https://w3id.org/sepses/vocab/log/coreLog#logLevel>
                <http://w3id.org/sepses/resource/loglevel#information> ;
        <https://w3id.org/sepses/vocab/log/coreLog#message>
                "Special privileges assigned to new logon.\n\nSubject:\n\tSecurity ID:\t\tS-1-5-21-1926381507-2378294993-2946937962-500\n\tAccount Name:\t\tAdministrator\n\tAccount Domain:\t\tSEPSES\n\tLogon ID:\t\t0x4FB9A03\n\nPrivileges:\t\tSeSecurityPrivilege\n\t\t\tSeBackupPrivilege\n\t\t\tSeRestorePrivilege\n\t\t\tSeTakeOwnershipPrivilege\n\t\t\tSeDebugPrivilege\n\t\t\tSeSystemEnvironmentPrivilege\n\t\t\tSeLoadDriverPrivilege\n\t\t\tSeImpersonatePrivilege\n\t\t\tSeDelegateSessionUserImpersonatePrivilege\n\t\t\tSeEnableDelegationPrivilege" ;
        <https://w3id.org/sepses/vocab/log/coreLog#originatesFrom>
                <http://w3id.org/sepses/resource/host#victim-server> ;
        <https://w3id.org/sepses/vocab/log/coreLog#timestamp>
                "2020-06-30T21:51:42.935Z"^^<http://www.w3.org/2001/XMLSchema#dateTime> ;
        <https://w3id.org/sepses/vocab/log/win-event#eventAction>
                <http://w3id.org/sepses/resource/event/action#logged-in-special> ;
        <https://w3id.org/sepses/vocab/log/win-event#eventChannel>
                <http://w3id.org/sepses/resource/event/channel#Security> ;
        <https://w3id.org/sepses/vocab/log/win-event#eventId>
                <http://w3id.org/sepses/resource/event/id#4672> ;
        <https://w3id.org/sepses/vocab/log/win-event#eventProvider>
                <http://w3id.org/sepses/resource/event/provider#Microsoft-Windows-Security-Auditing> ;
        <https://w3id.org/sepses/vocab/log/win-event#hasUser>
                <http://w3id.org/sepses/resource/user#Administrator> ;
        <https://w3id.org/sepses/vocab/log/win-event#pid>
                <http://w3id.org/sepses/resource/process/id#628> .

<http://w3id.org/sepses/resource/win-event#LogEntry-5686f9e2-8bee-46c3-b967-c0b449de7b6e>
        a       <https://w3id.org/sepses/vocab/log/packet#PacketLog> ;
        <https://w3id.org/sepses/vocab/log/coreLog#originatesFrom>
                <http://w3id.org/sepses/resource/host#logcollector> ;
        <https://w3id.org/sepses/vocab/log/coreLog#timestamp>
                "2020-06-30T14:53:50.004Z"^^<http://www.w3.org/2001/XMLSchema#dateTime> ;
        <https://w3id.org/sepses/vocab/log/win-event#destinationIP>
                <http://w3id.org/sepses/resource/host#10.10.30.7> ;
        <https://w3id.org/sepses/vocab/log/win-event#destinationPort>
                <http://w3id.org/sepses/resource/port#5044> ;
        <https://w3id.org/sepses/vocab/log/win-event#eventAction>
                <http://w3id.org/sepses/resource/event/action#network_flow> ;
        <https://w3id.org/sepses/vocab/log/win-event#eventCategory>
                <http://w3id.org/sepses/resource/event/category#network_traffic> ;
        <https://w3id.org/sepses/vocab/log/win-event#eventEnd>
                "2020-06-30T14:53:09.677Z"^^<http://www.w3.org/2001/XMLSchema#dateTime> ;
        <https://w3id.org/sepses/vocab/log/win-event#eventStart>
                "2020-06-30T14:53:09.677Z"^^<http://www.w3.org/2001/XMLSchema#dateTime> ;
        <https://w3id.org/sepses/vocab/log/win-event#networkTransport>
                <http://w3id.org/sepses/resource/network/transport#tcp> ;
        <https://w3id.org/sepses/vocab/log/win-event#networkType>
                <http://w3id.org/sepses/resource/network/type#ipv4> ;
        <https://w3id.org/sepses/vocab/log/win-event#sourceIP>
                <http://w3id.org/sepses/resource/host#10.10.30.6> ;
        <https://w3id.org/sepses/vocab/log/win-event#sourcePort>
                <http://w3id.org/sepses/resource/port#3085> .

<http://w3id.org/sepses/resource/win-event#LogEntry-7a159cfa-213a-47c4-9697-f4b1d328f587>
        a       <https://w3id.org/sepses/vocab/log/packet#PacketLog> ;
        <https://w3id.org/sepses/vocab/log/coreLog#originatesFrom>
                <http://w3id.org/sepses/resource/host#logcollector> ;
        <https://w3id.org/sepses/vocab/log/coreLog#timestamp>
                "2020-06-30T14:47:40.006Z"^^<http://www.w3.org/2001/XMLSchema#dateTime> ;
        <https://w3id.org/sepses/vocab/log/win-event#destinationIP>
                <http://w3id.org/sepses/resource/host#10.10.30.5> ;
        <https://w3id.org/sepses/vocab/log/win-event#destinationPort>
                <http://w3id.org/sepses/resource/port#5044> ;
        <https://w3id.org/sepses/vocab/log/win-event#eventAction>
                <http://w3id.org/sepses/resource/event/action#network_flow> ;
        <https://w3id.org/sepses/vocab/log/win-event#eventCategory>
                <http://w3id.org/sepses/resource/event/category#network_traffic> ;
        <https://w3id.org/sepses/vocab/log/win-event#eventEnd>
                "2020-06-30T14:47:32.921Z"^^<http://www.w3.org/2001/XMLSchema#dateTime> ;
        <https://w3id.org/sepses/vocab/log/win-event#eventStart>
                "2020-06-30T14:47:32.921Z"^^<http://www.w3.org/2001/XMLSchema#dateTime> ;
        <https://w3id.org/sepses/vocab/log/win-event#networkTransport>
                <http://w3id.org/sepses/resource/network/transport#tcp> ;
        <https://w3id.org/sepses/vocab/log/win-event#networkType>
                <http://w3id.org/sepses/resource/network/type#ipv4> ;
        <https://w3id.org/sepses/vocab/log/win-event#sourceIP>
                <http://w3id.org/sepses/resource/host#10.10.30.7> ;
        <https://w3id.org/sepses/vocab/log/win-event#sourcePort>
                <http://w3id.org/sepses/resource/port#49774> .

<http://w3id.org/sepses/resource/win-event#LogEntry-64220a55-bfda-4013-96d1-db2bde3b8641>
        a       <https://w3id.org/sepses/vocab/log/packet#PacketLog> ;
        <https://w3id.org/sepses/vocab/log/coreLog#originatesFrom>
                <http://w3id.org/sepses/resource/host#logcollector> ;
        <https://w3id.org/sepses/vocab/log/coreLog#timestamp>
                "2020-06-30T14:49:30.007Z"^^<http://www.w3.org/2001/XMLSchema#dateTime> ;
        <https://w3id.org/sepses/vocab/log/win-event#destinationIP>
                <http://w3id.org/sepses/resource/host#10.10.30.7> ;
        <https://w3id.org/sepses/vocab/log/win-event#destinationPort>
                <http://w3id.org/sepses/resource/port#5044> ;
        <https://w3id.org/sepses/vocab/log/win-event#eventAction>
                <http://w3id.org/sepses/resource/event/action#network_flow> ;
        <https://w3id.org/sepses/vocab/log/win-event#eventCategory>
                <http://w3id.org/sepses/resource/event/category#network_traffic> ;
        <https://w3id.org/sepses/vocab/log/win-event#eventEnd>
                "2020-06-30T14:48:56.858Z"^^<http://www.w3.org/2001/XMLSchema#dateTime> ;
        <https://w3id.org/sepses/vocab/log/win-event#eventStart>
                "2020-06-30T14:48:56.858Z"^^<http://www.w3.org/2001/XMLSchema#dateTime> ;
        <https://w3id.org/sepses/vocab/log/win-event#networkTransport>
                <http://w3id.org/sepses/resource/network/transport#tcp> ;
        <https://w3id.org/sepses/vocab/log/win-event#networkType>
                <http://w3id.org/sepses/resource/network/type#ipv4> ;
        <https://w3id.org/sepses/vocab/log/win-event#sourceIP>
                <http://w3id.org/sepses/resource/host#10.10.30.5> ;
        <https://w3id.org/sepses/vocab/log/win-event#sourcePort>
                <http://w3id.org/sepses/resource/port#49982> .

<http://w3id.org/sepses/resource/win-event#LogEntry-f8c427f0-38a4-49cf-ab44-a53d109f8cbe>
        a       <https://w3id.org/sepses/vocab/log/win-event#Winlog> ;
        <https://w3id.org/sepses/vocab/log/coreLog#logLevel>
                <http://w3id.org/sepses/resource/loglevel#information> ;
        <https://w3id.org/sepses/vocab/log/coreLog#message>
                "Special privileges assigned to new logon.\n\nSubject:\n\tSecurity ID:\t\tS-1-5-18\n\tAccount Name:\t\tVICTIM-SERVER$\n\tAccount Domain:\t\tSEPSES\n\tLogon ID:\t\t0x4FA60CA\n\nPrivileges:\t\tSeSecurityPrivilege\n\t\t\tSeBackupPrivilege\n\t\t\tSeRestorePrivilege\n\t\t\tSeTakeOwnershipPrivilege\n\t\t\tSeDebugPrivilege\n\t\t\tSeSystemEnvironmentPrivilege\n\t\t\tSeLoadDriverPrivilege\n\t\t\tSeImpersonatePrivilege\n\t\t\tSeDelegateSessionUserImpersonatePrivilege\n\t\t\tSeEnableDelegationPrivilege" ;
        <https://w3id.org/sepses/vocab/log/coreLog#originatesFrom>
                <http://w3id.org/sepses/resource/host#victim-server> ;
        <https://w3id.org/sepses/vocab/log/coreLog#timestamp>
                "2020-06-30T21:49:10.940Z"^^<http://www.w3.org/2001/XMLSchema#dateTime> ;
        <https://w3id.org/sepses/vocab/log/win-event#eventAction>
                <http://w3id.org/sepses/resource/event/action#logged-in-special> ;
        <https://w3id.org/sepses/vocab/log/win-event#eventChannel>
                <http://w3id.org/sepses/resource/event/channel#Security> ;
        <https://w3id.org/sepses/vocab/log/win-event#eventId>
                <http://w3id.org/sepses/resource/event/id#4672> ;
        <https://w3id.org/sepses/vocab/log/win-event#eventProvider>
                <http://w3id.org/sepses/resource/event/provider#Microsoft-Windows-Security-Auditing> ;
        <https://w3id.org/sepses/vocab/log/win-event#hasUser>
                <http://w3id.org/sepses/resource/user#VICTIM-SERVER%24> ;
        <https://w3id.org/sepses/vocab/log/win-event#pid>
                <http://w3id.org/sepses/resource/process/id#628> .

<http://w3id.org/sepses/resource/win-event#LogEntry-4c70093e-f02d-4a0f-8b71-54c6f4131868>
        a       <https://w3id.org/sepses/vocab/log/win-event#Winlog> ;
        <https://w3id.org/sepses/vocab/log/coreLog#logLevel>
                <http://w3id.org/sepses/resource/loglevel#information> ;
        <https://w3id.org/sepses/vocab/log/coreLog#message>
                "An account was successfully logged on.\n\nSubject:\n\tSecurity ID:\t\tS-1-0-0\n\tAccount Name:\t\t-\n\tAccount Domain:\t\t-\n\tLogon ID:\t\t0x0\n\nLogon Information:\n\tLogon Type:\t\t3\n\tRestricted Admin Mode:\t-\n\tVirtual Account:\t\tNo\n\tElevated Token:\t\tYes\n\nImpersonation Level:\t\tDelegation\n\nNew Logon:\n\tSecurity ID:\t\tS-1-5-18\n\tAccount Name:\t\tVICTIM-SERVER$\n\tAccount Domain:\t\tSEPSES.LOCAL\n\tLogon ID:\t\t0x4FC8981\n\tLinked Logon ID:\t\t0x0\n\tNetwork Account Name:\t-\n\tNetwork Account Domain:\t-\n\tLogon GUID:\t\t{9e7ab1c6-16e6-2ea9-5717-a2b6cb59474d}\n\nProcess Information:\n\tProcess ID:\t\t0x0\n\tProcess Name:\t\t-\n\nNetwork Information:\n\tWorkstation Name:\t-\n\tSource Network Address:\t::1\n\tSource Port:\t\t52894\n\nDetailed Authentication Information:\n\tLogon Process:\t\tKerberos\n\tAuthentication Package:\tKerberos\n\tTransited Services:\t-\n\tPackage Name (NTLM only):\t-\n\tKey Length:\t\t0\n\nThis event is generated when a logon session is created. It is generated on the computer that was accessed.\n\nThe subject fields indicate the account on the local system which requested the logon. This is most commonly a service such as the Server service, or a local process such as Winlogon.exe or Services.exe.\n\nThe logon type field indicates the kind of logon that occurred. The most common types are 2 (interactive) and 3 (network).\n\nThe New Logon fields indicate the account for whom the new logon was created, i.e. the account that was logged on.\n\nThe network fields indicate where a remote logon request originated. Workstation name is not always available and may be left blank in some cases.\n\nThe impersonation level field indicates the extent to which a process in the logon session can impersonate.\n\nThe authentication information fields provide detailed information about this specific logon request.\n\t- Logon GUID is a unique identifier that can be used to correlate this event with a KDC event.\n\t- Transited services indicate which intermediate services have participated in this logon request.\n\t- Package name indicates which sub-protocol was used among the NTLM protocols.\n\t- Key length indicates the length of the generated session key. This will be 0 if no session key was requested." ;
        <https://w3id.org/sepses/vocab/log/coreLog#originatesFrom>
                <http://w3id.org/sepses/resource/host#victim-server> ;
        <https://w3id.org/sepses/vocab/log/coreLog#timestamp>
                "2020-06-30T21:53:53.472Z"^^<http://www.w3.org/2001/XMLSchema#dateTime> ;
        <https://w3id.org/sepses/vocab/log/win-event#eventAction>
                <http://w3id.org/sepses/resource/event/action#logged-in> ;
        <https://w3id.org/sepses/vocab/log/win-event#eventChannel>
                <http://w3id.org/sepses/resource/event/channel#Security> ;
        <https://w3id.org/sepses/vocab/log/win-event#eventId>
                <http://w3id.org/sepses/resource/event/id#4624> ;
        <https://w3id.org/sepses/vocab/log/win-event#eventProvider>
                <http://w3id.org/sepses/resource/event/provider#Microsoft-Windows-Security-Auditing> ;
        <https://w3id.org/sepses/vocab/log/win-event#hasUser>
                <http://w3id.org/sepses/resource/user#-> ;
        <https://w3id.org/sepses/vocab/log/win-event#pid>
                <http://w3id.org/sepses/resource/process/id#628> .

<http://w3id.org/sepses/resource/win-event#LogEntry-a47ac30e-0707-4ff2-8cfa-7cea3c559063>
        a       <https://w3id.org/sepses/vocab/log/packet#PacketLog> ;
        <https://w3id.org/sepses/vocab/log/coreLog#originatesFrom>
                <http://w3id.org/sepses/resource/host#logcollector> ;
        <https://w3id.org/sepses/vocab/log/coreLog#timestamp>
                "2020-06-30T14:47:40.006Z"^^<http://www.w3.org/2001/XMLSchema#dateTime> ;
        <https://w3id.org/sepses/vocab/log/win-event#destinationIP>
                <http://w3id.org/sepses/resource/host#10.10.30.10> ;
        <https://w3id.org/sepses/vocab/log/win-event#destinationPort>
                <http://w3id.org/sepses/resource/port#49832> ;
        <https://w3id.org/sepses/vocab/log/win-event#eventAction>
                <http://w3id.org/sepses/resource/event/action#network_flow> ;
        <https://w3id.org/sepses/vocab/log/win-event#eventCategory>
                <http://w3id.org/sepses/resource/event/category#network_traffic> ;
        <https://w3id.org/sepses/vocab/log/win-event#eventEnd>
                "2020-06-30T14:45:04.945Z"^^<http://www.w3.org/2001/XMLSchema#dateTime> ;
        <https://w3id.org/sepses/vocab/log/win-event#eventStart>
                "2020-06-30T14:45:04.945Z"^^<http://www.w3.org/2001/XMLSchema#dateTime> ;
        <https://w3id.org/sepses/vocab/log/win-event#networkTransport>
                <http://w3id.org/sepses/resource/network/transport#tcp> ;
        <https://w3id.org/sepses/vocab/log/win-event#networkType>
                <http://w3id.org/sepses/resource/network/type#ipv4> ;
        <https://w3id.org/sepses/vocab/log/win-event#sourceIP>
                <http://w3id.org/sepses/resource/host#10.10.30.7> ;
        <https://w3id.org/sepses/vocab/log/win-event#sourcePort>
                <http://w3id.org/sepses/resource/port#3389> .

<http://w3id.org/sepses/resource/win-event#LogEntry-68a71a93-4eec-4cd3-aed5-dc6964b2ff98>
        a       <https://w3id.org/sepses/vocab/log/win-event#Winlog> ;
        <https://w3id.org/sepses/vocab/log/coreLog#logLevel>
                <http://w3id.org/sepses/resource/loglevel#information> ;
        <https://w3id.org/sepses/vocab/log/coreLog#message>
                "An account was logged off.\n\nSubject:\n\tSecurity ID:\t\tS-1-5-18\n\tAccount Name:\t\tVICTIM-SERVER$\n\tAccount Domain:\t\tSEPSES\n\tLogon ID:\t\t0x4FB4624\n\nLogon Type:\t\t\t3\n\nThis event is generated when a logon session is destroyed. It may be positively correlated with a logon event using the Logon ID value. Logon IDs are only unique between reboots on the same computer." ;
        <https://w3id.org/sepses/vocab/log/coreLog#originatesFrom>
                <http://w3id.org/sepses/resource/host#victim-server> ;
        <https://w3id.org/sepses/vocab/log/coreLog#timestamp>
                "2020-06-30T21:51:13.106Z"^^<http://www.w3.org/2001/XMLSchema#dateTime> ;
        <https://w3id.org/sepses/vocab/log/win-event#eventAction>
                <http://w3id.org/sepses/resource/event/action#logged-out> ;
        <https://w3id.org/sepses/vocab/log/win-event#eventChannel>
                <http://w3id.org/sepses/resource/event/channel#Security> ;
        <https://w3id.org/sepses/vocab/log/win-event#eventId>
                <http://w3id.org/sepses/resource/event/id#4634> ;
        <https://w3id.org/sepses/vocab/log/win-event#eventProvider>
                <http://w3id.org/sepses/resource/event/provider#Microsoft-Windows-Security-Auditing> ;
        <https://w3id.org/sepses/vocab/log/win-event#pid>
                <http://w3id.org/sepses/resource/process/id#628> .

<http://w3id.org/sepses/resource/win-event#LogEntry-5e28bd35-5077-453e-a4b2-a4802974f3c0>
        a       <https://w3id.org/sepses/vocab/log/packet#PacketLog> ;
        <https://w3id.org/sepses/vocab/log/coreLog#originatesFrom>
                <http://w3id.org/sepses/resource/host#logcollector> ;
        <https://w3id.org/sepses/vocab/log/coreLog#timestamp>
                "2020-06-30T14:49:30.007Z"^^<http://www.w3.org/2001/XMLSchema#dateTime> ;
        <https://w3id.org/sepses/vocab/log/win-event#destinationIP>
                <http://w3id.org/sepses/resource/host#10.10.30.5> ;
        <https://w3id.org/sepses/vocab/log/win-event#destinationPort>
                <http://w3id.org/sepses/resource/port#5044> ;
        <https://w3id.org/sepses/vocab/log/win-event#eventAction>
                <http://w3id.org/sepses/resource/event/action#network_flow> ;
        <https://w3id.org/sepses/vocab/log/win-event#eventCategory>
                <http://w3id.org/sepses/resource/event/category#network_traffic> ;
        <https://w3id.org/sepses/vocab/log/win-event#eventEnd>
                "2020-06-30T14:47:57.415Z"^^<http://www.w3.org/2001/XMLSchema#dateTime> ;
        <https://w3id.org/sepses/vocab/log/win-event#eventStart>
                "2020-06-30T14:47:57.415Z"^^<http://www.w3.org/2001/XMLSchema#dateTime> ;
        <https://w3id.org/sepses/vocab/log/win-event#networkTransport>
                <http://w3id.org/sepses/resource/network/transport#tcp> ;
        <https://w3id.org/sepses/vocab/log/win-event#networkType>
                <http://w3id.org/sepses/resource/network/type#ipv4> ;
        <https://w3id.org/sepses/vocab/log/win-event#sourceIP>
                <http://w3id.org/sepses/resource/host#10.10.30.7> ;
        <https://w3id.org/sepses/vocab/log/win-event#sourcePort>
                <http://w3id.org/sepses/resource/port#49776> .

<http://w3id.org/sepses/resource/win-event#LogEntry-a9faf297-3e99-430a-866f-bbbff8f81695>
        a       <https://w3id.org/sepses/vocab/log/packet#PacketLog> ;
        <https://w3id.org/sepses/vocab/log/coreLog#originatesFrom>
                <http://w3id.org/sepses/resource/host#logcollector> ;
        <https://w3id.org/sepses/vocab/log/coreLog#timestamp>
                "2020-06-30T14:48:20.003Z"^^<http://www.w3.org/2001/XMLSchema#dateTime> ;
        <https://w3id.org/sepses/vocab/log/win-event#eventAction>
                <http://w3id.org/sepses/resource/event/action#network_flow> ;
        <https://w3id.org/sepses/vocab/log/win-event#eventCategory>
                <http://w3id.org/sepses/resource/event/category#network_traffic> ;
        <https://w3id.org/sepses/vocab/log/win-event#eventEnd>
                "2020-06-30T14:47:45.139Z"^^<http://www.w3.org/2001/XMLSchema#dateTime> ;
        <https://w3id.org/sepses/vocab/log/win-event#eventStart>
                "2020-06-30T14:47:45.139Z"^^<http://www.w3.org/2001/XMLSchema#dateTime> .

<http://w3id.org/sepses/resource/win-event#LogEntry-de95087e-159f-4b55-afdc-5ca662c2bc1a>
        a       <https://w3id.org/sepses/vocab/log/packet#PacketLog> ;
        <https://w3id.org/sepses/vocab/log/coreLog#originatesFrom>
                <http://w3id.org/sepses/resource/host#logcollector> ;
        <https://w3id.org/sepses/vocab/log/coreLog#timestamp>
                "2020-06-30T14:52:40.005Z"^^<http://www.w3.org/2001/XMLSchema#dateTime> ;
        <https://w3id.org/sepses/vocab/log/win-event#destinationIP>
                <http://w3id.org/sepses/resource/host#10.10.30.10> ;
        <https://w3id.org/sepses/vocab/log/win-event#destinationPort>
                <http://w3id.org/sepses/resource/port#49832> ;
        <https://w3id.org/sepses/vocab/log/win-event#eventAction>
                <http://w3id.org/sepses/resource/event/action#network_flow> ;
        <https://w3id.org/sepses/vocab/log/win-event#eventCategory>
                <http://w3id.org/sepses/resource/event/category#network_traffic> ;
        <https://w3id.org/sepses/vocab/log/win-event#eventEnd>
                "2020-06-30T14:45:04.945Z"^^<http://www.w3.org/2001/XMLSchema#dateTime> ;
        <https://w3id.org/sepses/vocab/log/win-event#eventStart>
                "2020-06-30T14:45:04.945Z"^^<http://www.w3.org/2001/XMLSchema#dateTime> ;
        <https://w3id.org/sepses/vocab/log/win-event#networkTransport>
                <http://w3id.org/sepses/resource/network/transport#tcp> ;
        <https://w3id.org/sepses/vocab/log/win-event#networkType>
                <http://w3id.org/sepses/resource/network/type#ipv4> ;
        <https://w3id.org/sepses/vocab/log/win-event#sourceIP>
                <http://w3id.org/sepses/resource/host#10.10.30.7> ;
        <https://w3id.org/sepses/vocab/log/win-event#sourcePort>
                <http://w3id.org/sepses/resource/port#3389> .

<http://w3id.org/sepses/resource/win-event#LogEntry-a346dd2f-5985-4219-8938-e069527c2d96>
        a       <https://w3id.org/sepses/vocab/log/win-event#Winlog> ;
        <https://w3id.org/sepses/vocab/log/coreLog#logLevel>
                <http://w3id.org/sepses/resource/loglevel#information> ;
        <https://w3id.org/sepses/vocab/log/coreLog#message>
                "Special privileges assigned to new logon.\n\nSubject:\n\tSecurity ID:\t\tS-1-5-18\n\tAccount Name:\t\tVICTIM-SERVER$\n\tAccount Domain:\t\tSEPSES\n\tLogon ID:\t\t0x4F89D56\n\nPrivileges:\t\tSeSecurityPrivilege\n\t\t\tSeBackupPrivilege\n\t\t\tSeRestorePrivilege\n\t\t\tSeTakeOwnershipPrivilege\n\t\t\tSeDebugPrivilege\n\t\t\tSeSystemEnvironmentPrivilege\n\t\t\tSeLoadDriverPrivilege\n\t\t\tSeImpersonatePrivilege\n\t\t\tSeDelegateSessionUserImpersonatePrivilege\n\t\t\tSeEnableDelegationPrivilege" ;
        <https://w3id.org/sepses/vocab/log/coreLog#originatesFrom>
                <http://w3id.org/sepses/resource/host#victim-server> ;
        <https://w3id.org/sepses/vocab/log/coreLog#timestamp>
                "2020-06-30T21:45:10.899Z"^^<http://www.w3.org/2001/XMLSchema#dateTime> ;
        <https://w3id.org/sepses/vocab/log/win-event#eventAction>
                <http://w3id.org/sepses/resource/event/action#logged-in-special> ;
        <https://w3id.org/sepses/vocab/log/win-event#eventChannel>
                <http://w3id.org/sepses/resource/event/channel#Security> ;
        <https://w3id.org/sepses/vocab/log/win-event#eventId>
                <http://w3id.org/sepses/resource/event/id#4672> ;
        <https://w3id.org/sepses/vocab/log/win-event#eventProvider>
                <http://w3id.org/sepses/resource/event/provider#Microsoft-Windows-Security-Auditing> ;
        <https://w3id.org/sepses/vocab/log/win-event#hasUser>
                <http://w3id.org/sepses/resource/user#VICTIM-SERVER%24> ;
        <https://w3id.org/sepses/vocab/log/win-event#pid>
                <http://w3id.org/sepses/resource/process/id#628> .

<http://w3id.org/sepses/resource/win-event#LogEntry-5c22e70b-70c9-42ff-bf5a-082086b593b0>
        a       <https://w3id.org/sepses/vocab/log/packet#PacketLog> ;
        <https://w3id.org/sepses/vocab/log/coreLog#originatesFrom>
                <http://w3id.org/sepses/resource/host#logcollector> ;
        <https://w3id.org/sepses/vocab/log/coreLog#timestamp>
                "2020-06-30T14:52:40.005Z"^^<http://www.w3.org/2001/XMLSchema#dateTime> ;
        <https://w3id.org/sepses/vocab/log/win-event#destinationIP>
                <http://w3id.org/sepses/resource/host#10.10.30.5> ;
        <https://w3id.org/sepses/vocab/log/win-event#destinationPort>
                <http://w3id.org/sepses/resource/port#5044> ;
        <https://w3id.org/sepses/vocab/log/win-event#eventAction>
                <http://w3id.org/sepses/resource/event/action#network_flow> ;
        <https://w3id.org/sepses/vocab/log/win-event#eventCategory>
                <http://w3id.org/sepses/resource/event/category#network_traffic> ;
        <https://w3id.org/sepses/vocab/log/win-event#eventEnd>
                "2020-06-30T14:52:04.082Z"^^<http://www.w3.org/2001/XMLSchema#dateTime> ;
        <https://w3id.org/sepses/vocab/log/win-event#eventStart>
                "2020-06-30T14:52:04.082Z"^^<http://www.w3.org/2001/XMLSchema#dateTime> ;
        <https://w3id.org/sepses/vocab/log/win-event#networkTransport>
                <http://w3id.org/sepses/resource/network/transport#tcp> ;
        <https://w3id.org/sepses/vocab/log/win-event#networkType>
                <http://w3id.org/sepses/resource/network/type#ipv4> ;
        <https://w3id.org/sepses/vocab/log/win-event#sourceIP>
                <http://w3id.org/sepses/resource/host#10.10.30.7> ;
        <https://w3id.org/sepses/vocab/log/win-event#sourcePort>
                <http://w3id.org/sepses/resource/port#49787> .

<http://w3id.org/sepses/resource/win-event#LogEntry-dce43c20-ad73-4c42-9fcc-0231f7aec07e>
        a       <https://w3id.org/sepses/vocab/log/win-event#Winlog> ;
        <https://w3id.org/sepses/vocab/log/coreLog#logLevel>
                <http://w3id.org/sepses/resource/loglevel#information> ;
        <https://w3id.org/sepses/vocab/log/coreLog#message>
                "An account was logged off.\n\nSubject:\n\tSecurity ID:\t\tS-1-5-18\n\tAccount Name:\t\tVICTIM-SERVER$\n\tAccount Domain:\t\tSEPSES\n\tLogon ID:\t\t0x4FD0DA9\n\nLogon Type:\t\t\t3\n\nThis event is generated when a logon session is destroyed. It may be positively correlated with a logon event using the Logon ID value. Logon IDs are only unique between reboots on the same computer." ;
        <https://w3id.org/sepses/vocab/log/coreLog#originatesFrom>
                <http://w3id.org/sepses/resource/host#victim-server> ;
        <https://w3id.org/sepses/vocab/log/coreLog#timestamp>
                "2020-06-30T21:55:07.460Z"^^<http://www.w3.org/2001/XMLSchema#dateTime> ;
        <https://w3id.org/sepses/vocab/log/win-event#eventAction>
                <http://w3id.org/sepses/resource/event/action#logged-out> ;
        <https://w3id.org/sepses/vocab/log/win-event#eventChannel>
                <http://w3id.org/sepses/resource/event/channel#Security> ;
        <https://w3id.org/sepses/vocab/log/win-event#eventId>
                <http://w3id.org/sepses/resource/event/id#4634> ;
        <https://w3id.org/sepses/vocab/log/win-event#eventProvider>
                <http://w3id.org/sepses/resource/event/provider#Microsoft-Windows-Security-Auditing> ;
        <https://w3id.org/sepses/vocab/log/win-event#pid>
                <http://w3id.org/sepses/resource/process/id#628> .

