<http://w3id.org/sepses/resource/win-event#LogEntry-7f2805fb-f629-4359-b1b6-7b393f956dc2>
        a       <https://w3id.org/sepses/vocab/log/win-event#Winlog> ;
        <https://w3id.org/sepses/vocab/log/coreLog#logLevel>
                <http://w3id.org/sepses/resource/loglevel#information> ;
        <https://w3id.org/sepses/vocab/log/coreLog#message>
                "Special privileges assigned to new logon.\n\nSubject:\n\tSecurity ID:\t\tS-1-5-18\n\tAccount Name:\t\tVICTIM-SERVER$\n\tAccount Domain:\t\tSEPSES\n\tLogon ID:\t\t0x4FD86EA\n\nPrivileges:\t\tSeSecurityPrivilege\n\t\t\tSeBackupPrivilege\n\t\t\tSeRestorePrivilege\n\t\t\tSeTakeOwnershipPrivilege\n\t\t\tSeDebugPrivilege\n\t\t\tSeSystemEnvironmentPrivilege\n\t\t\tSeLoadDriverPrivilege\n\t\t\tSeImpersonatePrivilege\n\t\t\tSeDelegateSessionUserImpersonatePrivilege\n\t\t\tSeEnableDelegationPrivilege" ;
        <https://w3id.org/sepses/vocab/log/coreLog#originatesFrom>
                <http://w3id.org/sepses/resource/host#victim-server> ;
        <https://w3id.org/sepses/vocab/log/coreLog#timestamp>
                "2020-06-30T21:56:11.017Z"^^<http://www.w3.org/2001/XMLSchema#dateTime> ;
        <https://w3id.org/sepses/vocab/log/win-event#eventAction>
                <http://w3id.org/sepses/resource/event/action#logged-in-special> ;
        <https://w3id.org/sepses/vocab/log/win-event#eventChannel>
                <http://w3id.org/sepses/resource/event/channel#Security> ;
        <https://w3id.org/sepses/vocab/log/win-event#eventId>
                <http://w3id.org/sepses/resource/event/id#4672> ;
        <https://w3id.org/sepses/vocab/log/win-event#eventProvider>
                <http://w3id.org/sepses/resource/event/provider#Microsoft-Windows-Security-Auditing> ;
        <https://w3id.org/sepses/vocab/log/win-event#hasUser>
                <http://w3id.org/sepses/resource/user#VICTIM-SERVER%24> ;
        <https://w3id.org/sepses/vocab/log/win-event#pid>
                <http://w3id.org/sepses/resource/process/id#628> .

<http://w3id.org/sepses/resource/win-event#LogEntry-caacb0d3-97bc-41a7-a50f-2174aebfe602>
        a       <https://w3id.org/sepses/vocab/log/packet#PacketLog> ;
        <https://w3id.org/sepses/vocab/log/coreLog#originatesFrom>
                <http://w3id.org/sepses/resource/host#victim-w2> ;
        <https://w3id.org/sepses/vocab/log/coreLog#timestamp>
                "2020-06-30T21:53:50.395Z"^^<http://www.w3.org/2001/XMLSchema#dateTime> ;
        <https://w3id.org/sepses/vocab/log/win-event#destinationIP>
                <http://w3id.org/sepses/resource/host#255.255.255.255> ;
        <https://w3id.org/sepses/vocab/log/win-event#destinationPort>
                <http://w3id.org/sepses/resource/port#67> ;
        <https://w3id.org/sepses/vocab/log/win-event#eventAction>
                <http://w3id.org/sepses/resource/event/action#network_flow> ;
        <https://w3id.org/sepses/vocab/log/win-event#eventCategory>
                <http://w3id.org/sepses/resource/event/category#network_traffic> ;
        <https://w3id.org/sepses/vocab/log/win-event#eventEnd>
                "2020-06-30T21:51:33.652Z"^^<http://www.w3.org/2001/XMLSchema#dateTime> ;
        <https://w3id.org/sepses/vocab/log/win-event#eventStart>
                "2020-06-30T21:51:33.652Z"^^<http://www.w3.org/2001/XMLSchema#dateTime> ;
        <https://w3id.org/sepses/vocab/log/win-event#networkTransport>
                <http://w3id.org/sepses/resource/network/transport#udp> ;
        <https://w3id.org/sepses/vocab/log/win-event#networkType>
                <http://w3id.org/sepses/resource/network/type#ipv4> ;
        <https://w3id.org/sepses/vocab/log/win-event#sourceIP>
                <http://w3id.org/sepses/resource/host#0.0.0.0> ;
        <https://w3id.org/sepses/vocab/log/win-event#sourcePort>
                <http://w3id.org/sepses/resource/port#68> .

<http://w3id.org/sepses/resource/win-event#LogEntry-ec46ea74-560e-4070-bc7d-59a973979854>
        a       <https://w3id.org/sepses/vocab/log/win-event#Winlog> ;
        <https://w3id.org/sepses/vocab/log/coreLog#logLevel>
                <http://w3id.org/sepses/resource/loglevel#information> ;
        <https://w3id.org/sepses/vocab/log/coreLog#message>
                "Special privileges assigned to new logon.\n\nSubject:\n\tSecurity ID:\t\tS-1-5-18\n\tAccount Name:\t\tVICTIM-SERVER$\n\tAccount Domain:\t\tSEPSES\n\tLogon ID:\t\t0x4F66461\n\nPrivileges:\t\tSeSecurityPrivilege\n\t\t\tSeBackupPrivilege\n\t\t\tSeRestorePrivilege\n\t\t\tSeTakeOwnershipPrivilege\n\t\t\tSeDebugPrivilege\n\t\t\tSeSystemEnvironmentPrivilege\n\t\t\tSeLoadDriverPrivilege\n\t\t\tSeImpersonatePrivilege\n\t\t\tSeDelegateSessionUserImpersonatePrivilege\n\t\t\tSeEnableDelegationPrivilege" ;
        <https://w3id.org/sepses/vocab/log/coreLog#originatesFrom>
                <http://w3id.org/sepses/resource/host#victim-server> ;
        <https://w3id.org/sepses/vocab/log/coreLog#timestamp>
                "2020-06-30T21:40:04.771Z"^^<http://www.w3.org/2001/XMLSchema#dateTime> ;
        <https://w3id.org/sepses/vocab/log/win-event#eventAction>
                <http://w3id.org/sepses/resource/event/action#logged-in-special> ;
        <https://w3id.org/sepses/vocab/log/win-event#eventChannel>
                <http://w3id.org/sepses/resource/event/channel#Security> ;
        <https://w3id.org/sepses/vocab/log/win-event#eventId>
                <http://w3id.org/sepses/resource/event/id#4672> ;
        <https://w3id.org/sepses/vocab/log/win-event#eventProvider>
                <http://w3id.org/sepses/resource/event/provider#Microsoft-Windows-Security-Auditing> ;
        <https://w3id.org/sepses/vocab/log/win-event#hasUser>
                <http://w3id.org/sepses/resource/user#VICTIM-SERVER%24> ;
        <https://w3id.org/sepses/vocab/log/win-event#pid>
                <http://w3id.org/sepses/resource/process/id#628> .

<http://w3id.org/sepses/resource/win-event#LogEntry-8d47b043-df18-44c7-8851-2d9642805c57>
        a       <https://w3id.org/sepses/vocab/log/packet#PacketLog> ;
        <https://w3id.org/sepses/vocab/log/coreLog#originatesFrom>
                <http://w3id.org/sepses/resource/host#victim-w2> ;
        <https://w3id.org/sepses/vocab/log/coreLog#timestamp>
                "2020-06-30T21:54:30.393Z"^^<http://www.w3.org/2001/XMLSchema#dateTime> ;
        <https://w3id.org/sepses/vocab/log/win-event#destinationIP>
                <http://w3id.org/sepses/resource/host#10.10.30.255> ;
        <https://w3id.org/sepses/vocab/log/win-event#destinationPort>
                <http://w3id.org/sepses/resource/port#138> ;
        <https://w3id.org/sepses/vocab/log/win-event#eventAction>
                <http://w3id.org/sepses/resource/event/action#network_flow> ;
        <https://w3id.org/sepses/vocab/log/win-event#eventCategory>
                <http://w3id.org/sepses/resource/event/category#network_traffic> ;
        <https://w3id.org/sepses/vocab/log/win-event#eventEnd>
                "2020-06-30T21:54:22.143Z"^^<http://www.w3.org/2001/XMLSchema#dateTime> ;
        <https://w3id.org/sepses/vocab/log/win-event#eventStart>
                "2020-06-30T21:54:22.143Z"^^<http://www.w3.org/2001/XMLSchema#dateTime> ;
        <https://w3id.org/sepses/vocab/log/win-event#networkTransport>
                <http://w3id.org/sepses/resource/network/transport#udp> ;
        <https://w3id.org/sepses/vocab/log/win-event#networkType>
                <http://w3id.org/sepses/resource/network/type#ipv4> ;
        <https://w3id.org/sepses/vocab/log/win-event#sourceIP>
                <http://w3id.org/sepses/resource/host#10.10.30.6> ;
        <https://w3id.org/sepses/vocab/log/win-event#sourcePort>
                <http://w3id.org/sepses/resource/port#138> .

<http://w3id.org/sepses/resource/win-event#LogEntry-efdccf6c-8101-4153-a545-338faa4ead11>
        a       <https://w3id.org/sepses/vocab/log/win-event#Winlog> ;
        <https://w3id.org/sepses/vocab/log/coreLog#logLevel>
                <http://w3id.org/sepses/resource/loglevel#information> ;
        <https://w3id.org/sepses/vocab/log/coreLog#message>
                "A member was added to a security-enabled local group.\n\nSubject:\n\tSecurity ID:\t\tS-1-5-21-1181416786-3707116272-498999069-500\n\tAccount Name:\t\tAdministrator\n\tAccount Domain:\t\tVICTIM-W2\n\tLogon ID:\t\t0xEF5333\n\nMember:\n\tSecurity ID:\t\tS-1-5-21-1181416786-3707116272-498999069-1007\n\tAccount Name:\t\t-\n\nGroup:\n\tSecurity ID:\t\tS-1-5-32-545\n\tGroup Name:\t\tUsers\n\tGroup Domain:\t\tBuiltin\n\nAdditional Information:\n\tPrivileges:\t\t-" ;
        <https://w3id.org/sepses/vocab/log/coreLog#originatesFrom>
                <http://w3id.org/sepses/resource/host#victim-w2> ;
        <https://w3id.org/sepses/vocab/log/coreLog#timestamp>
                "2020-06-30T21:54:52.814Z"^^<http://www.w3.org/2001/XMLSchema#dateTime> ;
        <https://w3id.org/sepses/vocab/log/win-event#eventAction>
                <http://w3id.org/sepses/resource/event/action#added-member-to-group> ;
        <https://w3id.org/sepses/vocab/log/win-event#eventChannel>
                <http://w3id.org/sepses/resource/event/channel#Security> ;
        <https://w3id.org/sepses/vocab/log/win-event#eventId>
                <http://w3id.org/sepses/resource/event/id#4732> ;
        <https://w3id.org/sepses/vocab/log/win-event#eventProvider>
                <http://w3id.org/sepses/resource/event/provider#Microsoft-Windows-Security-Auditing> ;
        <https://w3id.org/sepses/vocab/log/win-event#hasUser>
                <http://w3id.org/sepses/resource/user#Administrator> ;
        <https://w3id.org/sepses/vocab/log/win-event#pid>
                <http://w3id.org/sepses/resource/process/id#680> .

<http://w3id.org/sepses/resource/win-event#LogEntry-b7eb536e-70e9-4a7d-8551-34ef39254bcd>
        a       <https://w3id.org/sepses/vocab/log/packet#PacketLog> ;
        <https://w3id.org/sepses/vocab/log/coreLog#originatesFrom>
                <http://w3id.org/sepses/resource/host#logcollector> ;
        <https://w3id.org/sepses/vocab/log/coreLog#timestamp>
                "2020-06-30T14:51:50.009Z"^^<http://www.w3.org/2001/XMLSchema#dateTime> ;
        <https://w3id.org/sepses/vocab/log/win-event#destinationIP>
                <http://w3id.org/sepses/resource/host#10.10.30.5> ;
        <https://w3id.org/sepses/vocab/log/win-event#destinationPort>
                <http://w3id.org/sepses/resource/port#5044> ;
        <https://w3id.org/sepses/vocab/log/win-event#eventAction>
                <http://w3id.org/sepses/resource/event/action#network_flow> ;
        <https://w3id.org/sepses/vocab/log/win-event#eventCategory>
                <http://w3id.org/sepses/resource/event/category#network_traffic> ;
        <https://w3id.org/sepses/vocab/log/win-event#eventEnd>
                "2020-06-30T14:47:57.415Z"^^<http://www.w3.org/2001/XMLSchema#dateTime> ;
        <https://w3id.org/sepses/vocab/log/win-event#eventStart>
                "2020-06-30T14:47:57.415Z"^^<http://www.w3.org/2001/XMLSchema#dateTime> ;
        <https://w3id.org/sepses/vocab/log/win-event#networkTransport>
                <http://w3id.org/sepses/resource/network/transport#tcp> ;
        <https://w3id.org/sepses/vocab/log/win-event#networkType>
                <http://w3id.org/sepses/resource/network/type#ipv4> ;
        <https://w3id.org/sepses/vocab/log/win-event#sourceIP>
                <http://w3id.org/sepses/resource/host#10.10.30.7> ;
        <https://w3id.org/sepses/vocab/log/win-event#sourcePort>
                <http://w3id.org/sepses/resource/port#49776> .

<http://w3id.org/sepses/resource/win-event#LogEntry-dd309ed2-3a7b-4a98-b879-dc1bf834f073>
        a       <https://w3id.org/sepses/vocab/log/win-event#Winlog> ;
        <https://w3id.org/sepses/vocab/log/coreLog#logLevel>
                <http://w3id.org/sepses/resource/loglevel#information> ;
        <https://w3id.org/sepses/vocab/log/coreLog#message>
                "An account was successfully logged on.\n\nSubject:\n\tSecurity ID:\t\tS-1-0-0\n\tAccount Name:\t\t-\n\tAccount Domain:\t\t-\n\tLogon ID:\t\t0x0\n\nLogon Information:\n\tLogon Type:\t\t3\n\tRestricted Admin Mode:\t-\n\tVirtual Account:\t\tNo\n\tElevated Token:\t\tYes\n\nImpersonation Level:\t\tImpersonation\n\nNew Logon:\n\tSecurity ID:\t\tS-1-5-18\n\tAccount Name:\t\tVICTIM-SERVER$\n\tAccount Domain:\t\tSEPSES.LOCAL\n\tLogon ID:\t\t0x4FD86EA\n\tLinked Logon ID:\t\t0x0\n\tNetwork Account Name:\t-\n\tNetwork Account Domain:\t-\n\tLogon GUID:\t\t{02c9726f-d880-adf6-20cf-88d8df3d793a}\n\nProcess Information:\n\tProcess ID:\t\t0x0\n\tProcess Name:\t\t-\n\nNetwork Information:\n\tWorkstation Name:\t-\n\tSource Network Address:\t127.0.0.1\n\tSource Port:\t\t52904\n\nDetailed Authentication Information:\n\tLogon Process:\t\tKerberos\n\tAuthentication Package:\tKerberos\n\tTransited Services:\t-\n\tPackage Name (NTLM only):\t-\n\tKey Length:\t\t0\n\nThis event is generated when a logon session is created. It is generated on the computer that was accessed.\n\nThe subject fields indicate the account on the local system which requested the logon. This is most commonly a service such as the Server service, or a local process such as Winlogon.exe or Services.exe.\n\nThe logon type field indicates the kind of logon that occurred. The most common types are 2 (interactive) and 3 (network).\n\nThe New Logon fields indicate the account for whom the new logon was created, i.e. the account that was logged on.\n\nThe network fields indicate where a remote logon request originated. Workstation name is not always available and may be left blank in some cases.\n\nThe impersonation level field indicates the extent to which a process in the logon session can impersonate.\n\nThe authentication information fields provide detailed information about this specific logon request.\n\t- Logon GUID is a unique identifier that can be used to correlate this event with a KDC event.\n\t- Transited services indicate which intermediate services have participated in this logon request.\n\t- Package name indicates which sub-protocol was used among the NTLM protocols.\n\t- Key length indicates the length of the generated session key. This will be 0 if no session key was requested." ;
        <https://w3id.org/sepses/vocab/log/coreLog#originatesFrom>
                <http://w3id.org/sepses/resource/host#victim-server> ;
        <https://w3id.org/sepses/vocab/log/coreLog#timestamp>
                "2020-06-30T21:56:11.017Z"^^<http://www.w3.org/2001/XMLSchema#dateTime> ;
        <https://w3id.org/sepses/vocab/log/win-event#eventAction>
                <http://w3id.org/sepses/resource/event/action#logged-in> ;
        <https://w3id.org/sepses/vocab/log/win-event#eventChannel>
                <http://w3id.org/sepses/resource/event/channel#Security> ;
        <https://w3id.org/sepses/vocab/log/win-event#eventId>
                <http://w3id.org/sepses/resource/event/id#4624> ;
        <https://w3id.org/sepses/vocab/log/win-event#eventProvider>
                <http://w3id.org/sepses/resource/event/provider#Microsoft-Windows-Security-Auditing> ;
        <https://w3id.org/sepses/vocab/log/win-event#hasUser>
                <http://w3id.org/sepses/resource/user#-> ;
        <https://w3id.org/sepses/vocab/log/win-event#pid>
                <http://w3id.org/sepses/resource/process/id#628> .

<http://w3id.org/sepses/resource/win-event#LogEntry-07ebb94a-f7a3-47f5-814c-f81c5d1f6e3c>
        a       <https://w3id.org/sepses/vocab/log/packet#PacketLog> ;
        <https://w3id.org/sepses/vocab/log/coreLog#originatesFrom>
                <http://w3id.org/sepses/resource/host#logcollector> ;
        <https://w3id.org/sepses/vocab/log/coreLog#timestamp>
                "2020-06-30T14:50:40.003Z"^^<http://www.w3.org/2001/XMLSchema#dateTime> ;
        <https://w3id.org/sepses/vocab/log/win-event#eventAction>
                <http://w3id.org/sepses/resource/event/action#network_flow> ;
        <https://w3id.org/sepses/vocab/log/win-event#eventCategory>
                <http://w3id.org/sepses/resource/event/category#network_traffic> ;
        <https://w3id.org/sepses/vocab/log/win-event#eventEnd>
                "2020-06-30T14:49:40.776Z"^^<http://www.w3.org/2001/XMLSchema#dateTime> ;
        <https://w3id.org/sepses/vocab/log/win-event#eventStart>
                "2020-06-30T14:49:40.776Z"^^<http://www.w3.org/2001/XMLSchema#dateTime> .

<http://w3id.org/sepses/resource/win-event#LogEntry-0df50558-7955-43d1-844b-50237c280ba3>
        a       <https://w3id.org/sepses/vocab/log/win-event#Winlog> ;
        <https://w3id.org/sepses/vocab/log/coreLog#logLevel>
                <http://w3id.org/sepses/resource/loglevel#information> ;
        <https://w3id.org/sepses/vocab/log/coreLog#message>
                "An account was logged off.\n\nSubject:\n\tSecurity ID:\t\tS-1-5-21-1926381507-2378294993-2946937962-1106\n\tAccount Name:\t\tVICTIM-W2$\n\tAccount Domain:\t\tSEPSES\n\tLogon ID:\t\t0x4FB629F\n\nLogon Type:\t\t\t3\n\nThis event is generated when a logon session is destroyed. It may be positively correlated with a logon event using the Logon ID value. Logon IDs are only unique between reboots on the same computer." ;
        <https://w3id.org/sepses/vocab/log/coreLog#originatesFrom>
                <http://w3id.org/sepses/resource/host#victim-server> ;
        <https://w3id.org/sepses/vocab/log/coreLog#timestamp>
                "2020-06-30T21:51:40.701Z"^^<http://www.w3.org/2001/XMLSchema#dateTime> ;
        <https://w3id.org/sepses/vocab/log/win-event#eventAction>
                <http://w3id.org/sepses/resource/event/action#logged-out> ;
        <https://w3id.org/sepses/vocab/log/win-event#eventChannel>
                <http://w3id.org/sepses/resource/event/channel#Security> ;
        <https://w3id.org/sepses/vocab/log/win-event#eventId>
                <http://w3id.org/sepses/resource/event/id#4634> ;
        <https://w3id.org/sepses/vocab/log/win-event#eventProvider>
                <http://w3id.org/sepses/resource/event/provider#Microsoft-Windows-Security-Auditing> ;
        <https://w3id.org/sepses/vocab/log/win-event#pid>
                <http://w3id.org/sepses/resource/process/id#628> .

<http://w3id.org/sepses/resource/win-event#LogEntry-b0743242-3840-4d1d-b316-58059fab7dde>
        a       <https://w3id.org/sepses/vocab/log/packet#PacketLog> ;
        <https://w3id.org/sepses/vocab/log/coreLog#originatesFrom>
                <http://w3id.org/sepses/resource/host#logcollector> ;
        <https://w3id.org/sepses/vocab/log/coreLog#timestamp>
                "2020-06-30T14:55:10.002Z"^^<http://www.w3.org/2001/XMLSchema#dateTime> ;
        <https://w3id.org/sepses/vocab/log/win-event#destinationIP>
                <http://w3id.org/sepses/resource/host#10.10.30.6> ;
        <https://w3id.org/sepses/vocab/log/win-event#destinationPort>
                <http://w3id.org/sepses/resource/port#5985> ;
        <https://w3id.org/sepses/vocab/log/win-event#eventAction>
                <http://w3id.org/sepses/resource/event/action#network_flow> ;
        <https://w3id.org/sepses/vocab/log/win-event#eventCategory>
                <http://w3id.org/sepses/resource/event/category#network_traffic> ;
        <https://w3id.org/sepses/vocab/log/win-event#eventEnd>
                "2020-06-30T14:54:52.933Z"^^<http://www.w3.org/2001/XMLSchema#dateTime> ;
        <https://w3id.org/sepses/vocab/log/win-event#eventStart>
                "2020-06-30T14:54:52.933Z"^^<http://www.w3.org/2001/XMLSchema#dateTime> ;
        <https://w3id.org/sepses/vocab/log/win-event#networkTransport>
                <http://w3id.org/sepses/resource/network/transport#tcp> ;
        <https://w3id.org/sepses/vocab/log/win-event#networkType>
                <http://w3id.org/sepses/resource/network/type#ipv4> ;
        <https://w3id.org/sepses/vocab/log/win-event#sourceIP>
                <http://w3id.org/sepses/resource/host#10.10.30.7> ;
        <https://w3id.org/sepses/vocab/log/win-event#sourcePort>
                <http://w3id.org/sepses/resource/port#49800> .

<http://w3id.org/sepses/resource/win-event#LogEntry-397a742e-4c16-425b-a3f4-6bf279a8bcab>
        a       <https://w3id.org/sepses/vocab/log/packet#PacketLog> ;
        <https://w3id.org/sepses/vocab/log/coreLog#originatesFrom>
                <http://w3id.org/sepses/resource/host#logcollector> ;
        <https://w3id.org/sepses/vocab/log/coreLog#timestamp>
                "2020-06-30T14:55:10.002Z"^^<http://www.w3.org/2001/XMLSchema#dateTime> ;
        <https://w3id.org/sepses/vocab/log/win-event#destinationIP>
                <http://w3id.org/sepses/resource/host#224.0.0.252> ;
        <https://w3id.org/sepses/vocab/log/win-event#destinationPort>
                <http://w3id.org/sepses/resource/port#5355> ;
        <https://w3id.org/sepses/vocab/log/win-event#eventAction>
                <http://w3id.org/sepses/resource/event/action#network_flow> ;
        <https://w3id.org/sepses/vocab/log/win-event#eventCategory>
                <http://w3id.org/sepses/resource/event/category#network_traffic> ;
        <https://w3id.org/sepses/vocab/log/win-event#eventEnd>
                "2020-06-30T14:54:53.463Z"^^<http://www.w3.org/2001/XMLSchema#dateTime> ;
        <https://w3id.org/sepses/vocab/log/win-event#eventStart>
                "2020-06-30T14:54:53.463Z"^^<http://www.w3.org/2001/XMLSchema#dateTime> ;
        <https://w3id.org/sepses/vocab/log/win-event#networkTransport>
                <http://w3id.org/sepses/resource/network/transport#udp> ;
        <https://w3id.org/sepses/vocab/log/win-event#networkType>
                <http://w3id.org/sepses/resource/network/type#ipv4> ;
        <https://w3id.org/sepses/vocab/log/win-event#sourceIP>
                <http://w3id.org/sepses/resource/host#10.10.30.7> ;
        <https://w3id.org/sepses/vocab/log/win-event#sourcePort>
                <http://w3id.org/sepses/resource/port#51002> .

<http://w3id.org/sepses/resource/win-event#LogEntry-347a0bc7-e9c2-4876-a2ea-b8428b9c276c>
        a       <https://w3id.org/sepses/vocab/log/packet#PacketLog> ;
        <https://w3id.org/sepses/vocab/log/coreLog#originatesFrom>
                <http://w3id.org/sepses/resource/host#logcollector> ;
        <https://w3id.org/sepses/vocab/log/coreLog#timestamp>
                "2020-06-30T14:53:20.005Z"^^<http://www.w3.org/2001/XMLSchema#dateTime> ;
        <https://w3id.org/sepses/vocab/log/win-event#destinationIP>
                <http://w3id.org/sepses/resource/host#40.90.22.190> ;
        <https://w3id.org/sepses/vocab/log/win-event#destinationPort>
                <http://w3id.org/sepses/resource/port#443> ;
        <https://w3id.org/sepses/vocab/log/win-event#eventAction>
                <http://w3id.org/sepses/resource/event/action#network_flow> ;
        <https://w3id.org/sepses/vocab/log/win-event#eventCategory>
                <http://w3id.org/sepses/resource/event/category#network_traffic> ;
        <https://w3id.org/sepses/vocab/log/win-event#eventEnd>
                "2020-06-30T14:52:49.723Z"^^<http://www.w3.org/2001/XMLSchema#dateTime> ;
        <https://w3id.org/sepses/vocab/log/win-event#eventStart>
                "2020-06-30T14:52:49.723Z"^^<http://www.w3.org/2001/XMLSchema#dateTime> ;
        <https://w3id.org/sepses/vocab/log/win-event#networkTransport>
                <http://w3id.org/sepses/resource/network/transport#tcp> ;
        <https://w3id.org/sepses/vocab/log/win-event#networkType>
                <http://w3id.org/sepses/resource/network/type#ipv4> ;
        <https://w3id.org/sepses/vocab/log/win-event#sourceIP>
                <http://w3id.org/sepses/resource/host#10.10.30.7> ;
        <https://w3id.org/sepses/vocab/log/win-event#sourcePort>
                <http://w3id.org/sepses/resource/port#49792> .

<http://w3id.org/sepses/resource/win-event#LogEntry-42a97d0b-1ef5-45f4-aa13-87ee63d12b44>
        a       <https://w3id.org/sepses/vocab/log/packet#PacketLog> ;
        <https://w3id.org/sepses/vocab/log/coreLog#originatesFrom>
                <http://w3id.org/sepses/resource/host#logcollector> ;
        <https://w3id.org/sepses/vocab/log/coreLog#timestamp>
                "2020-06-30T14:53:10.003Z"^^<http://www.w3.org/2001/XMLSchema#dateTime> ;
        <https://w3id.org/sepses/vocab/log/win-event#destinationIP>
                <http://w3id.org/sepses/resource/host#10.10.30.5> ;
        <https://w3id.org/sepses/vocab/log/win-event#destinationPort>
                <http://w3id.org/sepses/resource/port#5044> ;
        <https://w3id.org/sepses/vocab/log/win-event#eventAction>
                <http://w3id.org/sepses/resource/event/action#network_flow> ;
        <https://w3id.org/sepses/vocab/log/win-event#eventCategory>
                <http://w3id.org/sepses/resource/event/category#network_traffic> ;
        <https://w3id.org/sepses/vocab/log/win-event#eventEnd>
                "2020-06-30T14:52:04.082Z"^^<http://www.w3.org/2001/XMLSchema#dateTime> ;
        <https://w3id.org/sepses/vocab/log/win-event#eventStart>
                "2020-06-30T14:52:04.082Z"^^<http://www.w3.org/2001/XMLSchema#dateTime> ;
        <https://w3id.org/sepses/vocab/log/win-event#networkTransport>
                <http://w3id.org/sepses/resource/network/transport#tcp> ;
        <https://w3id.org/sepses/vocab/log/win-event#networkType>
                <http://w3id.org/sepses/resource/network/type#ipv4> ;
        <https://w3id.org/sepses/vocab/log/win-event#sourceIP>
                <http://w3id.org/sepses/resource/host#10.10.30.7> ;
        <https://w3id.org/sepses/vocab/log/win-event#sourcePort>
                <http://w3id.org/sepses/resource/port#49787> .

<http://w3id.org/sepses/resource/win-event#LogEntry-40802a94-8af4-4dc8-89ef-434d6c56bef4>
        a       <https://w3id.org/sepses/vocab/log/packet#PacketLog> ;
        <https://w3id.org/sepses/vocab/log/coreLog#originatesFrom>
                <http://w3id.org/sepses/resource/host#logcollector> ;
        <https://w3id.org/sepses/vocab/log/coreLog#timestamp>
                "2020-06-30T14:52:10.004Z"^^<http://www.w3.org/2001/XMLSchema#dateTime> ;
        <https://w3id.org/sepses/vocab/log/win-event#destinationIP>
                <http://w3id.org/sepses/resource/host#10.10.30.4> ;
        <https://w3id.org/sepses/vocab/log/win-event#destinationPort>
                <http://w3id.org/sepses/resource/port#5985> ;
        <https://w3id.org/sepses/vocab/log/win-event#eventAction>
                <http://w3id.org/sepses/resource/event/action#network_flow> ;
        <https://w3id.org/sepses/vocab/log/win-event#eventCategory>
                <http://w3id.org/sepses/resource/event/category#network_traffic> ;
        <https://w3id.org/sepses/vocab/log/win-event#eventEnd>
                "2020-06-30T14:51:41.101Z"^^<http://www.w3.org/2001/XMLSchema#dateTime> ;
        <https://w3id.org/sepses/vocab/log/win-event#eventStart>
                "2020-06-30T14:51:41.101Z"^^<http://www.w3.org/2001/XMLSchema#dateTime> ;
        <https://w3id.org/sepses/vocab/log/win-event#networkTransport>
                <http://w3id.org/sepses/resource/network/transport#tcp> ;
        <https://w3id.org/sepses/vocab/log/win-event#networkType>
                <http://w3id.org/sepses/resource/network/type#ipv4> ;
        <https://w3id.org/sepses/vocab/log/win-event#sourceIP>
                <http://w3id.org/sepses/resource/host#10.10.30.7> ;
        <https://w3id.org/sepses/vocab/log/win-event#sourcePort>
                <http://w3id.org/sepses/resource/port#49784> .

<http://w3id.org/sepses/resource/win-event#LogEntry-5eddabbd-5318-46a0-832b-75a7401c5c4c>
        a       <https://w3id.org/sepses/vocab/log/packet#PacketLog> ;
        <https://w3id.org/sepses/vocab/log/coreLog#originatesFrom>
                <http://w3id.org/sepses/resource/host#logcollector> ;
        <https://w3id.org/sepses/vocab/log/coreLog#timestamp>
                "2020-06-30T14:49:30.007Z"^^<http://www.w3.org/2001/XMLSchema#dateTime> ;
        <https://w3id.org/sepses/vocab/log/win-event#destinationIP>
                <http://w3id.org/sepses/resource/host#192.168.0.4> ;
        <https://w3id.org/sepses/vocab/log/win-event#destinationPort>
                <http://w3id.org/sepses/resource/port#8888> ;
        <https://w3id.org/sepses/vocab/log/win-event#eventAction>
                <http://w3id.org/sepses/resource/event/action#network_flow> ;
        <https://w3id.org/sepses/vocab/log/win-event#eventCategory>
                <http://w3id.org/sepses/resource/event/category#network_traffic> ;
        <https://w3id.org/sepses/vocab/log/win-event#eventEnd>
                "2020-06-30T14:49:28.585Z"^^<http://www.w3.org/2001/XMLSchema#dateTime> ;
        <https://w3id.org/sepses/vocab/log/win-event#eventStart>
                "2020-06-30T14:49:28.585Z"^^<http://www.w3.org/2001/XMLSchema#dateTime> ;
        <https://w3id.org/sepses/vocab/log/win-event#networkTransport>
                <http://w3id.org/sepses/resource/network/transport#tcp> ;
        <https://w3id.org/sepses/vocab/log/win-event#networkType>
                <http://w3id.org/sepses/resource/network/type#ipv4> ;
        <https://w3id.org/sepses/vocab/log/win-event#sourceIP>
                <http://w3id.org/sepses/resource/host#10.10.30.7> ;
        <https://w3id.org/sepses/vocab/log/win-event#sourcePort>
                <http://w3id.org/sepses/resource/port#49780> .

<http://w3id.org/sepses/resource/win-event#LogEntry-2f19c046-043c-4f9d-a489-324cc866efff>
        a       <https://w3id.org/sepses/vocab/log/audit#AuditLog> ;
        <https://w3id.org/sepses/vocab/log/coreLog#message>
                "Process dllhost.exe (PID: 8604) by user VICTIM-W2\\Administrator STARTED" ;
        <https://w3id.org/sepses/vocab/log/coreLog#originatesFrom>
                <http://w3id.org/sepses/resource/host#victim-w2> ;
        <https://w3id.org/sepses/vocab/log/coreLog#timestamp>
                "2020-06-30T21:51:53.130Z"^^<http://www.w3.org/2001/XMLSchema#dateTime> ;
        <https://w3id.org/sepses/vocab/log/win-event#eventAction>
                <http://w3id.org/sepses/resource/event/action#process_started> ;
        <https://w3id.org/sepses/vocab/log/win-event#eventCategory>
                <http://w3id.org/sepses/resource/event/action#process> ;
        <https://w3id.org/sepses/vocab/log/win-event#exe>
                "C:\\Windows\\System32\\dllhost.exe" ;
        <https://w3id.org/sepses/vocab/log/win-event#hasUser>
                <http://w3id.org/sepses/resource/user#VICTIM-W2%5cAdministrator> ;
        <https://w3id.org/sepses/vocab/log/win-event#pid>
                <http://w3id.org/sepses/resource/process/id#8604> ;
        <https://w3id.org/sepses/vocab/log/win-event#ppid>
                <http://w3id.org/sepses/resource/process/id#824> ;
        <https://w3id.org/sepses/vocab/log/win-event#processArgs>
                "C:\\WINDOWS\\system32\\DllHost.exe" , "/Processid:{4FE95D37-3459-4ECC-AC3E-F7ABBE4E8AED}" ;
        <https://w3id.org/sepses/vocab/log/win-event#processDir>
                "C:\\WINDOWS\\system32" ;
        <https://w3id.org/sepses/vocab/log/win-event#processName>
                <http://w3id.org/sepses/resource/event/process#dllhost.exe> .

<http://w3id.org/sepses/resource/win-event#LogEntry-68bd46d5-4160-4a0c-b8e6-a3059c7320ae>
        a       <https://w3id.org/sepses/vocab/log/win-event#Winlog> ;
        <https://w3id.org/sepses/vocab/log/coreLog#logLevel>
                <http://w3id.org/sepses/resource/loglevel#information> ;
        <https://w3id.org/sepses/vocab/log/coreLog#message>
                "An account was successfully logged on.\n\nSubject:\n\tSecurity ID:\t\tS-1-0-0\n\tAccount Name:\t\t-\n\tAccount Domain:\t\t-\n\tLogon ID:\t\t0x0\n\nLogon Information:\n\tLogon Type:\t\t3\n\tRestricted Admin Mode:\t-\n\tVirtual Account:\t\tNo\n\tElevated Token:\t\tYes\n\nImpersonation Level:\t\tImpersonation\n\nNew Logon:\n\tSecurity ID:\t\tS-1-5-18\n\tAccount Name:\t\tVICTIM-SERVER$\n\tAccount Domain:\t\tSEPSES.LOCAL\n\tLogon ID:\t\t0x4F4AF88\n\tLinked Logon ID:\t\t0x0\n\tNetwork Account Name:\t-\n\tNetwork Account Domain:\t-\n\tLogon GUID:\t\t{02c9726f-d880-adf6-20cf-88d8df3d793a}\n\nProcess Information:\n\tProcess ID:\t\t0x0\n\tProcess Name:\t\t-\n\nNetwork Information:\n\tWorkstation Name:\t-\n\tSource Network Address:\t10.10.30.4\n\tSource Port:\t\t52794\n\nDetailed Authentication Information:\n\tLogon Process:\t\tKerberos\n\tAuthentication Package:\tKerberos\n\tTransited Services:\t-\n\tPackage Name (NTLM only):\t-\n\tKey Length:\t\t0\n\nThis event is generated when a logon session is created. It is generated on the computer that was accessed.\n\nThe subject fields indicate the account on the local system which requested the logon. This is most commonly a service such as the Server service, or a local process such as Winlogon.exe or Services.exe.\n\nThe logon type field indicates the kind of logon that occurred. The most common types are 2 (interactive) and 3 (network).\n\nThe New Logon fields indicate the account for whom the new logon was created, i.e. the account that was logged on.\n\nThe network fields indicate where a remote logon request originated. Workstation name is not always available and may be left blank in some cases.\n\nThe impersonation level field indicates the extent to which a process in the logon session can impersonate.\n\nThe authentication information fields provide detailed information about this specific logon request.\n\t- Logon GUID is a unique identifier that can be used to correlate this event with a KDC event.\n\t- Transited services indicate which intermediate services have participated in this logon request.\n\t- Package name indicates which sub-protocol was used among the NTLM protocols.\n\t- Key length indicates the length of the generated session key. This will be 0 if no session key was requested." ;
        <https://w3id.org/sepses/vocab/log/coreLog#originatesFrom>
                <http://w3id.org/sepses/resource/host#victim-server> ;
        <https://w3id.org/sepses/vocab/log/coreLog#timestamp>
                "2020-06-30T21:36:11.454Z"^^<http://www.w3.org/2001/XMLSchema#dateTime> ;
        <https://w3id.org/sepses/vocab/log/win-event#eventAction>
                <http://w3id.org/sepses/resource/event/action#logged-in> ;
        <https://w3id.org/sepses/vocab/log/win-event#eventChannel>
                <http://w3id.org/sepses/resource/event/channel#Security> ;
        <https://w3id.org/sepses/vocab/log/win-event#eventId>
                <http://w3id.org/sepses/resource/event/id#4624> ;
        <https://w3id.org/sepses/vocab/log/win-event#eventProvider>
                <http://w3id.org/sepses/resource/event/provider#Microsoft-Windows-Security-Auditing> ;
        <https://w3id.org/sepses/vocab/log/win-event#hasUser>
                <http://w3id.org/sepses/resource/user#-> ;
        <https://w3id.org/sepses/vocab/log/win-event#pid>
                <http://w3id.org/sepses/resource/process/id#628> .

<http://w3id.org/sepses/resource/win-event#LogEntry-e833e8b9-3634-43f3-8727-6a00ebce1fc9>
        a       <https://w3id.org/sepses/vocab/log/win-event#Winlog> ;
        <https://w3id.org/sepses/vocab/log/coreLog#logLevel>
                <http://w3id.org/sepses/resource/loglevel#information> ;
        <https://w3id.org/sepses/vocab/log/coreLog#message>
                "An account was successfully logged on.\n\nSubject:\n\tSecurity ID:\t\tS-1-0-0\n\tAccount Name:\t\t-\n\tAccount Domain:\t\t-\n\tLogon ID:\t\t0x0\n\nLogon Information:\n\tLogon Type:\t\t3\n\tRestricted Admin Mode:\t-\n\tVirtual Account:\t\tNo\n\tElevated Token:\t\tYes\n\nImpersonation Level:\t\tImpersonation\n\nNew Logon:\n\tSecurity ID:\t\tS-1-5-18\n\tAccount Name:\t\tVICTIM-SERVER$\n\tAccount Domain:\t\tSEPSES.LOCAL\n\tLogon ID:\t\t0x4FB46FB\n\tLinked Logon ID:\t\t0x0\n\tNetwork Account Name:\t-\n\tNetwork Account Domain:\t-\n\tLogon GUID:\t\t{02c9726f-d880-adf6-20cf-88d8df3d793a}\n\nProcess Information:\n\tProcess ID:\t\t0x0\n\tProcess Name:\t\t-\n\nNetwork Information:\n\tWorkstation Name:\t-\n\tSource Network Address:\t10.10.30.4\n\tSource Port:\t\t52886\n\nDetailed Authentication Information:\n\tLogon Process:\t\tKerberos\n\tAuthentication Package:\tKerberos\n\tTransited Services:\t-\n\tPackage Name (NTLM only):\t-\n\tKey Length:\t\t0\n\nThis event is generated when a logon session is created. It is generated on the computer that was accessed.\n\nThe subject fields indicate the account on the local system which requested the logon. This is most commonly a service such as the Server service, or a local process such as Winlogon.exe or Services.exe.\n\nThe logon type field indicates the kind of logon that occurred. The most common types are 2 (interactive) and 3 (network).\n\nThe New Logon fields indicate the account for whom the new logon was created, i.e. the account that was logged on.\n\nThe network fields indicate where a remote logon request originated. Workstation name is not always available and may be left blank in some cases.\n\nThe impersonation level field indicates the extent to which a process in the logon session can impersonate.\n\nThe authentication information fields provide detailed information about this specific logon request.\n\t- Logon GUID is a unique identifier that can be used to correlate this event with a KDC event.\n\t- Transited services indicate which intermediate services have participated in this logon request.\n\t- Package name indicates which sub-protocol was used among the NTLM protocols.\n\t- Key length indicates the length of the generated session key. This will be 0 if no session key was requested." ;
        <https://w3id.org/sepses/vocab/log/coreLog#originatesFrom>
                <http://w3id.org/sepses/resource/host#victim-server> ;
        <https://w3id.org/sepses/vocab/log/coreLog#timestamp>
                "2020-06-30T21:51:13.218Z"^^<http://www.w3.org/2001/XMLSchema#dateTime> ;
        <https://w3id.org/sepses/vocab/log/win-event#eventAction>
                <http://w3id.org/sepses/resource/event/action#logged-in> ;
        <https://w3id.org/sepses/vocab/log/win-event#eventChannel>
                <http://w3id.org/sepses/resource/event/channel#Security> ;
        <https://w3id.org/sepses/vocab/log/win-event#eventId>
                <http://w3id.org/sepses/resource/event/id#4624> ;
        <https://w3id.org/sepses/vocab/log/win-event#eventProvider>
                <http://w3id.org/sepses/resource/event/provider#Microsoft-Windows-Security-Auditing> ;
        <https://w3id.org/sepses/vocab/log/win-event#hasUser>
                <http://w3id.org/sepses/resource/user#-> ;
        <https://w3id.org/sepses/vocab/log/win-event#pid>
                <http://w3id.org/sepses/resource/process/id#628> .

<http://w3id.org/sepses/resource/win-event#LogEntry-6d8e1646-6f14-41cd-8ff8-60f817ba60fc>
        a       <https://w3id.org/sepses/vocab/log/packet#PacketLog> ;
        <https://w3id.org/sepses/vocab/log/coreLog#originatesFrom>
                <http://w3id.org/sepses/resource/host#logcollector> ;
        <https://w3id.org/sepses/vocab/log/coreLog#timestamp>
                "2020-06-30T14:50:40.003Z"^^<http://www.w3.org/2001/XMLSchema#dateTime> ;
        <https://w3id.org/sepses/vocab/log/win-event#eventAction>
                <http://w3id.org/sepses/resource/event/action#network_flow> ;
        <https://w3id.org/sepses/vocab/log/win-event#eventCategory>
                <http://w3id.org/sepses/resource/event/category#network_traffic> ;
        <https://w3id.org/sepses/vocab/log/win-event#eventEnd>
                "2020-06-30T14:49:59.496Z"^^<http://www.w3.org/2001/XMLSchema#dateTime> ;
        <https://w3id.org/sepses/vocab/log/win-event#eventStart>
                "2020-06-30T14:49:59.496Z"^^<http://www.w3.org/2001/XMLSchema#dateTime> .

<http://w3id.org/sepses/resource/win-event#LogEntry-db62c598-7f21-4344-b679-968f95452ef0>
        a       <https://w3id.org/sepses/vocab/log/audit#AuditLog> ;
        <https://w3id.org/sepses/vocab/log/coreLog#message>
                "Process powershell.exe (PID: 4812) by user LOGCOLLECTOR\\Administrator STARTED" ;
        <https://w3id.org/sepses/vocab/log/coreLog#originatesFrom>
                <http://w3id.org/sepses/resource/host#logcollector> ;
        <https://w3id.org/sepses/vocab/log/coreLog#timestamp>
                "2020-06-30T14:49:24.599Z"^^<http://www.w3.org/2001/XMLSchema#dateTime> ;
        <https://w3id.org/sepses/vocab/log/win-event#eventAction>
                <http://w3id.org/sepses/resource/event/action#process_started> ;
        <https://w3id.org/sepses/vocab/log/win-event#eventCategory>
                <http://w3id.org/sepses/resource/event/action#process> ;
        <https://w3id.org/sepses/vocab/log/win-event#exe>
                "C:\\Windows\\System32\\WindowsPowerShell\\v1.0\\powershell.exe" ;
        <https://w3id.org/sepses/vocab/log/win-event#hasUser>
                <http://w3id.org/sepses/resource/user#LOGCOLLECTOR%5cAdministrator> ;
        <https://w3id.org/sepses/vocab/log/win-event#pid>
                <http://w3id.org/sepses/resource/process/id#4812> ;
        <https://w3id.org/sepses/vocab/log/win-event#ppid>
                <http://w3id.org/sepses/resource/process/id#8156> ;
        <https://w3id.org/sepses/vocab/log/win-event#processArgs>
                "-ExecutionPolicy" , "Bypass" , "Set-Location -Path \"C:\\Users\\Administrator\\Desktop\";if(Test-Path -LiteralPath \"$env:appdata\\Microsoft\\kxwn.lock\"){  Remove-Item \"$env:appdata\\Microsoft\\kxwn.lock\" -Force;  Write-Host \"Removed old kxwn.lock file\";}powershell.exe Get-Content '.\\2016_United_States_presidential_election_-_Wikipedia.html' -Stream schemas | IEX;" , "-C" , "powershell.exe" ;
        <https://w3id.org/sepses/vocab/log/win-event#processDir>
                "C:\\Users\\Administrator" ;
        <https://w3id.org/sepses/vocab/log/win-event#processName>
                <http://w3id.org/sepses/resource/event/process#powershell.exe> .

<http://w3id.org/sepses/resource/win-event#LogEntry-b1124596-3a02-4227-a459-1c761fb05562>
        a       <https://w3id.org/sepses/vocab/log/win-event#Winlog> ;
        <https://w3id.org/sepses/vocab/log/coreLog#logLevel>
                <http://w3id.org/sepses/resource/loglevel#information> ;
        <https://w3id.org/sepses/vocab/log/coreLog#message>
                "Special privileges assigned to new logon.\n\nSubject:\n\tSecurity ID:\t\tS-1-5-18\n\tAccount Name:\t\tSYSTEM\n\tAccount Domain:\t\tNT AUTHORITY\n\tLogon ID:\t\t0x3E7\n\nPrivileges:\t\tSeAssignPrimaryTokenPrivilege\n\t\t\tSeTcbPrivilege\n\t\t\tSeSecurityPrivilege\n\t\t\tSeTakeOwnershipPrivilege\n\t\t\tSeLoadDriverPrivilege\n\t\t\tSeBackupPrivilege\n\t\t\tSeRestorePrivilege\n\t\t\tSeDebugPrivilege\n\t\t\tSeAuditPrivilege\n\t\t\tSeSystemEnvironmentPrivilege\n\t\t\tSeImpersonatePrivilege\n\t\t\tSeDelegateSessionUserImpersonatePrivilege" ;
        <https://w3id.org/sepses/vocab/log/coreLog#originatesFrom>
                <http://w3id.org/sepses/resource/host#victim-w2> ;
        <https://w3id.org/sepses/vocab/log/coreLog#timestamp>
                "2020-06-30T21:51:50.384Z"^^<http://www.w3.org/2001/XMLSchema#dateTime> ;
        <https://w3id.org/sepses/vocab/log/win-event#eventAction>
                <http://w3id.org/sepses/resource/event/action#logged-in-special> ;
        <https://w3id.org/sepses/vocab/log/win-event#eventChannel>
                <http://w3id.org/sepses/resource/event/channel#Security> ;
        <https://w3id.org/sepses/vocab/log/win-event#eventId>
                <http://w3id.org/sepses/resource/event/id#4672> ;
        <https://w3id.org/sepses/vocab/log/win-event#eventProvider>
                <http://w3id.org/sepses/resource/event/provider#Microsoft-Windows-Security-Auditing> ;
        <https://w3id.org/sepses/vocab/log/win-event#hasUser>
                <http://w3id.org/sepses/resource/user#SYSTEM> ;
        <https://w3id.org/sepses/vocab/log/win-event#pid>
                <http://w3id.org/sepses/resource/process/id#680> .

<http://w3id.org/sepses/resource/win-event#LogEntry-70131fed-9dcb-4eb3-8d09-df38ba1f0d73>
        a       <https://w3id.org/sepses/vocab/log/win-event#Winlog> ;
        <https://w3id.org/sepses/vocab/log/coreLog#logLevel>
                <http://w3id.org/sepses/resource/loglevel#information> ;
        <https://w3id.org/sepses/vocab/log/coreLog#message>
                "An account was logged off.\n\nSubject:\n\tSecurity ID:\t\tS-1-5-18\n\tAccount Name:\t\tVICTIM-SERVER$\n\tAccount Domain:\t\tSEPSES\n\tLogon ID:\t\t0x4FD0D60\n\nLogon Type:\t\t\t3\n\nThis event is generated when a logon session is destroyed. It may be positively correlated with a logon event using the Logon ID value. Logon IDs are only unique between reboots on the same computer." ;
        <https://w3id.org/sepses/vocab/log/coreLog#originatesFrom>
                <http://w3id.org/sepses/resource/host#victim-server> ;
        <https://w3id.org/sepses/vocab/log/coreLog#timestamp>
                "2020-06-30T21:55:07.460Z"^^<http://www.w3.org/2001/XMLSchema#dateTime> ;
        <https://w3id.org/sepses/vocab/log/win-event#eventAction>
                <http://w3id.org/sepses/resource/event/action#logged-out> ;
        <https://w3id.org/sepses/vocab/log/win-event#eventChannel>
                <http://w3id.org/sepses/resource/event/channel#Security> ;
        <https://w3id.org/sepses/vocab/log/win-event#eventId>
                <http://w3id.org/sepses/resource/event/id#4634> ;
        <https://w3id.org/sepses/vocab/log/win-event#eventProvider>
                <http://w3id.org/sepses/resource/event/provider#Microsoft-Windows-Security-Auditing> ;
        <https://w3id.org/sepses/vocab/log/win-event#pid>
                <http://w3id.org/sepses/resource/process/id#628> .

<http://w3id.org/sepses/resource/win-event#LogEntry-933d3111-0bfb-4b21-8c2b-8fa0626d7dbc>
        a       <https://w3id.org/sepses/vocab/log/win-event#Winlog> ;
        <https://w3id.org/sepses/vocab/log/coreLog#logLevel>
                <http://w3id.org/sepses/resource/loglevel#information> ;
        <https://w3id.org/sepses/vocab/log/coreLog#message>
                "An account was logged off.\n\nSubject:\n\tSecurity ID:\t\tS-1-5-21-1926381507-2378294993-2946937962-1106\n\tAccount Name:\t\tVICTIM-W2$\n\tAccount Domain:\t\tSEPSES\n\tLogon ID:\t\t0x4F4D268\n\nLogon Type:\t\t\t3\n\nThis event is generated when a logon session is destroyed. It may be positively correlated with a logon event using the Logon ID value. Logon IDs are only unique between reboots on the same computer." ;
        <https://w3id.org/sepses/vocab/log/coreLog#originatesFrom>
                <http://w3id.org/sepses/resource/host#victim-server> ;
        <https://w3id.org/sepses/vocab/log/coreLog#timestamp>
                "2020-06-30T21:36:40.653Z"^^<http://www.w3.org/2001/XMLSchema#dateTime> ;
        <https://w3id.org/sepses/vocab/log/win-event#eventAction>
                <http://w3id.org/sepses/resource/event/action#logged-out> ;
        <https://w3id.org/sepses/vocab/log/win-event#eventChannel>
                <http://w3id.org/sepses/resource/event/channel#Security> ;
        <https://w3id.org/sepses/vocab/log/win-event#eventId>
                <http://w3id.org/sepses/resource/event/id#4634> ;
        <https://w3id.org/sepses/vocab/log/win-event#eventProvider>
                <http://w3id.org/sepses/resource/event/provider#Microsoft-Windows-Security-Auditing> ;
        <https://w3id.org/sepses/vocab/log/win-event#pid>
                <http://w3id.org/sepses/resource/process/id#628> .

